2026-05-08 10:17:13,456 - CvAutomation - INFO - Updated CV saved to: C:\Users\catch\Desktop\Cv Automation\outputs\08-05-26\Deutsche_Börse_Group\Madhav_Manohar_Gopal_CV_Deutsche_Börse_Group_Ireland.docx
2026-05-08 10:17:13,457 - CvAutomation - INFO - Replaced: 26, Added: 3, Removed: 0 bullet points
2026-05-08 10:17:13,457 - CvAutomation - DEBUG - Cleaning up trailing empty paragraphs...
2026-05-08 10:17:23,241 - CvAutomation - INFO - PDF created: C:\Users\catch\Desktop\Cv Automation\outputs\08-05-26\Deutsche_Börse_Group\Madhav_Manohar_Gopal_CV_Deutsche_Börse_Group_Ireland.pdf
2026-05-08 10:17:23,437 - CvAutomation - INFO - Generated CV for Deutsche Börse Group in Ireland
2026-05-08 10:17:30,494 - CvAutomation - INFO - PDF created: C:\Users\catch\Desktop\Cv Automation\outputs\08-05-26\Deutsche_Börse_Group\Madhav_Manohar_Gopal_Cover_Letter_Deutsche_Börse_Group_Ireland.pdf
2026-05-08 10:17:30,518 - CvAutomation - INFO - Generated Cover Letter for Deutsche Börse Group
2026-05-08 10:31:28,354 - CvAutomation - INFO - Updated CV saved to: C:\Users\catch\Desktop\Cv Automation\outputs\08-05-26\Crc_Central_Remedial_Clinic\Madhav_Manohar_Gopal_CV_Crc_Central_Remedial_Clinic_Ireland.docx
2026-05-08 10:31:28,354 - CvAutomation - INFO - Replaced: 26, Added: 3, Removed: 0 bullet points
2026-05-08 10:31:28,354 - CvAutomation - DEBUG - Cleaning up trailing empty paragraphs...
2026-05-08 10:31:32,114 - CvAutomation - INFO - PDF created: C:\Users\catch\Desktop\Cv Automation\outputs\08-05-26\Crc_Central_Remedial_Clinic\Madhav_Manohar_Gopal_CV_Crc_Central_Remedial_Clinic_Ireland.pdf
2026-05-08 10:31:32,201 - CvAutomation - INFO - Generated CV for Crc Central Remedial Clinic in Ireland
2026-05-08 10:32:00,040 - CvAutomation - INFO - Updated CV saved to: C:\Users\catch\Desktop\Cv Automation\outputs\08-05-26\Crc_Central_Remedial_Clinic\Madhav_Manohar_Gopal_CV_Crc_Central_Remedial_Clinic_Ireland.docx
2026-05-08 10:32:00,040 - CvAutomation - INFO - Replaced: 26, Added: 3, Removed: 0 bullet points
2026-05-08 10:32:00,040 - CvAutomation - DEBUG - Cleaning up trailing empty paragraphs...
2026-05-08 10:32:03,710 - CvAutomation - INFO - PDF created: C:\Users\catch\Desktop\Cv Automation\outputs\08-05-26\Crc_Central_Remedial_Clinic\Madhav_Manohar_Gopal_CV_Crc_Central_Remedial_Clinic_Ireland.pdf
2026-05-08 10:32:03,828 - CvAutomation - INFO - Generated CV for Crc Central Remedial Clinic in Ireland
2026-05-08 10:32:08,607 - CvAutomation - INFO - PDF created: C:\Users\catch\Desktop\Cv Automation\outputs\08-05-26\Crc_Central_Remedial_Clinic\Madhav_Manohar_Gopal_Cover_Letter_Crc_Central_Remedial_Clinic_Ireland.pdf
2026-05-08 10:32:08,646 - CvAutomation - INFO - Generated Cover Letter for Crc Central Remedial Clinic
2026-05-08 10:56:41,093 - CvAutomation - INFO - PDF created: C:\Users\catch\Desktop\Cv Automation\outputs\08-05-26\Crc_Central_Remedial_Clinic\Madhav_Manohar_Gopal_Cover_Letter_Crc_Central_Remedial_Clinic_Ireland.pdf
2026-05-08 10:56:41,121 - CvAutomation - INFO - Generated Cover Letter for Crc Central Remedial Clinic
2026-05-08 11:05:21,243 - CvAutomation - INFO - PDF created: C:\Users\catch\Desktop\Cv Automation\outputs\08-05-26\Crc_Central_Remedial_Clinic\Madhav_Manohar_Gopal_Cover_Letter_Crc_Central_Remedial_Clinic_Ireland.pdf
2026-05-08 11:05:21,266 - CvAutomation - INFO - Generated Cover Letter for Crc Central Remedial Clinic
2026-05-08 12:35:12,461 - CvAutomation - INFO - Updated CV saved to: C:\Users\catch\Desktop\Cv Automation\outputs\08-05-26\Linear_Search\Madhav_Manohar_Gopal_CV_Linear_Search_Ireland.docx
2026-05-08 12:35:12,462 - CvAutomation - INFO - Replaced: 26, Added: 3, Removed: 0 bullet points
2026-05-08 12:35:12,463 - CvAutomation - DEBUG - Cleaning up trailing empty paragraphs...
2026-05-08 12:35:18,691 - CvAutomation - INFO - PDF created: C:\Users\catch\Desktop\Cv Automation\outputs\08-05-26\Linear_Search\Madhav_Manohar_Gopal_CV_Linear_Search_Ireland.pdf
2026-05-08 12:35:18,892 - CvAutomation - INFO - Generated CV for Linear Search in Ireland
2026-05-08 15:40:02,741 - CvAutomation - INFO - Updated CV saved to: C:\Users\catch\Desktop\Cv Automation\outputs\08-05-26\Cognizant\Madhav_Manohar_Gopal_CV_Cognizant_Ireland.docx
2026-05-08 15:40:02,741 - CvAutomation - INFO - Replaced: 26, Added: 1, Removed: 0 bullet points
2026-05-08 15:40:02,741 - CvAutomation - DEBUG - Cleaning up trailing empty paragraphs...
2026-05-08 15:40:09,283 - CvAutomation - INFO - PDF created: C:\Users\catch\Desktop\Cv Automation\outputs\08-05-26\Cognizant\Madhav_Manohar_Gopal_CV_Cognizant_Ireland.pdf
2026-05-08 15:40:09,393 - CvAutomation - INFO - Generated CV for Cognizant in Ireland
2026-05-08 19:55:16,330 - CvAutomation - INFO - Updated CV saved to: C:\Users\catch\Desktop\Cv Automation\outputs\08-05-26\Dublin_City_University\Madhav_Manohar_Gopal_CV_Dublin_City_University_Ireland.docx
2026-05-08 19:55:16,331 - CvAutomation - INFO - Replaced: 26, Added: 7, Removed: 0 bullet points
2026-05-08 19:55:16,331 - CvAutomation - DEBUG - Cleaning up trailing empty paragraphs...
2026-05-08 19:55:22,607 - CvAutomation - INFO - PDF created: C:\Users\catch\Desktop\Cv Automation\outputs\08-05-26\Dublin_City_University\Madhav_Manohar_Gopal_CV_Dublin_City_University_Ireland.pdf
2026-05-08 19:55:22,824 - CvAutomation - INFO - Generated CV for Dublin City University in Ireland
2026-05-08 19:55:26,114 - CvAutomation - INFO - PDF created: C:\Users\catch\Desktop\Cv Automation\outputs\08-05-26\Dublin_City_University\Madhav_Manohar_Gopal_Cover_Letter_Dublin_City_University_Ireland.pdf
2026-05-08 19:55:26,170 - CvAutomation - INFO - Generated Cover Letter for Dublin City University
2026-05-08 19:56:42,640 - CvAutomation - INFO - PDF created: C:\Users\catch\Desktop\Cv Automation\outputs\08-05-26\Dublin_City_University\Madhav_Manohar_Gopal_Cover_Letter_Dublin_City_University_Ireland.pdf
2026-05-08 19:56:42,676 - CvAutomation - INFO - Generated Cover Letter for Dublin City University
2026-05-08 19:57:21,416 - CvAutomation - INFO - PDF created: C:\Users\catch\Desktop\Cv Automation\outputs\08-05-26\Dublin_City_University\Madhav_Manohar_Gopal_Cover_Letter_Dublin_City_University_Ireland.pdf
2026-05-08 19:57:21,457 - CvAutomation - DEBUG - Removing blank/sparse page 2 from PDF (text len: 20)
2026-05-08 19:57:21,470 - CvAutomation - INFO - PDF cleaned: 2 -> 1 pages
2026-05-08 19:57:21,474 - CvAutomation - INFO - Generated Cover Letter for Dublin City University
2026-05-08 19:59:15,938 - CvAutomation - INFO - Updated CV saved to: C:\Users\catch\Desktop\Cv Automation\outputs\08-05-26\Dublin_City_University\Madhav_Manohar_Gopal_CV_Dublin_City_University_Ireland.docx
2026-05-08 19:59:15,938 - CvAutomation - INFO - Replaced: 26, Added: 3, Removed: 0 bullet points
2026-05-08 19:59:15,939 - CvAutomation - DEBUG - Cleaning up trailing empty paragraphs...
2026-05-08 19:59:23,394 - CvAutomation - INFO - PDF created: C:\Users\catch\Desktop\Cv Automation\outputs\08-05-26\Dublin_City_University\Madhav_Manohar_Gopal_CV_Dublin_City_University_Ireland.pdf
2026-05-08 19:59:23,550 - CvAutomation - INFO - Generated CV for Dublin City University in Ireland
2026-05-08 20:01:41,120 - CvAutomation - INFO - Updated CV saved to: C:\Users\catch\Desktop\Cv Automation\outputs\08-05-26\Dublin_City_University\Madhav_Manohar_Gopal_CV_Dublin_City_University_Ireland.docx
2026-05-08 20:01:41,121 - CvAutomation - INFO - Replaced: 24, Added: 2, Removed: 2 bullet points
2026-05-08 20:01:41,121 - CvAutomation - DEBUG - Cleaning up trailing empty paragraphs...
2026-05-08 20:01:44,966 - CvAutomation - INFO - PDF created: C:\Users\catch\Desktop\Cv Automation\outputs\08-05-26\Dublin_City_University\Madhav_Manohar_Gopal_CV_Dublin_City_University_Ireland.pdf
2026-05-08 20:01:45,130 - CvAutomation - INFO - Generated CV for Dublin City University in Ireland
