2026-05-05 20:17:56,641 - CvAutomation - INFO - Updated CV saved to: C:\Users\catch\Desktop\Cv Automation\outputs\05-05-26\Echelon_Data_Centres\Madhav_Manohar_Gopal_CV_Echelon_Data_Centres_Ireland.docx
2026-05-05 20:17:56,642 - CvAutomation - INFO - Replaced: 25, Added: 1, Removed: 1 bullet points
2026-05-05 20:17:56,642 - CvAutomation - DEBUG - Cleaning up trailing empty paragraphs...
2026-05-05 20:18:07,110 - CvAutomation - INFO - PDF created: C:\Users\catch\Desktop\Cv Automation\outputs\05-05-26\Echelon_Data_Centres\Madhav_Manohar_Gopal_CV_Echelon_Data_Centres_Ireland.pdf
2026-05-05 20:18:07,251 - CvAutomation - INFO - Generated CV for Echelon Data Centres in Ireland
2026-05-05 20:18:13,500 - CvAutomation - INFO - PDF created: C:\Users\catch\Desktop\Cv Automation\outputs\05-05-26\Echelon_Data_Centres\Madhav_Manohar_Gopal_Cover_Letter_Echelon_Data_Centres_Ireland.pdf
2026-05-05 20:18:13,580 - CvAutomation - INFO - Generated Cover Letter for Echelon Data Centres
2026-05-05 20:27:40,388 - CvAutomation - INFO - Updated CV saved to: C:\Users\catch\Desktop\Cv Automation\outputs\05-05-26\Rws_Group\Madhav_Manohar_Gopal_CV_Rws_Group_Ireland.docx
2026-05-05 20:27:40,388 - CvAutomation - INFO - Replaced: 24, Added: 0, Removed: 2 bullet points
2026-05-05 20:27:40,389 - CvAutomation - DEBUG - Cleaning up trailing empty paragraphs...
2026-05-05 20:27:46,755 - CvAutomation - INFO - PDF created: C:\Users\catch\Desktop\Cv Automation\outputs\05-05-26\Rws_Group\Madhav_Manohar_Gopal_CV_Rws_Group_Ireland.pdf
2026-05-05 20:27:46,881 - CvAutomation - INFO - Generated CV for Rws Group in Ireland
2026-05-05 20:27:51,199 - CvAutomation - INFO - PDF created: C:\Users\catch\Desktop\Cv Automation\outputs\05-05-26\Rws_Group\Madhav_Manohar_Gopal_Cover_Letter_Rws_Group_Ireland.pdf
2026-05-05 20:27:51,261 - CvAutomation - INFO - Generated Cover Letter for Rws Group
2026-05-05 20:40:18,215 - CvAutomation - INFO - Updated CV saved to: C:\Users\catch\Desktop\Cv Automation\outputs\05-05-26\Agoda\Madhav_Manohar_Gopal_CV_Agoda_Ireland.docx
2026-05-05 20:40:18,216 - CvAutomation - INFO - Replaced: 25, Added: 0, Removed: 1 bullet points
2026-05-05 20:40:18,216 - CvAutomation - DEBUG - Cleaning up trailing empty paragraphs...
2026-05-05 20:40:23,623 - CvAutomation - INFO - PDF created: C:\Users\catch\Desktop\Cv Automation\outputs\05-05-26\Agoda\Madhav_Manohar_Gopal_CV_Agoda_Ireland.pdf
2026-05-05 20:40:23,706 - CvAutomation - INFO - Generated CV for Agoda in Ireland
2026-05-05 20:40:57,279 - CvAutomation - INFO - Updated CV saved to: C:\Users\catch\Desktop\Cv Automation\outputs\05-05-26\Agoda\Madhav_Manohar_Gopal_CV_Agoda_Ireland.docx
2026-05-05 20:40:57,279 - CvAutomation - INFO - Replaced: 25, Added: 0, Removed: 1 bullet points
2026-05-05 20:40:57,279 - CvAutomation - DEBUG - Cleaning up trailing empty paragraphs...
2026-05-05 20:41:02,056 - CvAutomation - INFO - PDF created: C:\Users\catch\Desktop\Cv Automation\outputs\05-05-26\Agoda\Madhav_Manohar_Gopal_CV_Agoda_Ireland.pdf
2026-05-05 20:41:02,142 - CvAutomation - INFO - Generated CV for Agoda in Ireland
2026-05-05 20:49:44,364 - CvAutomation - INFO - Updated CV saved to: C:\Users\catch\Desktop\Cv Automation\outputs\05-05-26\Codebasics\Madhav_Manohar_Gopal_CV_Codebasics_India.docx
2026-05-05 20:49:44,365 - CvAutomation - INFO - Replaced: 20, Added: 0, Removed: 6 bullet points
2026-05-05 20:49:44,365 - CvAutomation - DEBUG - Cleaning up trailing empty paragraphs...
2026-05-05 20:49:49,126 - CvAutomation - INFO - PDF created: C:\Users\catch\Desktop\Cv Automation\outputs\05-05-26\Codebasics\Madhav_Manohar_Gopal_CV_Codebasics_India.pdf
2026-05-05 20:49:49,213 - CvAutomation - INFO - Generated CV for Codebasics in India
