2026-04-04 09:10:29,230 - CvAutomation - INFO - Updated CV saved to: C:\Users\catch\Desktop\Cv Automation\outputs\04-04-26\Trulioo\Madhav_Manohar_Gopal_CV_Trulioo_Ireland.docx
2026-04-04 09:10:29,231 - CvAutomation - INFO - Replaced: 20, Added: 0, Removed: 1 bullet points
2026-04-04 09:10:29,231 - CvAutomation - DEBUG - Cleaning up trailing empty paragraphs...
2026-04-04 09:10:41,835 - CvAutomation - INFO - PDF created: C:\Users\catch\Desktop\Cv Automation\outputs\04-04-26\Trulioo\Madhav_Manohar_Gopal_CV_Trulioo_Ireland.pdf
2026-04-04 09:10:41,959 - CvAutomation - INFO - Generated CV for Trulioo in Ireland
2026-04-04 09:10:50,008 - CvAutomation - INFO - PDF created: C:\Users\catch\Desktop\Cv Automation\outputs\04-04-26\Trulioo\Madhav_Manohar_Gopal_Cover_Letter_Trulioo_Ireland.pdf
2026-04-04 09:10:50,055 - CvAutomation - INFO - Generated Cover Letter for Trulioo
2026-04-04 09:31:39,058 - CvAutomation - INFO - Updated CV saved to: C:\Users\catch\Desktop\Cv Automation\outputs\04-04-26\Irish_College_Of_Gps\Madhav_Manohar_Gopal_CV_Irish_College_Of_Gps_Ireland.docx
2026-04-04 09:31:39,060 - CvAutomation - INFO - Replaced: 20, Added: 0, Removed: 1 bullet points
2026-04-04 09:31:39,060 - CvAutomation - DEBUG - Cleaning up trailing empty paragraphs...
2026-04-04 09:31:44,563 - CvAutomation - INFO - PDF created: C:\Users\catch\Desktop\Cv Automation\outputs\04-04-26\Irish_College_Of_Gps\Madhav_Manohar_Gopal_CV_Irish_College_Of_Gps_Ireland.pdf
2026-04-04 09:31:44,657 - CvAutomation - INFO - Generated CV for Irish College Of Gps in Ireland
2026-04-04 09:31:49,978 - CvAutomation - INFO - PDF created: C:\Users\catch\Desktop\Cv Automation\outputs\04-04-26\Irish_College_Of_Gps\Madhav_Manohar_Gopal_Cover_Letter_Irish_College_Of_Gps_Ireland.pdf
2026-04-04 09:31:50,019 - CvAutomation - INFO - Generated Cover Letter for Irish College Of Gps
2026-04-04 09:49:27,494 - CvAutomation - INFO - Updated CV saved to: C:\Users\catch\Desktop\Cv Automation\outputs\04-04-26\Darwin_Hawkins\Madhav_Manohar_Gopal_CV_Darwin_Hawkins_Ireland.docx
2026-04-04 09:49:27,494 - CvAutomation - INFO - Replaced: 21, Added: 0, Removed: 0 bullet points
2026-04-04 09:49:27,494 - CvAutomation - DEBUG - Cleaning up trailing empty paragraphs...
2026-04-04 09:49:34,404 - CvAutomation - INFO - PDF created: C:\Users\catch\Desktop\Cv Automation\outputs\04-04-26\Darwin_Hawkins\Madhav_Manohar_Gopal_CV_Darwin_Hawkins_Ireland.pdf
2026-04-04 09:49:34,504 - CvAutomation - INFO - Generated CV for Darwin Hawkins in Ireland
2026-04-04 10:00:09,192 - CvAutomation - INFO - Updated CV saved to: C:\Users\catch\Desktop\Cv Automation\outputs\04-04-26\Central_Bank_Of_Ireland\Madhav_Manohar_Gopal_CV_Central_Bank_Of_Ireland_Ireland.docx
2026-04-04 10:00:09,192 - CvAutomation - INFO - Replaced: 21, Added: 3, Removed: 0 bullet points
2026-04-04 10:00:09,192 - CvAutomation - DEBUG - Cleaning up trailing empty paragraphs...
2026-04-04 10:00:15,045 - CvAutomation - INFO - PDF created: C:\Users\catch\Desktop\Cv Automation\outputs\04-04-26\Central_Bank_Of_Ireland\Madhav_Manohar_Gopal_CV_Central_Bank_Of_Ireland_Ireland.pdf
2026-04-04 10:00:15,147 - CvAutomation - INFO - Generated CV for Central Bank Of Ireland in Ireland
2026-04-04 10:00:44,513 - CvAutomation - INFO - Updated CV saved to: C:\Users\catch\Desktop\Cv Automation\outputs\04-04-26\Central_Bank_Of_Ireland\Madhav_Manohar_Gopal_CV_Central_Bank_Of_Ireland_Ireland.docx
2026-04-04 10:00:44,514 - CvAutomation - INFO - Replaced: 21, Added: 3, Removed: 0 bullet points
2026-04-04 10:00:44,514 - CvAutomation - DEBUG - Cleaning up trailing empty paragraphs...
2026-04-04 10:00:50,609 - CvAutomation - INFO - PDF created: C:\Users\catch\Desktop\Cv Automation\outputs\04-04-26\Central_Bank_Of_Ireland\Madhav_Manohar_Gopal_CV_Central_Bank_Of_Ireland_Ireland.pdf
2026-04-04 10:00:50,713 - CvAutomation - INFO - Generated CV for Central Bank Of Ireland in Ireland
2026-04-04 10:00:54,507 - CvAutomation - INFO - PDF created: C:\Users\catch\Desktop\Cv Automation\outputs\04-04-26\Central_Bank_Of_Ireland\Madhav_Manohar_Gopal_Cover_Letter_Central_Bank_Of_Ireland_Ireland.pdf
2026-04-04 10:00:54,539 - CvAutomation - INFO - Generated Cover Letter for Central Bank Of Ireland
2026-04-04 10:04:59,498 - CvAutomation - INFO - Updated CV saved to: C:\Users\catch\Desktop\Cv Automation\outputs\04-04-26\Central_Bank_Of_Ireland\Madhav_Manohar_Gopal_CV_Central_Bank_Of_Ireland_Ireland.docx
2026-04-04 10:04:59,499 - CvAutomation - INFO - Replaced: 21, Added: 5, Removed: 0 bullet points
2026-04-04 10:04:59,499 - CvAutomation - DEBUG - Cleaning up trailing empty paragraphs...
2026-04-04 10:05:04,020 - CvAutomation - INFO - PDF created: C:\Users\catch\Desktop\Cv Automation\outputs\04-04-26\Central_Bank_Of_Ireland\Madhav_Manohar_Gopal_CV_Central_Bank_Of_Ireland_Ireland.pdf
2026-04-04 10:05:04,114 - CvAutomation - INFO - Generated CV for Central Bank Of Ireland in Ireland
2026-04-04 10:13:07,943 - CvAutomation - INFO - Updated CV saved to: C:\Users\catch\Desktop\Cv Automation\outputs\04-04-26\Novo_Nordisk\Madhav_Manohar_Gopal_CV_Novo_Nordisk_Denmark.docx
2026-04-04 10:13:07,943 - CvAutomation - INFO - Replaced: 20, Added: 2, Removed: 1 bullet points
2026-04-04 10:13:07,943 - CvAutomation - DEBUG - Cleaning up trailing empty paragraphs...
2026-04-04 10:13:13,898 - CvAutomation - INFO - PDF created: C:\Users\catch\Desktop\Cv Automation\outputs\04-04-26\Novo_Nordisk\Madhav_Manohar_Gopal_CV_Novo_Nordisk_Denmark.pdf
2026-04-04 10:13:13,987 - CvAutomation - INFO - Generated CV for Novo Nordisk in Denmark
2026-04-04 10:13:16,155 - CvAutomation - INFO - PDF created: C:\Users\catch\Desktop\Cv Automation\outputs\04-04-26\Novo_Nordisk\Madhav_Manohar_Gopal_Cover_Letter_Novo_Nordisk_Denmark.pdf
2026-04-04 10:13:16,191 - CvAutomation - INFO - Generated Cover Letter for Novo Nordisk
2026-04-04 10:21:48,408 - CvAutomation - INFO - Updated CV saved to: C:\Users\catch\Desktop\Cv Automation\outputs\04-04-26\Devies_Digital_Core\Madhav_Manohar_Gopal_CV_Devies_Digital_Core_Sweden.docx
2026-04-04 10:21:48,408 - CvAutomation - INFO - Replaced: 20, Added: 1, Removed: 1 bullet points
2026-04-04 10:21:48,408 - CvAutomation - DEBUG - Cleaning up trailing empty paragraphs...
2026-04-04 10:21:54,383 - CvAutomation - INFO - PDF created: C:\Users\catch\Desktop\Cv Automation\outputs\04-04-26\Devies_Digital_Core\Madhav_Manohar_Gopal_CV_Devies_Digital_Core_Sweden.pdf
2026-04-04 10:21:54,469 - CvAutomation - INFO - Generated CV for Devies Digital Core in Sweden
2026-04-04 10:48:36,312 - CvAutomation - INFO - Updated CV saved to: C:\Users\catch\Desktop\Cv Automation\outputs\04-04-26\Fruition_Group\Madhav_Manohar_Gopal_CV_Fruition_Group_Ireland.docx
2026-04-04 10:48:36,312 - CvAutomation - INFO - Replaced: 20, Added: 4, Removed: 1 bullet points
2026-04-04 10:48:36,313 - CvAutomation - DEBUG - Cleaning up trailing empty paragraphs...
2026-04-04 10:48:41,296 - CvAutomation - INFO - PDF created: C:\Users\catch\Desktop\Cv Automation\outputs\04-04-26\Fruition_Group\Madhav_Manohar_Gopal_CV_Fruition_Group_Ireland.pdf
2026-04-04 10:48:41,484 - CvAutomation - INFO - Generated CV for Fruition Group in Ireland
2026-04-04 10:59:38,078 - CvAutomation - INFO - Updated CV saved to: C:\Users\catch\Desktop\Cv Automation\outputs\04-04-26\Kpmg\Madhav_Manohar_Gopal_CV_Kpmg_Ireland.docx
2026-04-04 10:59:38,078 - CvAutomation - INFO - Replaced: 21, Added: 2, Removed: 0 bullet points
2026-04-04 10:59:38,079 - CvAutomation - DEBUG - Cleaning up trailing empty paragraphs...
2026-04-04 10:59:44,651 - CvAutomation - INFO - PDF created: C:\Users\catch\Desktop\Cv Automation\outputs\04-04-26\Kpmg\Madhav_Manohar_Gopal_CV_Kpmg_Ireland.pdf
2026-04-04 10:59:44,793 - CvAutomation - INFO - Generated CV for Kpmg in Ireland
2026-04-04 20:09:31,730 - CvAutomation - INFO - Updated CV saved to: C:\Users\catch\Desktop\Cv Automation\outputs\04-04-26\Hitachi_Energy\Madhav_Manohar_Gopal_CV_Hitachi_Energy_Sweden.docx
2026-04-04 20:09:31,730 - CvAutomation - INFO - Replaced: 21, Added: 1, Removed: 0 bullet points
2026-04-04 20:09:31,731 - CvAutomation - DEBUG - Cleaning up trailing empty paragraphs...
2026-04-04 20:09:39,581 - CvAutomation - INFO - PDF created: C:\Users\catch\Desktop\Cv Automation\outputs\04-04-26\Hitachi_Energy\Madhav_Manohar_Gopal_CV_Hitachi_Energy_Sweden.pdf
2026-04-04 20:09:39,688 - CvAutomation - INFO - Generated CV for Hitachi Energy in Sweden
2026-04-04 20:13:39,354 - CvAutomation - INFO - PDF created: C:\Users\catch\Desktop\Cv Automation\outputs\04-04-26\Hitachi_Energy\Madhav_Manohar_Gopal_Cover_Letter_Hitachi_Energy_Sweden.pdf
2026-04-04 20:13:39,387 - CvAutomation - INFO - Generated Cover Letter for Hitachi Energy
