2026-02-28 10:39:43,837 - CvAutomation - INFO - Updated CV saved to: C:\Users\catch\Desktop\Cv Automation\outputs\28-02-26\Vestas\Madhav_Manohar_Gopal_CV_Vestas_Denmark.docx
2026-02-28 10:39:43,838 - CvAutomation - INFO - Replaced: 20, Added: 1, Removed: 1 bullet points
2026-02-28 10:39:43,838 - CvAutomation - DEBUG - Cleaning up trailing empty paragraphs...
2026-02-28 10:39:52,781 - CvAutomation - INFO - PDF created: C:\Users\catch\Desktop\Cv Automation\outputs\28-02-26\Vestas\Madhav_Manohar_Gopal_CV_Vestas_Denmark.pdf
2026-02-28 10:39:52,931 - CvAutomation - INFO - Generated CV for Vestas in Denmark
2026-02-28 10:41:40,046 - CvAutomation - INFO - PDF created: C:\Users\catch\Desktop\Cv Automation\outputs\28-02-26\Vestas\Madhav_Manohar_Gopal_Cover_Letter_Vestas_Denmark.pdf
2026-02-28 10:41:40,101 - CvAutomation - INFO - Generated Cover Letter for Vestas
2026-02-28 10:42:44,189 - CvAutomation - INFO - PDF created: C:\Users\catch\Desktop\Cv Automation\outputs\28-02-26\Vestas\Madhav_Manohar_Gopal_Cover_Letter_Vestas_Denmark.pdf
2026-02-28 10:42:44,217 - CvAutomation - INFO - Generated Cover Letter for Vestas
2026-02-28 10:43:23,468 - CvAutomation - INFO - PDF created: C:\Users\catch\Desktop\Cv Automation\outputs\28-02-26\Vestas\Madhav_Manohar_Gopal_Cover_Letter_Vestas_Denmark.pdf
2026-02-28 10:43:23,500 - CvAutomation - INFO - Generated Cover Letter for Vestas
2026-02-28 10:52:53,824 - CvAutomation - INFO - Updated CV saved to: C:\Users\catch\Desktop\Cv Automation\outputs\28-02-26\Karo_Healthcare\Madhav_Manohar_Gopal_CV_Karo_Healthcare_Sweden.docx
2026-02-28 10:52:53,824 - CvAutomation - INFO - Replaced: 19, Added: 0, Removed: 2 bullet points
2026-02-28 10:52:53,825 - CvAutomation - DEBUG - Cleaning up trailing empty paragraphs...
2026-02-28 10:53:00,369 - CvAutomation - INFO - PDF created: C:\Users\catch\Desktop\Cv Automation\outputs\28-02-26\Karo_Healthcare\Madhav_Manohar_Gopal_CV_Karo_Healthcare_Sweden.pdf
2026-02-28 10:53:00,525 - CvAutomation - INFO - Generated CV for Karo Healthcare in Sweden
2026-02-28 10:53:07,074 - CvAutomation - INFO - PDF created: C:\Users\catch\Desktop\Cv Automation\outputs\28-02-26\Karo_Healthcare\Madhav_Manohar_Gopal_Cover_Letter_Karo_Healthcare_Sweden.pdf
2026-02-28 10:53:07,123 - CvAutomation - INFO - Generated Cover Letter for Karo Healthcare
2026-02-28 10:53:19,076 - CvAutomation - INFO - PDF created: C:\Users\catch\Desktop\Cv Automation\outputs\28-02-26\Karo_Healthcare\Madhav_Manohar_Gopal_Cover_Letter_Karo_Healthcare_Sweden.pdf
2026-02-28 10:53:19,121 - CvAutomation - INFO - Generated Cover Letter for Karo Healthcare
2026-02-28 11:07:27,751 - CvAutomation - INFO - Updated CV saved to: C:\Users\catch\Desktop\Cv Automation\outputs\28-02-26\Dsv\Madhav_Manohar_Gopal_CV_Dsv_Ireland.docx
2026-02-28 11:07:27,752 - CvAutomation - INFO - Replaced: 20, Added: 0, Removed: 1 bullet points
2026-02-28 11:07:27,752 - CvAutomation - DEBUG - Cleaning up trailing empty paragraphs...
2026-02-28 11:07:35,806 - CvAutomation - INFO - PDF created: C:\Users\catch\Desktop\Cv Automation\outputs\28-02-26\Dsv\Madhav_Manohar_Gopal_CV_Dsv_Ireland.pdf
2026-02-28 11:07:35,943 - CvAutomation - INFO - Generated CV for Dsv in Ireland
2026-02-28 11:07:42,204 - CvAutomation - INFO - PDF created: C:\Users\catch\Desktop\Cv Automation\outputs\28-02-26\Dsv\Madhav_Manohar_Gopal_Cover_Letter_Dsv_Ireland.pdf
2026-02-28 11:07:42,249 - CvAutomation - INFO - Generated Cover Letter for Dsv
2026-02-28 11:13:31,356 - CvAutomation - INFO - Updated CV saved to: C:\Users\catch\Desktop\Cv Automation\outputs\28-02-26\Dsv\Madhav_Manohar_Gopal_CV_Dsv_Ireland.docx
2026-02-28 11:13:31,357 - CvAutomation - INFO - Replaced: 18, Added: 1, Removed: 3 bullet points
2026-02-28 11:13:31,357 - CvAutomation - DEBUG - Cleaning up trailing empty paragraphs...
2026-02-28 11:13:36,115 - CvAutomation - INFO - PDF created: C:\Users\catch\Desktop\Cv Automation\outputs\28-02-26\Dsv\Madhav_Manohar_Gopal_CV_Dsv_Ireland.pdf
2026-02-28 11:13:36,252 - CvAutomation - INFO - Generated CV for Dsv in Ireland
2026-02-28 11:13:45,368 - CvAutomation - INFO - PDF created: C:\Users\catch\Desktop\Cv Automation\outputs\28-02-26\Dsv\Madhav_Manohar_Gopal_Cover_Letter_Dsv_Ireland.pdf
2026-02-28 11:13:45,396 - CvAutomation - INFO - Generated Cover Letter for Dsv
2026-02-28 11:28:04,296 - CvAutomation - INFO - Updated CV saved to: C:\Users\catch\Desktop\Cv Automation\outputs\28-02-26\Tenth_Revolution_Group\Madhav_Manohar_Gopal_CV_Tenth_Revolution_Group_Sweden.docx
2026-02-28 11:28:04,296 - CvAutomation - INFO - Replaced: 20, Added: 1, Removed: 1 bullet points
2026-02-28 11:28:04,296 - CvAutomation - DEBUG - Cleaning up trailing empty paragraphs...
2026-02-28 11:28:09,998 - CvAutomation - INFO - PDF created: C:\Users\catch\Desktop\Cv Automation\outputs\28-02-26\Tenth_Revolution_Group\Madhav_Manohar_Gopal_CV_Tenth_Revolution_Group_Sweden.pdf
2026-02-28 11:28:10,077 - CvAutomation - INFO - Generated CV for Tenth Revolution Group in Sweden
2026-02-28 11:28:14,549 - CvAutomation - INFO - PDF created: C:\Users\catch\Desktop\Cv Automation\outputs\28-02-26\Tenth_Revolution_Group\Madhav_Manohar_Gopal_Cover_Letter_Tenth_Revolution_Group_Sweden.pdf
2026-02-28 11:28:14,608 - CvAutomation - INFO - Generated Cover Letter for Tenth Revolution Group
2026-02-28 11:35:12,221 - CvAutomation - INFO - Updated CV saved to: C:\Users\catch\Desktop\Cv Automation\outputs\28-02-26\Netlight\Madhav_Manohar_Gopal_CV_Netlight_Sweden.docx
2026-02-28 11:35:12,221 - CvAutomation - INFO - Replaced: 21, Added: 0, Removed: 0 bullet points
2026-02-28 11:35:12,221 - CvAutomation - DEBUG - Cleaning up trailing empty paragraphs...
2026-02-28 11:35:15,955 - CvAutomation - INFO - PDF created: C:\Users\catch\Desktop\Cv Automation\outputs\28-02-26\Netlight\Madhav_Manohar_Gopal_CV_Netlight_Sweden.pdf
2026-02-28 11:35:16,056 - CvAutomation - INFO - Generated CV for Netlight in Sweden
2026-02-28 11:35:20,574 - CvAutomation - INFO - PDF created: C:\Users\catch\Desktop\Cv Automation\outputs\28-02-26\Netlight\Madhav_Manohar_Gopal_Cover_Letter_Netlight_Sweden.pdf
2026-02-28 11:35:20,615 - CvAutomation - INFO - Generated Cover Letter for Netlight
2026-02-28 11:44:18,020 - CvAutomation - INFO - Updated CV saved to: C:\Users\catch\Desktop\Cv Automation\outputs\28-02-26\Evac_Group\Madhav_Manohar_Gopal_CV_Evac_Group_Finland.docx
2026-02-28 11:44:18,020 - CvAutomation - INFO - Replaced: 20, Added: 2, Removed: 1 bullet points
2026-02-28 11:44:18,021 - CvAutomation - DEBUG - Cleaning up trailing empty paragraphs...
2026-02-28 11:44:23,774 - CvAutomation - INFO - PDF created: C:\Users\catch\Desktop\Cv Automation\outputs\28-02-26\Evac_Group\Madhav_Manohar_Gopal_CV_Evac_Group_Finland.pdf
2026-02-28 11:44:23,867 - CvAutomation - INFO - Generated CV for Evac Group in Finland
2026-02-28 11:44:27,172 - CvAutomation - INFO - PDF created: C:\Users\catch\Desktop\Cv Automation\outputs\28-02-26\Evac_Group\Madhav_Manohar_Gopal_Cover_Letter_Evac_Group_Finland.pdf
2026-02-28 11:44:27,198 - CvAutomation - INFO - Generated Cover Letter for Evac Group
2026-02-28 11:44:56,305 - CvAutomation - INFO - Updated CV saved to: C:\Users\catch\Desktop\Cv Automation\outputs\28-02-26\Evac_Group\Madhav_Manohar_Gopal_CV_Evac_Group_Finland.docx
2026-02-28 11:44:56,305 - CvAutomation - INFO - Replaced: 20, Added: 2, Removed: 1 bullet points
2026-02-28 11:44:56,305 - CvAutomation - DEBUG - Cleaning up trailing empty paragraphs...
2026-02-28 11:45:00,577 - CvAutomation - INFO - PDF created: C:\Users\catch\Desktop\Cv Automation\outputs\28-02-26\Evac_Group\Madhav_Manohar_Gopal_CV_Evac_Group_Finland.pdf
2026-02-28 11:45:00,718 - CvAutomation - INFO - Generated CV for Evac Group in Finland
2026-02-28 11:52:57,892 - CvAutomation - INFO - Updated CV saved to: C:\Users\catch\Desktop\Cv Automation\outputs\28-02-26\Metso\Madhav_Manohar_Gopal_CV_Metso_Finland.docx
2026-02-28 11:52:57,892 - CvAutomation - INFO - Replaced: 20, Added: 2, Removed: 1 bullet points
2026-02-28 11:52:57,892 - CvAutomation - DEBUG - Cleaning up trailing empty paragraphs...
2026-02-28 11:53:03,581 - CvAutomation - INFO - PDF created: C:\Users\catch\Desktop\Cv Automation\outputs\28-02-26\Metso\Madhav_Manohar_Gopal_CV_Metso_Finland.pdf
2026-02-28 11:53:03,647 - CvAutomation - INFO - Generated CV for Metso in Finland
2026-02-28 11:53:09,108 - CvAutomation - INFO - PDF created: C:\Users\catch\Desktop\Cv Automation\outputs\28-02-26\Metso\Madhav_Manohar_Gopal_Cover_Letter_Metso_Finland.pdf
2026-02-28 11:53:09,142 - CvAutomation - INFO - Generated Cover Letter for Metso
2026-02-28 11:53:52,302 - CvAutomation - INFO - PDF created: C:\Users\catch\Desktop\Cv Automation\outputs\28-02-26\Metso\Madhav_Manohar_Gopal_Cover_Letter_Metso_Finland.pdf
2026-02-28 11:53:52,322 - CvAutomation - INFO - Generated Cover Letter for Metso
