2026-03-06 10:02:59,077 - CvAutomation - INFO - Updated CV saved to: C:\Users\catch\Desktop\Cv Automation\outputs\06-03-26\Amendo\Madhav_Manohar_Gopal_CV_Amendo_Sweden.docx
2026-03-06 10:02:59,078 - CvAutomation - INFO - Replaced: 20, Added: 0, Removed: 1 bullet points
2026-03-06 10:02:59,078 - CvAutomation - DEBUG - Cleaning up trailing empty paragraphs...
2026-03-06 10:03:06,127 - CvAutomation - INFO - PDF created: C:\Users\catch\Desktop\Cv Automation\outputs\06-03-26\Amendo\Madhav_Manohar_Gopal_CV_Amendo_Sweden.pdf
2026-03-06 10:03:06,232 - CvAutomation - INFO - Generated CV for Amendo in Sweden
2026-03-06 10:03:10,769 - CvAutomation - INFO - PDF created: C:\Users\catch\Desktop\Cv Automation\outputs\06-03-26\Amendo\Madhav_Manohar_Gopal_Cover_Letter_Amendo_Sweden.pdf
2026-03-06 10:03:10,803 - CvAutomation - INFO - Generated Cover Letter for Amendo
2026-03-06 10:04:37,987 - CvAutomation - INFO - Updated CV saved to: C:\Users\catch\Desktop\Cv Automation\outputs\06-03-26\Amendo\Madhav_Manohar_Gopal_CV_Amendo_Sweden.docx
2026-03-06 10:04:37,987 - CvAutomation - INFO - Replaced: 19, Added: 0, Removed: 2 bullet points
2026-03-06 10:04:37,987 - CvAutomation - DEBUG - Cleaning up trailing empty paragraphs...
2026-03-06 10:04:42,510 - CvAutomation - INFO - PDF created: C:\Users\catch\Desktop\Cv Automation\outputs\06-03-26\Amendo\Madhav_Manohar_Gopal_CV_Amendo_Sweden.pdf
2026-03-06 10:04:42,580 - CvAutomation - INFO - Generated CV for Amendo in Sweden
2026-03-06 10:07:53,274 - CvAutomation - INFO - Updated CV saved to: C:\Users\catch\Desktop\Cv Automation\outputs\06-03-26\Amendo\Madhav_Manohar_Gopal_CV_Amendo_Sweden.docx
2026-03-06 10:07:53,275 - CvAutomation - INFO - Replaced: 19, Added: 0, Removed: 2 bullet points
2026-03-06 10:07:53,276 - CvAutomation - DEBUG - Cleaning up trailing empty paragraphs...
2026-03-06 10:07:59,065 - CvAutomation - INFO - PDF created: C:\Users\catch\Desktop\Cv Automation\outputs\06-03-26\Amendo\Madhav_Manohar_Gopal_CV_Amendo_Sweden.pdf
2026-03-06 10:07:59,137 - CvAutomation - INFO - Generated CV for Amendo in Sweden
2026-03-06 10:27:00,961 - CvAutomation - INFO - Updated CV saved to: C:\Users\catch\Desktop\Cv Automation\outputs\06-03-26\Musgrave\Madhav_Manohar_Gopal_CV_Musgrave_Ireland.docx
2026-03-06 10:27:00,961 - CvAutomation - INFO - Replaced: 21, Added: 4, Removed: 0 bullet points
2026-03-06 10:27:00,961 - CvAutomation - DEBUG - Cleaning up trailing empty paragraphs...
2026-03-06 10:27:05,546 - CvAutomation - INFO - PDF created: C:\Users\catch\Desktop\Cv Automation\outputs\06-03-26\Musgrave\Madhav_Manohar_Gopal_CV_Musgrave_Ireland.pdf
2026-03-06 10:27:05,647 - CvAutomation - INFO - Generated CV for Musgrave in Ireland
2026-03-06 10:27:11,274 - CvAutomation - INFO - PDF created: C:\Users\catch\Desktop\Cv Automation\outputs\06-03-26\Musgrave\Madhav_Manohar_Gopal_Cover_Letter_Musgrave_Ireland.pdf
2026-03-06 10:27:11,309 - CvAutomation - INFO - Generated Cover Letter for Musgrave
2026-03-06 10:31:10,735 - CvAutomation - INFO - PDF created: C:\Users\catch\Desktop\Cv Automation\outputs\06-03-26\Musgrave\Madhav_Manohar_Gopal_Cover_Letter_Musgrave_Ireland.pdf
2026-03-06 10:31:10,764 - CvAutomation - INFO - Generated Cover Letter for Musgrave
2026-03-06 12:35:25,442 - CvAutomation - INFO - Updated CV saved to: C:\Users\catch\Desktop\Cv Automation\outputs\06-03-26\Boliden\Madhav_Manohar_Gopal_CV_Boliden_Sweden.docx
2026-03-06 12:35:25,443 - CvAutomation - INFO - Replaced: 20, Added: 0, Removed: 1 bullet points
2026-03-06 12:35:25,444 - CvAutomation - DEBUG - Cleaning up trailing empty paragraphs...
2026-03-06 12:35:34,413 - CvAutomation - INFO - PDF created: C:\Users\catch\Desktop\Cv Automation\outputs\06-03-26\Boliden\Madhav_Manohar_Gopal_CV_Boliden_Sweden.pdf
2026-03-06 12:35:34,563 - CvAutomation - INFO - Generated CV for Boliden in Sweden
2026-03-06 12:35:40,928 - CvAutomation - INFO - PDF created: C:\Users\catch\Desktop\Cv Automation\outputs\06-03-26\Boliden\Madhav_Manohar_Gopal_Cover_Letter_Boliden_Sweden.pdf
2026-03-06 12:35:40,989 - CvAutomation - INFO - Generated Cover Letter for Boliden
2026-03-06 13:35:27,361 - CvAutomation - INFO - Updated CV saved to: C:\Users\catch\Desktop\Cv Automation\outputs\06-03-26\Boliden\Madhav_Manohar_Gopal_CV_Boliden_Sweden.docx
2026-03-06 13:35:27,361 - CvAutomation - INFO - Replaced: 19, Added: 0, Removed: 2 bullet points
2026-03-06 13:35:27,362 - CvAutomation - DEBUG - Cleaning up trailing empty paragraphs...
2026-03-06 13:35:32,838 - CvAutomation - INFO - PDF created: C:\Users\catch\Desktop\Cv Automation\outputs\06-03-26\Boliden\Madhav_Manohar_Gopal_CV_Boliden_Sweden.pdf
2026-03-06 13:35:32,992 - CvAutomation - INFO - Generated CV for Boliden in Sweden
2026-03-06 13:35:39,739 - CvAutomation - INFO - PDF created: C:\Users\catch\Desktop\Cv Automation\outputs\06-03-26\Boliden\Madhav_Manohar_Gopal_Cover_Letter_Boliden_Sweden.pdf
2026-03-06 13:35:39,780 - CvAutomation - INFO - Generated Cover Letter for Boliden
