2026-05-06 16:24:34,019 - CvAutomation - INFO - Updated CV saved to: C:\Users\catch\Desktop\Cv Automation\outputs\06-05-26\Morgan_Mckinley\Madhav_Manohar_Gopal_CV_Morgan_Mckinley_Ireland.docx
2026-05-06 16:24:34,020 - CvAutomation - INFO - Replaced: 26, Added: 4, Removed: 0 bullet points
2026-05-06 16:24:34,020 - CvAutomation - DEBUG - Cleaning up trailing empty paragraphs...
2026-05-06 16:24:43,983 - CvAutomation - INFO - PDF created: C:\Users\catch\Desktop\Cv Automation\outputs\06-05-26\Morgan_Mckinley\Madhav_Manohar_Gopal_CV_Morgan_Mckinley_Ireland.pdf
2026-05-06 16:24:44,175 - CvAutomation - INFO - Generated CV for Morgan Mckinley in Ireland
2026-05-06 16:40:05,990 - CvAutomation - INFO - Updated CV saved to: C:\Users\catch\Desktop\Cv Automation\outputs\06-05-26\Sigmar_Recruitment\Madhav_Manohar_Gopal_CV_Sigmar_Recruitment_Ireland.docx
2026-05-06 16:40:05,991 - CvAutomation - INFO - Replaced: 26, Added: 3, Removed: 0 bullet points
2026-05-06 16:40:05,991 - CvAutomation - DEBUG - Cleaning up trailing empty paragraphs...
2026-05-06 16:40:14,665 - CvAutomation - INFO - PDF created: C:\Users\catch\Desktop\Cv Automation\outputs\06-05-26\Sigmar_Recruitment\Madhav_Manohar_Gopal_CV_Sigmar_Recruitment_Ireland.pdf
2026-05-06 16:40:14,858 - CvAutomation - INFO - Generated CV for Sigmar Recruitment in Ireland
2026-05-06 17:27:11,162 - CvAutomation - INFO - Updated CV saved to: C:\Users\catch\Desktop\Cv Automation\outputs\06-05-26\The_Recruitment_Company\Madhav_Manohar_Gopal_CV_The_Recruitment_Company_Ireland.docx
2026-05-06 17:27:11,163 - CvAutomation - INFO - Replaced: 26, Added: 4, Removed: 0 bullet points
2026-05-06 17:27:11,163 - CvAutomation - DEBUG - Cleaning up trailing empty paragraphs...
2026-05-06 17:27:15,801 - CvAutomation - INFO - PDF created: C:\Users\catch\Desktop\Cv Automation\outputs\06-05-26\The_Recruitment_Company\Madhav_Manohar_Gopal_CV_The_Recruitment_Company_Ireland.pdf
2026-05-06 17:27:15,890 - CvAutomation - INFO - Generated CV for The Recruitment Company in Ireland
2026-05-06 17:54:05,737 - CvAutomation - INFO - Updated CV saved to: C:\Users\catch\Desktop\Cv Automation\outputs\06-05-26\The_Recruitment_Company\Madhav_Manohar_Gopal_CV_The_Recruitment_Company_Ireland.docx
2026-05-06 17:54:05,738 - CvAutomation - INFO - Replaced: 26, Added: 4, Removed: 0 bullet points
2026-05-06 17:54:05,738 - CvAutomation - DEBUG - Cleaning up trailing empty paragraphs...
2026-05-06 17:54:09,188 - CvAutomation - INFO - PDF created: C:\Users\catch\Desktop\Cv Automation\outputs\06-05-26\The_Recruitment_Company\Madhav_Manohar_Gopal_CV_The_Recruitment_Company_Ireland.pdf
2026-05-06 17:54:09,291 - CvAutomation - INFO - Generated CV for The Recruitment Company in Ireland
2026-05-06 17:54:12,580 - CvAutomation - INFO - PDF created: C:\Users\catch\Desktop\Cv Automation\outputs\06-05-26\The_Recruitment_Company\Madhav_Manohar_Gopal_Cover_Letter_The_Recruitment_Company_Ireland.pdf
2026-05-06 17:54:12,610 - CvAutomation - INFO - Generated Cover Letter for The Recruitment Company
2026-05-06 18:12:40,785 - CvAutomation - INFO - Updated CV saved to: C:\Users\catch\Desktop\Cv Automation\outputs\06-05-26\The_Recruitment_Company\Madhav_Manohar_Gopal_CV_The_Recruitment_Company_Ireland.docx
2026-05-06 18:12:40,785 - CvAutomation - INFO - Replaced: 26, Added: 10, Removed: 0 bullet points
2026-05-06 18:12:40,786 - CvAutomation - DEBUG - Cleaning up trailing empty paragraphs...
2026-05-06 18:12:48,272 - CvAutomation - INFO - PDF created: C:\Users\catch\Desktop\Cv Automation\outputs\06-05-26\The_Recruitment_Company\Madhav_Manohar_Gopal_CV_The_Recruitment_Company_Ireland.pdf
2026-05-06 18:12:48,442 - CvAutomation - INFO - Generated CV for The Recruitment Company in Ireland
2026-05-06 18:13:00,995 - CvAutomation - INFO - Updated CV saved to: C:\Users\catch\Desktop\Cv Automation\outputs\06-05-26\Cognizant\Madhav_Manohar_Gopal_CV_Cognizant_Ireland.docx
2026-05-06 18:13:00,996 - CvAutomation - INFO - Replaced: 26, Added: 10, Removed: 0 bullet points
2026-05-06 18:13:00,996 - CvAutomation - DEBUG - Cleaning up trailing empty paragraphs...
2026-05-06 18:13:06,377 - CvAutomation - INFO - PDF created: C:\Users\catch\Desktop\Cv Automation\outputs\06-05-26\Cognizant\Madhav_Manohar_Gopal_CV_Cognizant_Ireland.pdf
2026-05-06 18:13:06,571 - CvAutomation - INFO - Generated CV for Cognizant in Ireland
2026-05-06 18:26:08,524 - CvAutomation - INFO - Updated CV saved to: C:\Users\catch\Desktop\Cv Automation\outputs\06-05-26\Cognizant\Madhav_Manohar_Gopal_CV_Cognizant_Ireland.docx
2026-05-06 18:26:08,524 - CvAutomation - INFO - Replaced: 26, Added: 10, Removed: 0 bullet points
2026-05-06 18:26:08,524 - CvAutomation - DEBUG - Cleaning up trailing empty paragraphs...
2026-05-06 18:26:13,328 - CvAutomation - INFO - PDF created: C:\Users\catch\Desktop\Cv Automation\outputs\06-05-26\Cognizant\Madhav_Manohar_Gopal_CV_Cognizant_Ireland.pdf
2026-05-06 18:26:13,533 - CvAutomation - INFO - Generated CV for Cognizant in Ireland
2026-05-06 18:26:19,801 - CvAutomation - INFO - PDF created: C:\Users\catch\Desktop\Cv Automation\outputs\06-05-26\Cognizant\Madhav_Manohar_Gopal_Cover_Letter_Cognizant_Ireland.pdf
2026-05-06 18:26:19,877 - CvAutomation - INFO - Generated Cover Letter for Cognizant
2026-05-06 18:33:53,743 - CvAutomation - INFO - Updated CV saved to: C:\Users\catch\Desktop\Cv Automation\outputs\06-05-26\Albany_Beck\Madhav_Manohar_Gopal_CV_Albany_Beck_Ireland.docx
2026-05-06 18:33:53,743 - CvAutomation - INFO - Replaced: 26, Added: 10, Removed: 0 bullet points
2026-05-06 18:33:53,743 - CvAutomation - DEBUG - Cleaning up trailing empty paragraphs...
2026-05-06 18:34:00,203 - CvAutomation - INFO - PDF created: C:\Users\catch\Desktop\Cv Automation\outputs\06-05-26\Albany_Beck\Madhav_Manohar_Gopal_CV_Albany_Beck_Ireland.pdf
2026-05-06 18:34:00,419 - CvAutomation - INFO - Generated CV for Albany Beck in Ireland
2026-05-06 18:35:55,135 - CvAutomation - INFO - Updated CV saved to: C:\Users\catch\Desktop\Cv Automation\outputs\06-05-26\Albany_Beck\Madhav_Manohar_Gopal_CV_Albany_Beck_Ireland.docx
2026-05-06 18:35:55,136 - CvAutomation - INFO - Replaced: 25, Added: 4, Removed: 1 bullet points
2026-05-06 18:35:55,136 - CvAutomation - DEBUG - Cleaning up trailing empty paragraphs...
2026-05-06 18:36:02,463 - CvAutomation - INFO - PDF created: C:\Users\catch\Desktop\Cv Automation\outputs\06-05-26\Albany_Beck\Madhav_Manohar_Gopal_CV_Albany_Beck_Ireland.pdf
2026-05-06 18:36:02,618 - CvAutomation - INFO - Generated CV for Albany Beck in Ireland
