2026-03-15 11:39:12,735 - CvAutomation - INFO - Updated CV saved to: C:\Users\catch\Desktop\Cv Automation\outputs\15-03-26\Auctionet\Madhav_Manohar_Gopal_CV_Auctionet_Sweden.docx
2026-03-15 11:39:12,735 - CvAutomation - INFO - Replaced: 20, Added: 0, Removed: 1 bullet points
2026-03-15 11:39:12,736 - CvAutomation - DEBUG - Cleaning up trailing empty paragraphs...
2026-03-15 11:39:20,588 - CvAutomation - INFO - PDF created: C:\Users\catch\Desktop\Cv Automation\outputs\15-03-26\Auctionet\Madhav_Manohar_Gopal_CV_Auctionet_Sweden.pdf
2026-03-15 11:39:20,699 - CvAutomation - INFO - Generated CV for Auctionet in Sweden
2026-03-15 11:39:25,446 - CvAutomation - INFO - PDF created: C:\Users\catch\Desktop\Cv Automation\outputs\15-03-26\Auctionet\Madhav_Manohar_Gopal_Cover_Letter_Auctionet_Sweden.pdf
2026-03-15 11:39:25,483 - CvAutomation - INFO - Generated Cover Letter for Auctionet
2026-03-15 11:45:36,469 - CvAutomation - INFO - Updated CV saved to: C:\Users\catch\Desktop\Cv Automation\outputs\15-03-26\Matas_Group\Madhav_Manohar_Gopal_CV_Matas_Group_Sweden.docx
2026-03-15 11:45:36,469 - CvAutomation - INFO - Replaced: 21, Added: 3, Removed: 0 bullet points
2026-03-15 11:45:36,470 - CvAutomation - DEBUG - Cleaning up trailing empty paragraphs...
2026-03-15 11:45:39,242 - CvAutomation - INFO - PDF created: C:\Users\catch\Desktop\Cv Automation\outputs\15-03-26\Matas_Group\Madhav_Manohar_Gopal_CV_Matas_Group_Sweden.pdf
2026-03-15 11:45:39,342 - CvAutomation - INFO - Generated CV for Matas Group in Sweden
2026-03-15 11:45:44,102 - CvAutomation - INFO - PDF created: C:\Users\catch\Desktop\Cv Automation\outputs\15-03-26\Matas_Group\Madhav_Manohar_Gopal_Cover_Letter_Matas_Group_Sweden.pdf
2026-03-15 11:45:44,139 - CvAutomation - INFO - Generated Cover Letter for Matas Group
2026-03-15 12:02:30,290 - CvAutomation - INFO - Updated CV saved to: C:\Users\catch\Desktop\Cv Automation\outputs\15-03-26\King\Madhav_Manohar_Gopal_CV_King_Sweden.docx
2026-03-15 12:02:30,290 - CvAutomation - INFO - Replaced: 21, Added: 0, Removed: 0 bullet points
2026-03-15 12:02:30,290 - CvAutomation - DEBUG - Cleaning up trailing empty paragraphs...
2026-03-15 12:02:35,250 - CvAutomation - INFO - PDF created: C:\Users\catch\Desktop\Cv Automation\outputs\15-03-26\King\Madhav_Manohar_Gopal_CV_King_Sweden.pdf
2026-03-15 12:02:35,345 - CvAutomation - INFO - Generated CV for King in Sweden
2026-03-15 12:02:39,723 - CvAutomation - INFO - PDF created: C:\Users\catch\Desktop\Cv Automation\outputs\15-03-26\King\Madhav_Manohar_Gopal_Cover_Letter_King_Sweden.pdf
2026-03-15 12:02:39,758 - CvAutomation - INFO - Generated Cover Letter for King
2026-03-15 12:04:50,503 - CvAutomation - INFO - Updated CV saved to: C:\Users\catch\Desktop\Cv Automation\outputs\15-03-26\King\Madhav_Manohar_Gopal_CV_King_Sweden.docx
2026-03-15 12:04:50,504 - CvAutomation - INFO - Replaced: 19, Added: 0, Removed: 2 bullet points
2026-03-15 12:04:50,504 - CvAutomation - DEBUG - Cleaning up trailing empty paragraphs...
2026-03-15 12:04:55,120 - CvAutomation - INFO - PDF created: C:\Users\catch\Desktop\Cv Automation\outputs\15-03-26\King\Madhav_Manohar_Gopal_CV_King_Sweden.pdf
2026-03-15 12:04:55,195 - CvAutomation - INFO - Generated CV for King in Sweden
2026-03-15 12:11:02,465 - CvAutomation - INFO - Updated CV saved to: C:\Users\catch\Desktop\Cv Automation\outputs\15-03-26\Atos_Medical\Madhav_Manohar_Gopal_CV_Atos_Medical_Sweden.docx
2026-03-15 12:11:02,466 - CvAutomation - INFO - Replaced: 19, Added: 1, Removed: 2 bullet points
2026-03-15 12:11:02,466 - CvAutomation - DEBUG - Cleaning up trailing empty paragraphs...
2026-03-15 12:11:07,320 - CvAutomation - INFO - PDF created: C:\Users\catch\Desktop\Cv Automation\outputs\15-03-26\Atos_Medical\Madhav_Manohar_Gopal_CV_Atos_Medical_Sweden.pdf
2026-03-15 12:11:07,481 - CvAutomation - INFO - Generated CV for Atos Medical in Sweden
2026-03-15 12:11:11,024 - CvAutomation - INFO - PDF created: C:\Users\catch\Desktop\Cv Automation\outputs\15-03-26\Atos_Medical\Madhav_Manohar_Gopal_Cover_Letter_Atos_Medical_Sweden.pdf
2026-03-15 12:11:11,059 - CvAutomation - INFO - Generated Cover Letter for Atos Medical
2026-03-15 12:11:25,452 - CvAutomation - INFO - PDF created: C:\Users\catch\Desktop\Cv Automation\outputs\15-03-26\Atos_Medical\Madhav_Manohar_Gopal_Cover_Letter_Atos_Medical_Sweden.pdf
2026-03-15 12:11:25,482 - CvAutomation - INFO - Generated Cover Letter for Atos Medical
2026-03-15 12:20:03,601 - CvAutomation - INFO - Updated CV saved to: C:\Users\catch\Desktop\Cv Automation\outputs\15-03-26\Ryanair\Madhav_Manohar_Gopal_CV_Ryanair_Ireland.docx
2026-03-15 12:20:03,601 - CvAutomation - INFO - Replaced: 18, Added: 0, Removed: 3 bullet points
2026-03-15 12:20:03,602 - CvAutomation - DEBUG - Cleaning up trailing empty paragraphs...
2026-03-15 12:20:11,134 - CvAutomation - INFO - PDF created: C:\Users\catch\Desktop\Cv Automation\outputs\15-03-26\Ryanair\Madhav_Manohar_Gopal_CV_Ryanair_Ireland.pdf
2026-03-15 12:20:11,267 - CvAutomation - INFO - Generated CV for Ryanair in Ireland
2026-03-15 12:20:17,163 - CvAutomation - INFO - PDF created: C:\Users\catch\Desktop\Cv Automation\outputs\15-03-26\Ryanair\Madhav_Manohar_Gopal_Cover_Letter_Ryanair_Ireland.pdf
2026-03-15 12:20:17,220 - CvAutomation - INFO - Generated Cover Letter for Ryanair
2026-03-15 12:31:57,881 - CvAutomation - INFO - Updated CV saved to: C:\Users\catch\Desktop\Cv Automation\outputs\15-03-26\Maynooth_University\Madhav_Manohar_Gopal_CV_Maynooth_University_Ireland.docx
2026-03-15 12:31:57,881 - CvAutomation - INFO - Replaced: 19, Added: 1, Removed: 2 bullet points
2026-03-15 12:31:57,882 - CvAutomation - DEBUG - Cleaning up trailing empty paragraphs...
2026-03-15 12:32:04,546 - CvAutomation - INFO - PDF created: C:\Users\catch\Desktop\Cv Automation\outputs\15-03-26\Maynooth_University\Madhav_Manohar_Gopal_CV_Maynooth_University_Ireland.pdf
2026-03-15 12:32:04,704 - CvAutomation - INFO - Generated CV for Maynooth University in Ireland
2026-03-15 12:32:10,796 - CvAutomation - INFO - PDF created: C:\Users\catch\Desktop\Cv Automation\outputs\15-03-26\Maynooth_University\Madhav_Manohar_Gopal_Cover_Letter_Maynooth_University_Ireland.pdf
2026-03-15 12:32:10,869 - CvAutomation - INFO - Generated Cover Letter for Maynooth University
2026-03-15 12:34:24,574 - CvAutomation - INFO - Updated CV saved to: C:\Users\catch\Desktop\Cv Automation\outputs\15-03-26\Maynooth_University\Madhav_Manohar_Gopal_CV_Maynooth_University_Ireland.docx
2026-03-15 12:34:24,574 - CvAutomation - INFO - Replaced: 19, Added: 1, Removed: 2 bullet points
2026-03-15 12:34:24,574 - CvAutomation - DEBUG - Cleaning up trailing empty paragraphs...
2026-03-15 12:34:28,971 - CvAutomation - INFO - PDF created: C:\Users\catch\Desktop\Cv Automation\outputs\15-03-26\Maynooth_University\Madhav_Manohar_Gopal_CV_Maynooth_University_Ireland.pdf
2026-03-15 12:34:29,191 - CvAutomation - INFO - Generated CV for Maynooth University in Ireland
