2026-05-15 17:24:47,265 - CvAutomation - INFO - Updated CV saved to: C:\Users\catch\Desktop\Cv Automation\outputs\15-05-26\National_Treasury_Management_Agency\Madhav_Manohar_Gopal_CV_National_Treasury_Management_Agency_Ireland.docx
2026-05-15 17:24:47,266 - CvAutomation - INFO - Replaced: 26, Added: 2, Removed: 0 bullet points
2026-05-15 17:24:47,266 - CvAutomation - DEBUG - Cleaning up trailing empty paragraphs...
2026-05-15 17:24:55,195 - CvAutomation - INFO - PDF created: C:\Users\catch\Desktop\Cv Automation\outputs\15-05-26\National_Treasury_Management_Agency\Madhav_Manohar_Gopal_CV_National_Treasury_Management_Agency_Ireland.pdf
2026-05-15 17:24:55,302 - CvAutomation - INFO - Generated CV for National Treasury Management Agency in Ireland
2026-05-15 17:40:29,668 - CvAutomation - INFO - PDF created: C:\Users\catch\Desktop\Cv Automation\outputs\15-05-26\National_Treasury_Management_Agency\Madhav_Manohar_Gopal_Cover_Letter_National_Treasury_Management_Agency_Ireland.pdf
2026-05-15 17:40:29,709 - CvAutomation - INFO - Generated Cover Letter for National Treasury Management Agency
2026-05-15 17:41:41,383 - CvAutomation - INFO - PDF created: C:\Users\catch\Desktop\Cv Automation\outputs\15-05-26\National_Treasury_Management_Agency\Madhav_Manohar_Gopal_Cover_Letter_National_Treasury_Management_Agency_Ireland.pdf
2026-05-15 17:41:41,405 - CvAutomation - INFO - Generated Cover Letter for National Treasury Management Agency
2026-05-15 17:42:06,385 - CvAutomation - INFO - PDF created: C:\Users\catch\Desktop\Cv Automation\outputs\15-05-26\National_Treasury_Management_Agency\Madhav_Manohar_Gopal_Cover_Letter_National_Treasury_Management_Agency_Ireland.pdf
2026-05-15 17:42:06,410 - CvAutomation - INFO - Generated Cover Letter for National Treasury Management Agency
2026-05-15 17:57:42,371 - CvAutomation - INFO - Updated CV saved to: C:\Users\catch\Desktop\Cv Automation\outputs\15-05-26\National_Treasury_Management_Agency\Madhav_Manohar_Gopal_CV_National_Treasury_Management_Agency_Ireland.docx
2026-05-15 17:57:42,372 - CvAutomation - INFO - Replaced: 26, Added: 9, Removed: 0 bullet points
2026-05-15 17:57:42,372 - CvAutomation - DEBUG - Cleaning up trailing empty paragraphs...
2026-05-15 17:57:44,918 - CvAutomation - INFO - PDF created: C:\Users\catch\Desktop\Cv Automation\outputs\15-05-26\National_Treasury_Management_Agency\Madhav_Manohar_Gopal_CV_National_Treasury_Management_Agency_Ireland.pdf
2026-05-15 17:57:45,010 - CvAutomation - DEBUG - Removing blank/sparse page 3 from PDF (text len: 0)
2026-05-15 17:57:45,019 - CvAutomation - INFO - PDF cleaned: 3 -> 2 pages
2026-05-15 17:57:45,033 - CvAutomation - INFO - Generated CV for National Treasury Management Agency in Ireland
2026-05-15 17:59:43,448 - CvAutomation - INFO - PDF created: C:\Users\catch\Desktop\Cv Automation\outputs\15-05-26\National_Treasury_Management_Agency\Madhav_Manohar_Gopal_Cover_Letter_National_Treasury_Management_Agency_Ireland.pdf
2026-05-15 17:59:43,475 - CvAutomation - DEBUG - Removing blank/sparse page 2 from PDF (text len: 20)
2026-05-15 17:59:43,480 - CvAutomation - INFO - PDF cleaned: 2 -> 1 pages
2026-05-15 17:59:43,481 - CvAutomation - INFO - Generated Cover Letter for National Treasury Management Agency
2026-05-15 18:01:27,986 - CvAutomation - INFO - PDF created: C:\Users\catch\Desktop\Cv Automation\outputs\15-05-26\National_Treasury_Management_Agency\Madhav_Manohar_Gopal_Cover_Letter_National_Treasury_Management_Agency_Ireland.pdf
2026-05-15 18:01:28,012 - CvAutomation - INFO - Generated Cover Letter for National Treasury Management Agency
2026-05-15 19:39:37,291 - CvAutomation - INFO - Normalized application statuses to core categories.
