2026-04-16 10:27:23,877 - CvAutomation - INFO - Updated CV saved to: C:\Users\catch\Desktop\Cv Automation\outputs\16-04-26\Affirma\Madhav_Manohar_Gopal_CV_Affirma_Ireland.docx
2026-04-16 10:27:23,877 - CvAutomation - INFO - Replaced: 20, Added: 4, Removed: 1 bullet points
2026-04-16 10:27:23,877 - CvAutomation - DEBUG - Cleaning up trailing empty paragraphs...
2026-04-16 10:27:31,175 - CvAutomation - INFO - PDF created: C:\Users\catch\Desktop\Cv Automation\outputs\16-04-26\Affirma\Madhav_Manohar_Gopal_CV_Affirma_Ireland.pdf
2026-04-16 10:27:31,279 - CvAutomation - INFO - Generated CV for Affirma in Ireland
2026-04-16 10:39:16,863 - CvAutomation - INFO - Updated CV saved to: C:\Users\catch\Desktop\Cv Automation\outputs\16-04-26\Pivotal_Recruitment_Limited\Madhav_Manohar_Gopal_CV_Pivotal_Recruitment_Limited_Ireland.docx
2026-04-16 10:39:16,864 - CvAutomation - INFO - Replaced: 20, Added: 0, Removed: 1 bullet points
2026-04-16 10:39:16,864 - CvAutomation - DEBUG - Cleaning up trailing empty paragraphs...
2026-04-16 10:39:21,415 - CvAutomation - INFO - PDF created: C:\Users\catch\Desktop\Cv Automation\outputs\16-04-26\Pivotal_Recruitment_Limited\Madhav_Manohar_Gopal_CV_Pivotal_Recruitment_Limited_Ireland.pdf
2026-04-16 10:39:21,521 - CvAutomation - INFO - Generated CV for Pivotal Recruitment Limited in Ireland
2026-04-16 11:41:33,223 - CvAutomation - INFO - Updated CV saved to: C:\Users\catch\Desktop\Cv Automation\outputs\16-04-26\Uhg\Madhav_Manohar_Gopal_CV_Uhg_Ireland.docx
2026-04-16 11:41:33,224 - CvAutomation - INFO - Replaced: 20, Added: 0, Removed: 1 bullet points
2026-04-16 11:41:33,225 - CvAutomation - DEBUG - Cleaning up trailing empty paragraphs...
2026-04-16 11:41:42,644 - CvAutomation - INFO - PDF created: C:\Users\catch\Desktop\Cv Automation\outputs\16-04-26\Uhg\Madhav_Manohar_Gopal_CV_Uhg_Ireland.pdf
2026-04-16 11:41:42,782 - CvAutomation - INFO - Generated CV for Uhg in Ireland
2026-04-16 11:41:50,147 - CvAutomation - INFO - PDF created: C:\Users\catch\Desktop\Cv Automation\outputs\16-04-26\Uhg\Madhav_Manohar_Gopal_Cover_Letter_Uhg_Ireland.pdf
2026-04-16 11:41:50,202 - CvAutomation - INFO - Generated Cover Letter for Uhg
2026-04-16 21:58:48,725 - CvAutomation - INFO - Updated CV saved to: C:\Users\catch\Desktop\Cv Automation\outputs\16-04-26\Sigmar_Recruitment\Madhav_Manohar_Gopal_CV_Sigmar_Recruitment_Ireland.docx
2026-04-16 21:58:48,726 - CvAutomation - INFO - Replaced: 19, Added: 0, Removed: 2 bullet points
2026-04-16 21:58:48,727 - CvAutomation - DEBUG - Cleaning up trailing empty paragraphs...
2026-04-16 21:58:58,506 - CvAutomation - INFO - PDF created: C:\Users\catch\Desktop\Cv Automation\outputs\16-04-26\Sigmar_Recruitment\Madhav_Manohar_Gopal_CV_Sigmar_Recruitment_Ireland.pdf
2026-04-16 21:58:58,669 - CvAutomation - INFO - Generated CV for Sigmar Recruitment in Ireland
2026-04-16 22:05:38,135 - CvAutomation - INFO - Updated CV saved to: C:\Users\catch\Desktop\Cv Automation\outputs\16-04-26\Darwin_Hawkins\Madhav_Manohar_Gopal_CV_Darwin_Hawkins_Ireland.docx
2026-04-16 22:05:38,136 - CvAutomation - INFO - Replaced: 21, Added: 0, Removed: 0 bullet points
2026-04-16 22:05:38,136 - CvAutomation - DEBUG - Cleaning up trailing empty paragraphs...
2026-04-16 22:05:42,658 - CvAutomation - INFO - PDF created: C:\Users\catch\Desktop\Cv Automation\outputs\16-04-26\Darwin_Hawkins\Madhav_Manohar_Gopal_CV_Darwin_Hawkins_Ireland.pdf
2026-04-16 22:05:42,816 - CvAutomation - INFO - Generated CV for Darwin Hawkins in Ireland
2026-04-16 22:06:21,437 - CvAutomation - INFO - PDF created: C:\Users\catch\Desktop\Cv Automation\outputs\16-04-26\Darwin_Hawkins\Madhav_Manohar_Gopal_Cover_Letter_Darwin_Hawkins_Ireland.pdf
2026-04-16 22:06:21,480 - CvAutomation - INFO - Generated Cover Letter for Darwin Hawkins
