2026-03-26 09:41:21,956 - CvAutomation - INFO - Updated CV saved to: C:\Users\catch\Desktop\Cv Automation\outputs\26-03-26\The_Citco_Group_Limited\Madhav_Manohar_Gopal_CV_The_Citco_Group_Limited_Ireland.docx
2026-03-26 09:41:21,956 - CvAutomation - INFO - Replaced: 20, Added: 1, Removed: 1 bullet points
2026-03-26 09:41:21,956 - CvAutomation - DEBUG - Cleaning up trailing empty paragraphs...
2026-03-26 09:41:29,273 - CvAutomation - INFO - PDF created: C:\Users\catch\Desktop\Cv Automation\outputs\26-03-26\The_Citco_Group_Limited\Madhav_Manohar_Gopal_CV_The_Citco_Group_Limited_Ireland.pdf
2026-03-26 09:41:29,368 - CvAutomation - INFO - Generated CV for The Citco Group Limited in Ireland
2026-03-26 09:41:32,760 - CvAutomation - INFO - PDF created: C:\Users\catch\Desktop\Cv Automation\outputs\26-03-26\The_Citco_Group_Limited\Madhav_Manohar_Gopal_Cover_Letter_The_Citco_Group_Limited_Ireland.pdf
2026-03-26 09:41:32,800 - CvAutomation - INFO - Generated Cover Letter for The Citco Group Limited
2026-03-26 09:50:39,561 - CvAutomation - INFO - Updated CV saved to: C:\Users\catch\Desktop\Cv Automation\outputs\26-03-26\Citi\Madhav_Manohar_Gopal_CV_Citi_Ireland.docx
2026-03-26 09:50:39,561 - CvAutomation - INFO - Replaced: 20, Added: 1, Removed: 1 bullet points
2026-03-26 09:50:39,562 - CvAutomation - DEBUG - Cleaning up trailing empty paragraphs...
2026-03-26 09:50:45,415 - CvAutomation - INFO - PDF created: C:\Users\catch\Desktop\Cv Automation\outputs\26-03-26\Citi\Madhav_Manohar_Gopal_CV_Citi_Ireland.pdf
2026-03-26 09:50:45,511 - CvAutomation - INFO - Generated CV for Citi in Ireland
2026-03-26 09:50:49,874 - CvAutomation - INFO - PDF created: C:\Users\catch\Desktop\Cv Automation\outputs\26-03-26\Citi\Madhav_Manohar_Gopal_Cover_Letter_Citi_Ireland.pdf
2026-03-26 09:50:49,913 - CvAutomation - INFO - Generated Cover Letter for Citi
2026-03-26 11:54:56,333 - CvAutomation - INFO - Updated CV saved to: C:\Users\catch\Desktop\Cv Automation\outputs\26-03-26\Kayak\Madhav_Manohar_Gopal_CV_Kayak_Denmark.docx
2026-03-26 11:54:56,334 - CvAutomation - INFO - Replaced: 19, Added: 1, Removed: 2 bullet points
2026-03-26 11:54:56,334 - CvAutomation - DEBUG - Cleaning up trailing empty paragraphs...
2026-03-26 11:55:00,844 - CvAutomation - INFO - PDF created: C:\Users\catch\Desktop\Cv Automation\outputs\26-03-26\Kayak\Madhav_Manohar_Gopal_CV_Kayak_Denmark.pdf
2026-03-26 11:55:00,961 - CvAutomation - INFO - Generated CV for Kayak in Denmark
2026-03-26 11:55:06,683 - CvAutomation - INFO - PDF created: C:\Users\catch\Desktop\Cv Automation\outputs\26-03-26\Kayak\Madhav_Manohar_Gopal_Cover_Letter_Kayak_Denmark.pdf
2026-03-26 11:55:06,718 - CvAutomation - INFO - Generated Cover Letter for Kayak
2026-03-26 12:09:26,734 - CvAutomation - INFO - Updated CV saved to: C:\Users\catch\Desktop\Cv Automation\outputs\26-03-26\Develop\Madhav_Manohar_Gopal_CV_Develop_Ireland.docx
2026-03-26 12:09:26,734 - CvAutomation - INFO - Replaced: 20, Added: 1, Removed: 1 bullet points
2026-03-26 12:09:26,735 - CvAutomation - DEBUG - Cleaning up trailing empty paragraphs...
2026-03-26 12:09:45,330 - CvAutomation - INFO - PDF created: C:\Users\catch\Desktop\Cv Automation\outputs\26-03-26\Develop\Madhav_Manohar_Gopal_CV_Develop_Ireland.pdf
2026-03-26 12:09:45,430 - CvAutomation - INFO - Generated CV for Develop in Ireland
2026-03-26 12:09:51,249 - CvAutomation - INFO - PDF created: C:\Users\catch\Desktop\Cv Automation\outputs\26-03-26\Develop\Madhav_Manohar_Gopal_Cover_Letter_Develop_Ireland.pdf
2026-03-26 12:09:51,288 - CvAutomation - INFO - Generated Cover Letter for Develop
2026-03-26 17:25:55,878 - CvAutomation - INFO - Updated CV saved to: C:\Users\catch\Desktop\Cv Automation\outputs\26-03-26\Hireforce\Madhav_Manohar_Gopal_CV_Hireforce_Ireland.docx
2026-03-26 17:25:55,879 - CvAutomation - INFO - Replaced: 19, Added: 1, Removed: 2 bullet points
2026-03-26 17:25:55,879 - CvAutomation - DEBUG - Cleaning up trailing empty paragraphs...
2026-03-26 17:26:01,792 - CvAutomation - INFO - PDF created: C:\Users\catch\Desktop\Cv Automation\outputs\26-03-26\Hireforce\Madhav_Manohar_Gopal_CV_Hireforce_Ireland.pdf
2026-03-26 17:26:01,878 - CvAutomation - INFO - Generated CV for Hireforce in Ireland
2026-03-26 17:31:17,790 - CvAutomation - INFO - Updated CV saved to: C:\Users\catch\Desktop\Cv Automation\outputs\26-03-26\Fulcrum_Digital_Inc\Madhav_Manohar_Gopal_CV_Fulcrum_Digital_Inc_Ireland.docx
2026-03-26 17:31:17,791 - CvAutomation - INFO - Replaced: 21, Added: 4, Removed: 0 bullet points
2026-03-26 17:31:17,791 - CvAutomation - DEBUG - Cleaning up trailing empty paragraphs...
2026-03-26 17:31:24,096 - CvAutomation - INFO - PDF created: C:\Users\catch\Desktop\Cv Automation\outputs\26-03-26\Fulcrum_Digital_Inc\Madhav_Manohar_Gopal_CV_Fulcrum_Digital_Inc_Ireland.pdf
2026-03-26 17:31:24,244 - CvAutomation - INFO - Generated CV for Fulcrum Digital Inc in Ireland
2026-03-26 17:41:18,433 - CvAutomation - INFO - Updated CV saved to: C:\Users\catch\Desktop\Cv Automation\outputs\26-03-26\Finnair\Madhav_Manohar_Gopal_CV_Finnair_Finland.docx
2026-03-26 17:41:18,434 - CvAutomation - INFO - Replaced: 18, Added: 0, Removed: 3 bullet points
2026-03-26 17:41:18,434 - CvAutomation - DEBUG - Cleaning up trailing empty paragraphs...
2026-03-26 17:41:25,654 - CvAutomation - INFO - PDF created: C:\Users\catch\Desktop\Cv Automation\outputs\26-03-26\Finnair\Madhav_Manohar_Gopal_CV_Finnair_Finland.pdf
2026-03-26 17:41:25,781 - CvAutomation - INFO - Generated CV for Finnair in Finland
2026-03-26 17:41:30,109 - CvAutomation - INFO - PDF created: C:\Users\catch\Desktop\Cv Automation\outputs\26-03-26\Finnair\Madhav_Manohar_Gopal_Cover_Letter_Finnair_Finland.pdf
2026-03-26 17:41:30,176 - CvAutomation - INFO - Generated Cover Letter for Finnair
2026-03-26 17:53:33,284 - CvAutomation - INFO - Updated CV saved to: C:\Users\catch\Desktop\Cv Automation\outputs\26-03-26\Finnair\Madhav_Manohar_Gopal_CV_Finnair_Finland.docx
2026-03-26 17:53:33,285 - CvAutomation - INFO - Replaced: 20, Added: 0, Removed: 1 bullet points
2026-03-26 17:53:33,285 - CvAutomation - DEBUG - Cleaning up trailing empty paragraphs...
2026-03-26 17:53:40,090 - CvAutomation - INFO - PDF created: C:\Users\catch\Desktop\Cv Automation\outputs\26-03-26\Finnair\Madhav_Manohar_Gopal_CV_Finnair_Finland.pdf
2026-03-26 17:53:40,187 - CvAutomation - INFO - Generated CV for Finnair in Finland
2026-03-26 17:53:46,088 - CvAutomation - INFO - PDF created: C:\Users\catch\Desktop\Cv Automation\outputs\26-03-26\Finnair\Madhav_Manohar_Gopal_Cover_Letter_Finnair_Ireland.pdf
2026-03-26 17:53:46,145 - CvAutomation - INFO - Generated Cover Letter for Finnair
2026-03-26 17:54:14,203 - CvAutomation - INFO - Updated CV saved to: C:\Users\catch\Desktop\Cv Automation\outputs\26-03-26\Forvis_Mazars\Madhav_Manohar_Gopal_CV_Forvis_Mazars_Ireland.docx
2026-03-26 17:54:14,203 - CvAutomation - INFO - Replaced: 20, Added: 0, Removed: 1 bullet points
2026-03-26 17:54:14,204 - CvAutomation - DEBUG - Cleaning up trailing empty paragraphs...
2026-03-26 17:54:18,223 - CvAutomation - INFO - PDF created: C:\Users\catch\Desktop\Cv Automation\outputs\26-03-26\Forvis_Mazars\Madhav_Manohar_Gopal_CV_Forvis_Mazars_Ireland.pdf
2026-03-26 17:54:18,382 - CvAutomation - INFO - Generated CV for Forvis Mazars in Ireland
2026-03-26 17:54:24,854 - CvAutomation - INFO - PDF created: C:\Users\catch\Desktop\Cv Automation\outputs\26-03-26\Forvis_Mazars\Madhav_Manohar_Gopal_Cover_Letter_Forvis_Mazars_Ireland.pdf
2026-03-26 17:54:24,920 - CvAutomation - INFO - Generated Cover Letter for Forvis Mazars
2026-03-26 18:17:03,094 - CvAutomation - INFO - Updated CV saved to: C:\Users\catch\Desktop\Cv Automation\outputs\26-03-26\Real_Time_Recruitment\Madhav_Manohar_Gopal_CV_Real_Time_Recruitment_Ireland.docx
2026-03-26 18:17:03,094 - CvAutomation - INFO - Replaced: 19, Added: 2, Removed: 2 bullet points
2026-03-26 18:17:03,094 - CvAutomation - DEBUG - Cleaning up trailing empty paragraphs...
2026-03-26 18:17:09,348 - CvAutomation - INFO - PDF created: C:\Users\catch\Desktop\Cv Automation\outputs\26-03-26\Real_Time_Recruitment\Madhav_Manohar_Gopal_CV_Real_Time_Recruitment_Ireland.pdf
2026-03-26 18:17:09,501 - CvAutomation - INFO - Generated CV for Real Time Recruitment in Ireland
2026-03-26 18:17:15,167 - CvAutomation - INFO - PDF created: C:\Users\catch\Desktop\Cv Automation\outputs\26-03-26\Real_Time_Recruitment\Madhav_Manohar_Gopal_Cover_Letter_Real_Time_Recruitment_Ireland.pdf
2026-03-26 18:17:15,229 - CvAutomation - INFO - Generated Cover Letter for Real Time Recruitment
