2026-04-25 20:22:05,222 - CvAutomation - INFO - Updated CV saved to: C:\Users\catch\Desktop\Cv Automation\outputs\25-04-26\Sodexo\Madhav_Manohar_Gopal_CV_Sodexo_Ireland.docx
2026-04-25 20:22:05,223 - CvAutomation - INFO - Replaced: 21, Added: 0, Removed: 0 bullet points
2026-04-25 20:22:05,223 - CvAutomation - DEBUG - Cleaning up trailing empty paragraphs...
2026-04-25 20:22:15,588 - CvAutomation - INFO - PDF created: C:\Users\catch\Desktop\Cv Automation\outputs\25-04-26\Sodexo\Madhav_Manohar_Gopal_CV_Sodexo_Ireland.pdf
2026-04-25 20:22:15,747 - CvAutomation - INFO - Generated CV for Sodexo in Ireland
2026-04-25 20:22:32,834 - CvAutomation - INFO - PDF created: C:\Users\catch\Desktop\Cv Automation\outputs\25-04-26\Sodexo\Madhav_Manohar_Gopal_Cover_Letter_Sodexo_Ireland.pdf
2026-04-25 20:22:32,891 - CvAutomation - INFO - Generated Cover Letter for Sodexo
2026-04-25 20:34:08,144 - CvAutomation - INFO - Updated CV saved to: C:\Users\catch\Desktop\Cv Automation\outputs\25-04-26\Sodexo\Madhav_Manohar_Gopal_CV_Sodexo_Ireland.docx
2026-04-25 20:34:08,144 - CvAutomation - INFO - Replaced: 21, Added: 7, Removed: 0 bullet points
2026-04-25 20:34:08,144 - CvAutomation - DEBUG - Cleaning up trailing empty paragraphs...
2026-04-25 20:34:14,658 - CvAutomation - INFO - PDF created: C:\Users\catch\Desktop\Cv Automation\outputs\25-04-26\Sodexo\Madhav_Manohar_Gopal_CV_Sodexo_Ireland.pdf
2026-04-25 20:34:14,761 - CvAutomation - INFO - Generated CV for Sodexo in Ireland
2026-04-25 20:34:21,810 - CvAutomation - INFO - Updated CV saved to: C:\Users\catch\Desktop\Cv Automation\outputs\25-04-26\The_Panel\Madhav_Manohar_Gopal_CV_The_Panel_Ireland.docx
2026-04-25 20:34:21,811 - CvAutomation - INFO - Replaced: 21, Added: 7, Removed: 0 bullet points
2026-04-25 20:34:21,811 - CvAutomation - DEBUG - Cleaning up trailing empty paragraphs...
2026-04-25 20:34:28,053 - CvAutomation - INFO - PDF created: C:\Users\catch\Desktop\Cv Automation\outputs\25-04-26\The_Panel\Madhav_Manohar_Gopal_CV_The_Panel_Ireland.pdf
2026-04-25 20:34:28,210 - CvAutomation - INFO - Generated CV for The Panel in Ireland
2026-04-25 20:41:43,713 - CvAutomation - INFO - Updated CV saved to: C:\Users\catch\Desktop\Cv Automation\outputs\25-04-26\Fruituion_Group\Madhav_Manohar_Gopal_CV_Fruituion_Group_Ireland.docx
2026-04-25 20:41:43,714 - CvAutomation - INFO - Replaced: 21, Added: 4, Removed: 0 bullet points
2026-04-25 20:41:43,714 - CvAutomation - DEBUG - Cleaning up trailing empty paragraphs...
2026-04-25 20:41:50,145 - CvAutomation - INFO - PDF created: C:\Users\catch\Desktop\Cv Automation\outputs\25-04-26\Fruituion_Group\Madhav_Manohar_Gopal_CV_Fruituion_Group_Ireland.pdf
2026-04-25 20:41:50,294 - CvAutomation - INFO - Generated CV for Fruituion Group in Ireland
2026-04-25 20:42:11,445 - CvAutomation - INFO - Updated CV saved to: C:\Users\catch\Desktop\Cv Automation\outputs\25-04-26\Fruituion_Group\Madhav_Manohar_Gopal_CV_Fruituion_Group_Ireland.docx
2026-04-25 20:42:11,445 - CvAutomation - INFO - Replaced: 21, Added: 4, Removed: 0 bullet points
2026-04-25 20:42:11,446 - CvAutomation - DEBUG - Cleaning up trailing empty paragraphs...
2026-04-25 20:42:17,670 - CvAutomation - INFO - PDF created: C:\Users\catch\Desktop\Cv Automation\outputs\25-04-26\Fruituion_Group\Madhav_Manohar_Gopal_CV_Fruituion_Group_Ireland.pdf
2026-04-25 20:42:17,812 - CvAutomation - INFO - Generated CV for Fruituion Group in Ireland
