2026-04-21 09:23:38,014 - CvAutomation - INFO - Updated CV saved to: C:\Users\catch\Desktop\Cv Automation\outputs\21-04-26\Fruition_Group\Madhav_Manohar_Gopal_CV_Fruition_Group_Ireland.docx
2026-04-21 09:23:38,014 - CvAutomation - INFO - Replaced: 20, Added: 1, Removed: 1 bullet points
2026-04-21 09:23:38,015 - CvAutomation - DEBUG - Cleaning up trailing empty paragraphs...
2026-04-21 09:23:45,860 - CvAutomation - INFO - PDF created: C:\Users\catch\Desktop\Cv Automation\outputs\21-04-26\Fruition_Group\Madhav_Manohar_Gopal_CV_Fruition_Group_Ireland.pdf
2026-04-21 09:23:45,995 - CvAutomation - INFO - Generated CV for Fruition Group in Ireland
2026-04-21 09:31:07,441 - CvAutomation - INFO - Updated CV saved to: C:\Users\catch\Desktop\Cv Automation\outputs\21-04-26\Fruition_Group\Madhav_Manohar_Gopal_CV_Fruition_Group_Ireland.docx
2026-04-21 09:31:07,442 - CvAutomation - INFO - Replaced: 20, Added: 4, Removed: 1 bullet points
2026-04-21 09:31:07,442 - CvAutomation - DEBUG - Cleaning up trailing empty paragraphs...
2026-04-21 09:31:14,012 - CvAutomation - INFO - PDF created: C:\Users\catch\Desktop\Cv Automation\outputs\21-04-26\Fruition_Group\Madhav_Manohar_Gopal_CV_Fruition_Group_Ireland.pdf
2026-04-21 09:31:14,141 - CvAutomation - INFO - Generated CV for Fruition Group in Ireland
2026-04-21 09:37:56,619 - CvAutomation - INFO - Updated CV saved to: C:\Users\catch\Desktop\Cv Automation\outputs\21-04-26\Sabeo\Madhav_Manohar_Gopal_CV_Sabeo_Ireland.docx
2026-04-21 09:37:56,619 - CvAutomation - INFO - Replaced: 20, Added: 2, Removed: 1 bullet points
2026-04-21 09:37:56,620 - CvAutomation - DEBUG - Cleaning up trailing empty paragraphs...
2026-04-21 09:38:03,441 - CvAutomation - INFO - PDF created: C:\Users\catch\Desktop\Cv Automation\outputs\21-04-26\Sabeo\Madhav_Manohar_Gopal_CV_Sabeo_Ireland.pdf
2026-04-21 09:38:03,555 - CvAutomation - INFO - Generated CV for Sabeo in Ireland
2026-04-21 09:48:28,149 - CvAutomation - INFO - Updated CV saved to: C:\Users\catch\Desktop\Cv Automation\outputs\21-04-26\Pwc\Madhav_Manohar_Gopal_CV_Pwc_Ireland.docx
2026-04-21 09:48:28,150 - CvAutomation - INFO - Replaced: 21, Added: 4, Removed: 0 bullet points
2026-04-21 09:48:28,150 - CvAutomation - DEBUG - Cleaning up trailing empty paragraphs...
2026-04-21 09:48:32,837 - CvAutomation - INFO - PDF created: C:\Users\catch\Desktop\Cv Automation\outputs\21-04-26\Pwc\Madhav_Manohar_Gopal_CV_Pwc_Ireland.pdf
2026-04-21 09:48:32,918 - CvAutomation - INFO - Generated CV for Pwc in Ireland
2026-04-21 09:52:17,569 - CvAutomation - INFO - PDF created: C:\Users\catch\Desktop\Cv Automation\outputs\21-04-26\Pwc\Madhav_Manohar_Gopal_Cover_Letter_Pwc_Ireland.pdf
2026-04-21 09:52:17,606 - CvAutomation - INFO - Generated Cover Letter for Pwc
2026-04-21 16:04:23,152 - CvAutomation - INFO - Updated CV saved to: C:\Users\catch\Desktop\Cv Automation\outputs\21-04-26\Mastercard\Madhav_Manohar_Gopal_CV_Mastercard_Ireland.docx
2026-04-21 16:04:23,153 - CvAutomation - INFO - Replaced: 21, Added: 1, Removed: 0 bullet points
2026-04-21 16:04:23,154 - CvAutomation - DEBUG - Cleaning up trailing empty paragraphs...
2026-04-21 16:04:30,707 - CvAutomation - INFO - PDF created: C:\Users\catch\Desktop\Cv Automation\outputs\21-04-26\Mastercard\Madhav_Manohar_Gopal_CV_Mastercard_Ireland.pdf
2026-04-21 16:04:30,886 - CvAutomation - INFO - Generated CV for Mastercard in Ireland
2026-04-21 16:07:00,408 - CvAutomation - INFO - PDF created: C:\Users\catch\Desktop\Cv Automation\outputs\21-04-26\Mastercard\Madhav_Manohar_Gopal_Cover_Letter_Mastercard_Ireland.pdf
2026-04-21 16:07:00,458 - CvAutomation - INFO - Generated Cover Letter for Mastercard
2026-04-21 16:40:25,494 - CvAutomation - INFO - Updated CV saved to: C:\Users\catch\Desktop\Cv Automation\outputs\21-04-26\Unijobs\Madhav_Manohar_Gopal_CV_Unijobs_Ireland.docx
2026-04-21 16:40:25,494 - CvAutomation - INFO - Replaced: 20, Added: 3, Removed: 1 bullet points
2026-04-21 16:40:25,494 - CvAutomation - DEBUG - Cleaning up trailing empty paragraphs...
2026-04-21 16:40:32,716 - CvAutomation - INFO - PDF created: C:\Users\catch\Desktop\Cv Automation\outputs\21-04-26\Unijobs\Madhav_Manohar_Gopal_CV_Unijobs_Ireland.pdf
2026-04-21 16:40:32,885 - CvAutomation - INFO - Generated CV for Unijobs in Ireland
2026-04-21 16:48:16,844 - CvAutomation - INFO - Updated CV saved to: C:\Users\catch\Desktop\Cv Automation\outputs\21-04-26\Google\Madhav_Manohar_Gopal_CV_Google_Ireland.docx
2026-04-21 16:48:16,844 - CvAutomation - INFO - Replaced: 20, Added: 1, Removed: 1 bullet points
2026-04-21 16:48:16,844 - CvAutomation - DEBUG - Cleaning up trailing empty paragraphs...
2026-04-21 16:48:23,053 - CvAutomation - INFO - PDF created: C:\Users\catch\Desktop\Cv Automation\outputs\21-04-26\Google\Madhav_Manohar_Gopal_CV_Google_Ireland.pdf
2026-04-21 16:48:23,144 - CvAutomation - INFO - Generated CV for Google in Ireland
2026-04-21 18:36:22,508 - CvAutomation - INFO - Updated CV saved to: C:\Users\catch\Desktop\Cv Automation\outputs\21-04-26\Fruition_Group\Madhav_Manohar_Gopal_CV_Fruition_Group_Ireland.docx
2026-04-21 18:36:22,509 - CvAutomation - INFO - Replaced: 21, Added: 3, Removed: 0 bullet points
2026-04-21 18:36:22,509 - CvAutomation - DEBUG - Cleaning up trailing empty paragraphs...
2026-04-21 18:36:27,798 - CvAutomation - INFO - PDF created: C:\Users\catch\Desktop\Cv Automation\outputs\21-04-26\Fruition_Group\Madhav_Manohar_Gopal_CV_Fruition_Group_Ireland.pdf
2026-04-21 18:36:27,913 - CvAutomation - INFO - Generated CV for Fruition Group in Ireland
