2026-03-25 09:57:58,019 - CvAutomation - INFO - Updated CV saved to: C:\Users\catch\Desktop\Cv Automation\outputs\25-03-26\Berkley_Group\Madhav_Manohar_Gopal_CV_Berkley_Group_Ireland.docx
2026-03-25 09:57:58,020 - CvAutomation - INFO - Replaced: 21, Added: 2, Removed: 0 bullet points
2026-03-25 09:57:58,020 - CvAutomation - DEBUG - Cleaning up trailing empty paragraphs...
2026-03-25 09:58:06,321 - CvAutomation - INFO - PDF created: C:\Users\catch\Desktop\Cv Automation\outputs\25-03-26\Berkley_Group\Madhav_Manohar_Gopal_CV_Berkley_Group_Ireland.pdf
2026-03-25 09:58:06,475 - CvAutomation - INFO - Generated CV for Berkley Group in Ireland
2026-03-25 10:07:05,267 - CvAutomation - INFO - Updated CV saved to: C:\Users\catch\Desktop\Cv Automation\outputs\25-03-26\Kennedy_&_Partners_Recruitment\Madhav_Manohar_Gopal_CV_Kennedy_&_Partners_Recruitment_Ireland.docx
2026-03-25 10:07:05,267 - CvAutomation - INFO - Replaced: 21, Added: 8, Removed: 0 bullet points
2026-03-25 10:07:05,267 - CvAutomation - DEBUG - Cleaning up trailing empty paragraphs...
2026-03-25 10:07:10,016 - CvAutomation - INFO - PDF created: C:\Users\catch\Desktop\Cv Automation\outputs\25-03-26\Kennedy_&_Partners_Recruitment\Madhav_Manohar_Gopal_CV_Kennedy_&_Partners_Recruitment_Ireland.pdf
2026-03-25 10:07:10,120 - CvAutomation - INFO - Generated CV for Kennedy & Partners Recruitment in Ireland
2026-03-25 10:15:29,570 - CvAutomation - INFO - Updated CV saved to: C:\Users\catch\Desktop\Cv Automation\outputs\25-03-26\Health_Products_Regulatory_Authority_(Hpra)\Madhav_Manohar_Gopal_CV_Health_Products_Regulatory_Authority_(Hpra)_Ireland.docx
2026-03-25 10:15:29,570 - CvAutomation - INFO - Replaced: 21, Added: 2, Removed: 0 bullet points
2026-03-25 10:15:29,570 - CvAutomation - DEBUG - Cleaning up trailing empty paragraphs...
2026-03-25 10:15:34,095 - CvAutomation - INFO - PDF created: C:\Users\catch\Desktop\Cv Automation\outputs\25-03-26\Health_Products_Regulatory_Authority_(Hpra)\Madhav_Manohar_Gopal_CV_Health_Products_Regulatory_Authority_(Hpra)_Ireland.pdf
2026-03-25 10:15:34,208 - CvAutomation - INFO - Generated CV for Health Products Regulatory Authority (Hpra) in Ireland
2026-03-25 10:15:39,820 - CvAutomation - INFO - PDF created: C:\Users\catch\Desktop\Cv Automation\outputs\25-03-26\Health_Products_Regulatory_Authority_(Hpra)\Madhav_Manohar_Gopal_Cover_Letter_Health_Products_Regulatory_Authority_(Hpra)_Ireland.pdf
2026-03-25 10:15:39,857 - CvAutomation - INFO - Generated Cover Letter for Health Products Regulatory Authority (Hpra)
2026-03-25 10:54:58,753 - CvAutomation - INFO - Updated CV saved to: C:\Users\catch\Desktop\Cv Automation\outputs\25-03-26\Oliver_James\Madhav_Manohar_Gopal_CV_Oliver_James_Ireland.docx
2026-03-25 10:54:58,753 - CvAutomation - INFO - Replaced: 21, Added: 2, Removed: 0 bullet points
2026-03-25 10:54:58,753 - CvAutomation - DEBUG - Cleaning up trailing empty paragraphs...
2026-03-25 10:55:04,762 - CvAutomation - INFO - PDF created: C:\Users\catch\Desktop\Cv Automation\outputs\25-03-26\Oliver_James\Madhav_Manohar_Gopal_CV_Oliver_James_Ireland.pdf
2026-03-25 10:55:04,865 - CvAutomation - INFO - Generated CV for Oliver James in Ireland
2026-03-25 11:02:53,884 - CvAutomation - INFO - Updated CV saved to: C:\Users\catch\Desktop\Cv Automation\outputs\25-03-26\Brightwater_Recruitment\Madhav_Manohar_Gopal_CV_Brightwater_Recruitment_Ireland.docx
2026-03-25 11:02:53,884 - CvAutomation - INFO - Replaced: 21, Added: 1, Removed: 0 bullet points
2026-03-25 11:02:53,884 - CvAutomation - DEBUG - Cleaning up trailing empty paragraphs...
2026-03-25 11:02:59,952 - CvAutomation - INFO - PDF created: C:\Users\catch\Desktop\Cv Automation\outputs\25-03-26\Brightwater_Recruitment\Madhav_Manohar_Gopal_CV_Brightwater_Recruitment_Ireland.pdf
2026-03-25 11:03:00,047 - CvAutomation - INFO - Generated CV for Brightwater Recruitment in Ireland
2026-03-25 11:12:39,009 - CvAutomation - INFO - Updated CV saved to: C:\Users\catch\Desktop\Cv Automation\outputs\25-03-26\Google\Madhav_Manohar_Gopal_CV_Google_Ireland.docx
2026-03-25 11:12:39,010 - CvAutomation - INFO - Replaced: 20, Added: 2, Removed: 1 bullet points
2026-03-25 11:12:39,010 - CvAutomation - DEBUG - Cleaning up trailing empty paragraphs...
2026-03-25 11:12:45,441 - CvAutomation - INFO - PDF created: C:\Users\catch\Desktop\Cv Automation\outputs\25-03-26\Google\Madhav_Manohar_Gopal_CV_Google_Ireland.pdf
2026-03-25 11:12:45,585 - CvAutomation - INFO - Generated CV for Google in Ireland
2026-03-25 11:24:12,084 - CvAutomation - INFO - Updated CV saved to: C:\Users\catch\Desktop\Cv Automation\outputs\25-03-26\Aib\Madhav_Manohar_Gopal_CV_Aib_Ireland.docx
2026-03-25 11:24:12,085 - CvAutomation - INFO - Replaced: 20, Added: 1, Removed: 1 bullet points
2026-03-25 11:24:12,085 - CvAutomation - DEBUG - Cleaning up trailing empty paragraphs...
2026-03-25 11:24:19,010 - CvAutomation - INFO - PDF created: C:\Users\catch\Desktop\Cv Automation\outputs\25-03-26\Aib\Madhav_Manohar_Gopal_CV_Aib_Ireland.pdf
2026-03-25 11:24:19,179 - CvAutomation - INFO - Generated CV for Aib in Ireland
2026-03-25 11:24:25,386 - CvAutomation - INFO - PDF created: C:\Users\catch\Desktop\Cv Automation\outputs\25-03-26\Aib\Madhav_Manohar_Gopal_Cover_Letter_Aib_Ireland.pdf
2026-03-25 11:24:25,441 - CvAutomation - INFO - Generated Cover Letter for Aib
2026-03-25 11:43:09,142 - CvAutomation - INFO - Updated CV saved to: C:\Users\catch\Desktop\Cv Automation\outputs\25-03-26\Fruition_Group_Ireland\Madhav_Manohar_Gopal_CV_Fruition_Group_Ireland_Ireland.docx
2026-03-25 11:43:09,143 - CvAutomation - INFO - Replaced: 21, Added: 1, Removed: 0 bullet points
2026-03-25 11:43:09,143 - CvAutomation - DEBUG - Cleaning up trailing empty paragraphs...
2026-03-25 11:43:16,462 - CvAutomation - INFO - PDF created: C:\Users\catch\Desktop\Cv Automation\outputs\25-03-26\Fruition_Group_Ireland\Madhav_Manohar_Gopal_CV_Fruition_Group_Ireland_Ireland.pdf
2026-03-25 11:43:16,650 - CvAutomation - INFO - Generated CV for Fruition Group Ireland in Ireland
2026-03-25 11:43:43,827 - CvAutomation - INFO - Updated CV saved to: C:\Users\catch\Desktop\Cv Automation\outputs\25-03-26\Fruition_Group_Ireland\Madhav_Manohar_Gopal_CV_Fruition_Group_Ireland_Ireland.docx
2026-03-25 11:43:43,828 - CvAutomation - INFO - Replaced: 21, Added: 1, Removed: 0 bullet points
2026-03-25 11:43:43,828 - CvAutomation - DEBUG - Cleaning up trailing empty paragraphs...
2026-03-25 11:43:49,596 - CvAutomation - INFO - PDF created: C:\Users\catch\Desktop\Cv Automation\outputs\25-03-26\Fruition_Group_Ireland\Madhav_Manohar_Gopal_CV_Fruition_Group_Ireland_Ireland.pdf
2026-03-25 11:43:49,718 - CvAutomation - INFO - Generated CV for Fruition Group Ireland in Ireland
2026-03-25 12:51:18,647 - CvAutomation - INFO - Normalized application statuses to core categories.
2026-03-25 14:09:46,941 - CvAutomation - INFO - Updated CV saved to: C:\Users\catch\Desktop\Cv Automation\outputs\25-03-26\Xeneta\Madhav_Manohar_Gopal_CV_Xeneta_Norway.docx
2026-03-25 14:09:46,941 - CvAutomation - INFO - Replaced: 18, Added: 0, Removed: 3 bullet points
2026-03-25 14:09:46,942 - CvAutomation - DEBUG - Cleaning up trailing empty paragraphs...
2026-03-25 14:09:55,436 - CvAutomation - INFO - PDF created: C:\Users\catch\Desktop\Cv Automation\outputs\25-03-26\Xeneta\Madhav_Manohar_Gopal_CV_Xeneta_Norway.pdf
2026-03-25 14:09:55,576 - CvAutomation - INFO - Generated CV for Xeneta in Norway
2026-03-25 14:09:58,889 - CvAutomation - INFO - PDF created: C:\Users\catch\Desktop\Cv Automation\outputs\25-03-26\Xeneta\Madhav_Manohar_Gopal_Cover_Letter_Xeneta_Norway.pdf
2026-03-25 14:09:58,942 - CvAutomation - INFO - Generated Cover Letter for Xeneta
2026-03-25 14:12:18,968 - CvAutomation - INFO - PDF created: C:\Users\catch\Desktop\Cv Automation\outputs\25-03-26\Xeneta\Madhav_Manohar_Gopal_Cover_Letter_Xeneta_Norway.pdf
2026-03-25 14:12:19,005 - CvAutomation - INFO - Generated Cover Letter for Xeneta
2026-03-25 14:34:07,891 - CvAutomation - INFO - Updated CV saved to: C:\Users\catch\Desktop\Cv Automation\outputs\25-03-26\Flutter_Uk_&_Ireland\Madhav_Manohar_Gopal_CV_Flutter_Uk_&_Ireland_Ireland.docx
2026-03-25 14:34:07,891 - CvAutomation - INFO - Replaced: 20, Added: 4, Removed: 1 bullet points
2026-03-25 14:34:07,892 - CvAutomation - DEBUG - Cleaning up trailing empty paragraphs...
2026-03-25 14:34:10,071 - CvAutomation - INFO - PDF created: C:\Users\catch\Desktop\Cv Automation\outputs\25-03-26\Flutter_Uk_&_Ireland\Madhav_Manohar_Gopal_CV_Flutter_Uk_&_Ireland_Ireland.pdf
2026-03-25 14:34:10,151 - CvAutomation - INFO - Generated CV for Flutter Uk & Ireland in Ireland
2026-03-25 14:34:14,409 - CvAutomation - INFO - PDF created: C:\Users\catch\Desktop\Cv Automation\outputs\25-03-26\Flutter_Uk_&_Ireland\Madhav_Manohar_Gopal_Cover_Letter_Flutter_Uk_&_Ireland_Ireland.pdf
2026-03-25 14:34:14,445 - CvAutomation - INFO - Generated Cover Letter for Flutter Uk & Ireland
2026-03-25 15:03:45,376 - CvAutomation - INFO - Updated CV saved to: C:\Users\catch\Desktop\Cv Automation\outputs\25-03-26\Optum\Madhav_Manohar_Gopal_CV_Optum_Ireland.docx
2026-03-25 15:03:45,376 - CvAutomation - INFO - Replaced: 21, Added: 3, Removed: 0 bullet points
2026-03-25 15:03:45,377 - CvAutomation - DEBUG - Cleaning up trailing empty paragraphs...
2026-03-25 15:03:52,877 - CvAutomation - INFO - PDF created: C:\Users\catch\Desktop\Cv Automation\outputs\25-03-26\Optum\Madhav_Manohar_Gopal_CV_Optum_Ireland.pdf
2026-03-25 15:03:53,038 - CvAutomation - INFO - Generated CV for Optum in Ireland
2026-03-25 15:03:58,764 - CvAutomation - INFO - PDF created: C:\Users\catch\Desktop\Cv Automation\outputs\25-03-26\Optum\Madhav_Manohar_Gopal_Cover_Letter_Optum_Ireland.pdf
2026-03-25 15:03:58,836 - CvAutomation - INFO - Generated Cover Letter for Optum
2026-03-25 15:33:51,698 - CvAutomation - INFO - Updated CV saved to: C:\Users\catch\Desktop\Cv Automation\outputs\25-03-26\Pivotal_Recruitment\Madhav_Manohar_Gopal_CV_Pivotal_Recruitment_Ireland.docx
2026-03-25 15:33:51,698 - CvAutomation - INFO - Replaced: 21, Added: 1, Removed: 0 bullet points
2026-03-25 15:33:51,699 - CvAutomation - DEBUG - Cleaning up trailing empty paragraphs...
2026-03-25 15:33:57,855 - CvAutomation - INFO - PDF created: C:\Users\catch\Desktop\Cv Automation\outputs\25-03-26\Pivotal_Recruitment\Madhav_Manohar_Gopal_CV_Pivotal_Recruitment_Ireland.pdf
2026-03-25 15:33:58,024 - CvAutomation - INFO - Generated CV for Pivotal Recruitment in Ireland
2026-03-25 16:00:53,943 - CvAutomation - INFO - Updated CV saved to: C:\Users\catch\Desktop\Cv Automation\outputs\25-03-26\Qasa\Madhav_Manohar_Gopal_CV_Qasa_Sweden.docx
2026-03-25 16:00:53,944 - CvAutomation - INFO - Replaced: 20, Added: 1, Removed: 1 bullet points
2026-03-25 16:00:53,944 - CvAutomation - DEBUG - Cleaning up trailing empty paragraphs...
2026-03-25 16:00:59,878 - CvAutomation - INFO - PDF created: C:\Users\catch\Desktop\Cv Automation\outputs\25-03-26\Qasa\Madhav_Manohar_Gopal_CV_Qasa_Sweden.pdf
2026-03-25 16:01:00,018 - CvAutomation - INFO - Generated CV for Qasa in Sweden
2026-03-25 16:01:06,955 - CvAutomation - INFO - PDF created: C:\Users\catch\Desktop\Cv Automation\outputs\25-03-26\Qasa\Madhav_Manohar_Gopal_Cover_Letter_Qasa_Sweden.pdf
2026-03-25 16:01:07,009 - CvAutomation - INFO - Generated Cover Letter for Qasa
