2026-03-03 11:10:39,714 - CvAutomation - INFO - Updated CV saved to: C:\Users\catch\Desktop\Cv Automation\outputs\03-03-26\Ryanair\Madhav_Manohar_Gopal_CV_Ryanair_Ireland.docx
2026-03-03 11:10:39,715 - CvAutomation - INFO - Replaced: 15, Added: 0, Removed: 6 bullet points
2026-03-03 11:10:39,715 - CvAutomation - DEBUG - Cleaning up trailing empty paragraphs...
2026-03-03 11:10:48,939 - CvAutomation - INFO - PDF created: C:\Users\catch\Desktop\Cv Automation\outputs\03-03-26\Ryanair\Madhav_Manohar_Gopal_CV_Ryanair_Ireland.pdf
2026-03-03 11:10:49,092 - CvAutomation - INFO - Generated CV for Ryanair in Ireland
2026-03-03 11:10:54,809 - CvAutomation - INFO - PDF created: C:\Users\catch\Desktop\Cv Automation\outputs\03-03-26\Ryanair\Madhav_Manohar_Gopal_Cover_Letter_Ryanair_Ireland.pdf
2026-03-03 11:10:54,867 - CvAutomation - INFO - Generated Cover Letter for Ryanair
2026-03-03 11:26:56,876 - CvAutomation - INFO - Updated CV saved to: C:\Users\catch\Desktop\Cv Automation\outputs\03-03-26\Grid_Dynamics\Madhav_Manohar_Gopal_CV_Grid_Dynamics_Ireland.docx
2026-03-03 11:26:56,878 - CvAutomation - INFO - Replaced: 19, Added: 0, Removed: 2 bullet points
2026-03-03 11:26:56,878 - CvAutomation - DEBUG - Cleaning up trailing empty paragraphs...
2026-03-03 11:27:01,749 - CvAutomation - INFO - PDF created: C:\Users\catch\Desktop\Cv Automation\outputs\03-03-26\Grid_Dynamics\Madhav_Manohar_Gopal_CV_Grid_Dynamics_Ireland.pdf
2026-03-03 11:27:01,895 - CvAutomation - INFO - Generated CV for Grid Dynamics in Ireland
2026-03-03 11:27:05,728 - CvAutomation - INFO - PDF created: C:\Users\catch\Desktop\Cv Automation\outputs\03-03-26\Grid_Dynamics\Madhav_Manohar_Gopal_Cover_Letter_Grid_Dynamics_Ireland.pdf
2026-03-03 11:27:05,767 - CvAutomation - INFO - Generated Cover Letter for Grid Dynamics
2026-03-03 11:36:02,971 - CvAutomation - INFO - Updated CV saved to: C:\Users\catch\Desktop\Cv Automation\outputs\03-03-26\The_Coca-Cola_Company\Madhav_Manohar_Gopal_CV_The_Coca-Cola_Company_Ireland.docx
2026-03-03 11:36:02,972 - CvAutomation - INFO - Replaced: 19, Added: 2, Removed: 2 bullet points
2026-03-03 11:36:02,973 - CvAutomation - DEBUG - Cleaning up trailing empty paragraphs...
2026-03-03 11:36:09,253 - CvAutomation - INFO - PDF created: C:\Users\catch\Desktop\Cv Automation\outputs\03-03-26\The_Coca-Cola_Company\Madhav_Manohar_Gopal_CV_The_Coca-Cola_Company_Ireland.pdf
2026-03-03 11:36:09,380 - CvAutomation - INFO - Generated CV for The Coca-Cola Company in Ireland
2026-03-03 11:36:15,166 - CvAutomation - INFO - PDF created: C:\Users\catch\Desktop\Cv Automation\outputs\03-03-26\The_Coca-Cola_Company\Madhav_Manohar_Gopal_Cover_Letter_The_Coca-Cola_Company_Ireland.pdf
2026-03-03 11:36:15,217 - CvAutomation - INFO - Generated Cover Letter for The Coca-Cola Company
2026-03-03 14:13:35,531 - CvAutomation - INFO - Updated CV saved to: C:\Users\catch\Desktop\Cv Automation\outputs\03-03-26\The_Lego_Group\Madhav_Manohar_Gopal_CV_The_Lego_Group_Denmark.docx
2026-03-03 14:13:35,532 - CvAutomation - INFO - Replaced: 19, Added: 1, Removed: 2 bullet points
2026-03-03 14:13:35,532 - CvAutomation - DEBUG - Cleaning up trailing empty paragraphs...
2026-03-03 14:13:43,739 - CvAutomation - INFO - PDF created: C:\Users\catch\Desktop\Cv Automation\outputs\03-03-26\The_Lego_Group\Madhav_Manohar_Gopal_CV_The_Lego_Group_Denmark.pdf
2026-03-03 14:13:43,847 - CvAutomation - INFO - Generated CV for The Lego Group in Denmark
2026-03-03 14:13:48,508 - CvAutomation - INFO - PDF created: C:\Users\catch\Desktop\Cv Automation\outputs\03-03-26\The_Lego_Group\Madhav_Manohar_Gopal_Cover_Letter_The_Lego_Group_Denmark.pdf
2026-03-03 14:13:48,543 - CvAutomation - INFO - Generated Cover Letter for The Lego Group
2026-03-03 14:18:00,367 - CvAutomation - INFO - Updated CV saved to: C:\Users\catch\Desktop\Cv Automation\outputs\03-03-26\The_Lego_Group\Madhav_Manohar_Gopal_CV_The_Lego_Group_Denmark.docx
2026-03-03 14:18:00,368 - CvAutomation - INFO - Replaced: 19, Added: 1, Removed: 2 bullet points
2026-03-03 14:18:00,368 - CvAutomation - DEBUG - Cleaning up trailing empty paragraphs...
2026-03-03 14:18:03,083 - CvAutomation - INFO - PDF created: C:\Users\catch\Desktop\Cv Automation\outputs\03-03-26\The_Lego_Group\Madhav_Manohar_Gopal_CV_The_Lego_Group_Denmark.pdf
2026-03-03 14:18:03,181 - CvAutomation - INFO - Generated CV for The Lego Group in Denmark
2026-03-03 14:23:38,768 - CvAutomation - INFO - PDF created: C:\Users\catch\Desktop\Cv Automation\outputs\03-03-26\The_Lego_Group\Madhav_Manohar_Gopal_Cover_Letter_The_Lego_Group_Denmark.pdf
2026-03-03 14:23:38,780 - CvAutomation - INFO - Generated Cover Letter for The Lego Group
2026-03-03 14:42:27,609 - CvAutomation - INFO - Updated CV saved to: C:\Users\catch\Desktop\Cv Automation\outputs\03-03-26\Perk\Madhav_Manohar_Gopal_CV_Perk_Spain.docx
2026-03-03 14:42:27,619 - CvAutomation - INFO - Replaced: 19, Added: 0, Removed: 2 bullet points
2026-03-03 14:42:27,620 - CvAutomation - DEBUG - Cleaning up trailing empty paragraphs...
2026-03-03 14:42:38,541 - CvAutomation - INFO - PDF created: C:\Users\catch\Desktop\Cv Automation\outputs\03-03-26\Perk\Madhav_Manohar_Gopal_CV_Perk_Spain.pdf
2026-03-03 14:42:38,669 - CvAutomation - INFO - Generated CV for Perk in Spain
2026-03-03 14:42:45,847 - CvAutomation - INFO - PDF created: C:\Users\catch\Desktop\Cv Automation\outputs\03-03-26\Perk\Madhav_Manohar_Gopal_Cover_Letter_Perk_Spain.pdf
2026-03-03 14:42:45,896 - CvAutomation - INFO - Generated Cover Letter for Perk
2026-03-03 14:58:12,692 - CvAutomation - INFO - Updated CV saved to: C:\Users\catch\Desktop\Cv Automation\outputs\03-03-26\Visa\Madhav_Manohar_Gopal_CV_Visa_Spain.docx
2026-03-03 14:58:12,693 - CvAutomation - INFO - Replaced: 19, Added: 0, Removed: 2 bullet points
2026-03-03 14:58:12,694 - CvAutomation - DEBUG - Cleaning up trailing empty paragraphs...
2026-03-03 14:58:18,997 - CvAutomation - INFO - PDF created: C:\Users\catch\Desktop\Cv Automation\outputs\03-03-26\Visa\Madhav_Manohar_Gopal_CV_Visa_Spain.pdf
2026-03-03 14:58:19,161 - CvAutomation - INFO - Generated CV for Visa in Spain
2026-03-03 14:58:26,450 - CvAutomation - INFO - PDF created: C:\Users\catch\Desktop\Cv Automation\outputs\03-03-26\Visa\Madhav_Manohar_Gopal_Cover_Letter_Visa_Spain.pdf
2026-03-03 14:58:26,499 - CvAutomation - INFO - Generated Cover Letter for Visa
2026-03-03 15:12:15,188 - CvAutomation - INFO - Updated CV saved to: C:\Users\catch\Desktop\Cv Automation\outputs\03-03-26\Prima\Madhav_Manohar_Gopal_CV_Prima_Spain.docx
2026-03-03 15:12:15,189 - CvAutomation - INFO - Replaced: 19, Added: 0, Removed: 2 bullet points
2026-03-03 15:12:15,189 - CvAutomation - DEBUG - Cleaning up trailing empty paragraphs...
2026-03-03 15:12:21,812 - CvAutomation - INFO - PDF created: C:\Users\catch\Desktop\Cv Automation\outputs\03-03-26\Prima\Madhav_Manohar_Gopal_CV_Prima_Spain.pdf
2026-03-03 15:12:21,972 - CvAutomation - INFO - Generated CV for Prima in Spain
2026-03-03 15:12:25,552 - CvAutomation - INFO - PDF created: C:\Users\catch\Desktop\Cv Automation\outputs\03-03-26\Prima\Madhav_Manohar_Gopal_Cover_Letter_Prima_Spain.pdf
2026-03-03 15:12:25,605 - CvAutomation - INFO - Generated Cover Letter for Prima
2026-03-03 15:40:43,961 - CvAutomation - INFO - Updated CV saved to: C:\Users\catch\Desktop\Cv Automation\outputs\03-03-26\Sse\Madhav_Manohar_Gopal_CV_Sse_Ireland.docx
2026-03-03 15:40:43,962 - CvAutomation - INFO - Replaced: 19, Added: 0, Removed: 2 bullet points
2026-03-03 15:40:43,962 - CvAutomation - DEBUG - Cleaning up trailing empty paragraphs...
2026-03-03 15:40:49,843 - CvAutomation - INFO - PDF created: C:\Users\catch\Desktop\Cv Automation\outputs\03-03-26\Sse\Madhav_Manohar_Gopal_CV_Sse_Ireland.pdf
2026-03-03 15:40:49,974 - CvAutomation - INFO - Generated CV for Sse in Ireland
2026-03-03 15:40:55,575 - CvAutomation - INFO - PDF created: C:\Users\catch\Desktop\Cv Automation\outputs\03-03-26\Sse\Madhav_Manohar_Gopal_Cover_Letter_Sse_Ireland.pdf
2026-03-03 15:40:55,612 - CvAutomation - INFO - Generated Cover Letter for Sse
2026-03-03 15:47:32,283 - CvAutomation - INFO - Updated CV saved to: C:\Users\catch\Desktop\Cv Automation\outputs\03-03-26\Sse\Madhav_Manohar_Gopal_CV_Sse_Ireland.docx
2026-03-03 15:47:32,283 - CvAutomation - INFO - Replaced: 20, Added: 1, Removed: 1 bullet points
2026-03-03 15:47:32,284 - CvAutomation - DEBUG - Cleaning up trailing empty paragraphs...
2026-03-03 15:47:38,095 - CvAutomation - INFO - PDF created: C:\Users\catch\Desktop\Cv Automation\outputs\03-03-26\Sse\Madhav_Manohar_Gopal_CV_Sse_Ireland.pdf
2026-03-03 15:47:38,166 - CvAutomation - INFO - Generated CV for Sse in Ireland
2026-03-03 15:47:42,318 - CvAutomation - INFO - PDF created: C:\Users\catch\Desktop\Cv Automation\outputs\03-03-26\Sse\Madhav_Manohar_Gopal_Cover_Letter_Sse_Ireland.pdf
2026-03-03 15:47:42,340 - CvAutomation - INFO - Generated Cover Letter for Sse
2026-03-03 16:10:36,256 - CvAutomation - INFO - Updated CV saved to: C:\Users\catch\Desktop\Cv Automation\outputs\03-03-26\Equalit\Madhav_Manohar_Gopal_CV_Equalit_Sweden.docx
2026-03-03 16:10:36,256 - CvAutomation - INFO - Replaced: 19, Added: 1, Removed: 2 bullet points
2026-03-03 16:10:36,256 - CvAutomation - DEBUG - Cleaning up trailing empty paragraphs...
2026-03-03 16:10:42,573 - CvAutomation - INFO - PDF created: C:\Users\catch\Desktop\Cv Automation\outputs\03-03-26\Equalit\Madhav_Manohar_Gopal_CV_Equalit_Sweden.pdf
2026-03-03 16:10:42,655 - CvAutomation - INFO - Generated CV for Equalit in Sweden
2026-03-03 16:10:47,089 - CvAutomation - INFO - PDF created: C:\Users\catch\Desktop\Cv Automation\outputs\03-03-26\Equalit\Madhav_Manohar_Gopal_Cover_Letter_Equalit_Sweden.pdf
2026-03-03 16:10:47,121 - CvAutomation - INFO - Generated Cover Letter for Equalit
2026-03-03 17:18:50,071 - CvAutomation - INFO - Updated CV saved to: C:\Users\catch\Desktop\Cv Automation\outputs\03-03-26\Ezo_Ev_Charging\Madhav_Manohar_Gopal_CV_Ezo_Ev_Charging_Ireland.docx
2026-03-03 17:18:50,072 - CvAutomation - INFO - Replaced: 19, Added: 2, Removed: 2 bullet points
2026-03-03 17:18:50,072 - CvAutomation - DEBUG - Cleaning up trailing empty paragraphs...
2026-03-03 17:18:57,083 - CvAutomation - INFO - PDF created: C:\Users\catch\Desktop\Cv Automation\outputs\03-03-26\Ezo_Ev_Charging\Madhav_Manohar_Gopal_CV_Ezo_Ev_Charging_Ireland.pdf
2026-03-03 17:18:57,218 - CvAutomation - INFO - Generated CV for Ezo Ev Charging in Ireland
2026-03-03 17:19:00,789 - CvAutomation - INFO - PDF created: C:\Users\catch\Desktop\Cv Automation\outputs\03-03-26\Ezo_Ev_Charging\Madhav_Manohar_Gopal_Cover_Letter_Ezo_Ev_Charging_Ireland.pdf
2026-03-03 17:19:00,836 - CvAutomation - INFO - Generated Cover Letter for Ezo Ev Charging
2026-03-03 17:26:45,065 - CvAutomation - INFO - Updated CV saved to: C:\Users\catch\Desktop\Cv Automation\outputs\03-03-26\Korn_Ferry\Madhav_Manohar_Gopal_CV_Korn_Ferry_Ireland.docx
2026-03-03 17:26:45,065 - CvAutomation - INFO - Replaced: 20, Added: 3, Removed: 1 bullet points
2026-03-03 17:26:45,065 - CvAutomation - DEBUG - Cleaning up trailing empty paragraphs...
2026-03-03 17:26:52,068 - CvAutomation - INFO - PDF created: C:\Users\catch\Desktop\Cv Automation\outputs\03-03-26\Korn_Ferry\Madhav_Manohar_Gopal_CV_Korn_Ferry_Ireland.pdf
2026-03-03 17:26:52,203 - CvAutomation - INFO - Generated CV for Korn Ferry in Ireland
2026-03-03 17:26:59,682 - CvAutomation - INFO - PDF created: C:\Users\catch\Desktop\Cv Automation\outputs\03-03-26\Korn_Ferry\Madhav_Manohar_Gopal_Cover_Letter_Korn_Ferry_Ireland.pdf
2026-03-03 17:26:59,746 - CvAutomation - INFO - Generated Cover Letter for Korn Ferry
2026-03-03 18:17:18,204 - CvAutomation - INFO - Updated CV saved to: C:\Users\catch\Desktop\Cv Automation\outputs\03-03-26\Strive_Search\Madhav_Manohar_Gopal_CV_Strive_Search_Ireland.docx
2026-03-03 18:17:18,205 - CvAutomation - INFO - Replaced: 19, Added: 0, Removed: 2 bullet points
2026-03-03 18:17:18,205 - CvAutomation - DEBUG - Cleaning up trailing empty paragraphs...
2026-03-03 18:17:24,462 - CvAutomation - INFO - PDF created: C:\Users\catch\Desktop\Cv Automation\outputs\03-03-26\Strive_Search\Madhav_Manohar_Gopal_CV_Strive_Search_Ireland.pdf
2026-03-03 18:17:24,593 - CvAutomation - INFO - Generated CV for Strive Search in Ireland
2026-03-03 18:17:32,054 - CvAutomation - INFO - PDF created: C:\Users\catch\Desktop\Cv Automation\outputs\03-03-26\Strive_Search\Madhav_Manohar_Gopal_Cover_Letter_Strive_Search_Ireland.pdf
2026-03-03 18:17:32,112 - CvAutomation - INFO - Generated Cover Letter for Strive Search
