2026-02-25 09:55:29,597 - CvAutomation - INFO - Updated CV saved to: C:\Users\catch\Desktop\Cv Automation\outputs\25-02-26\Everllence\Madhav_Manohar_Gopal_CV_Everllence_Denmark.docx
2026-02-25 09:55:29,598 - CvAutomation - INFO - Replaced: 20, Added: 2, Removed: 1 bullet points
2026-02-25 09:55:29,599 - CvAutomation - DEBUG - Cleaning up trailing empty paragraphs...
2026-02-25 09:55:38,453 - CvAutomation - INFO - PDF created: C:\Users\catch\Desktop\Cv Automation\outputs\25-02-26\Everllence\Madhav_Manohar_Gopal_CV_Everllence_Denmark.pdf
2026-02-25 09:55:38,590 - CvAutomation - INFO - Generated CV for Everllence in Denmark
2026-02-25 09:55:41,963 - CvAutomation - INFO - PDF created: C:\Users\catch\Desktop\Cv Automation\outputs\25-02-26\Everllence\Madhav_Manohar_Gopal_Cover_Letter_Everllence_Denmark.pdf
2026-02-25 09:55:42,005 - CvAutomation - INFO - Generated Cover Letter for Everllence
2026-02-25 09:57:32,489 - CvAutomation - INFO - Updated CV saved to: C:\Users\catch\Desktop\Cv Automation\outputs\25-02-26\Everllence\Madhav_Manohar_Gopal_CV_Everllence_Denmark.docx
2026-02-25 09:57:32,489 - CvAutomation - INFO - Replaced: 20, Added: 6, Removed: 1 bullet points
2026-02-25 09:57:32,490 - CvAutomation - DEBUG - Cleaning up trailing empty paragraphs...
2026-02-25 09:57:39,107 - CvAutomation - INFO - PDF created: C:\Users\catch\Desktop\Cv Automation\outputs\25-02-26\Everllence\Madhav_Manohar_Gopal_CV_Everllence_Denmark.pdf
2026-02-25 09:57:39,209 - CvAutomation - INFO - Generated CV for Everllence in Denmark
2026-02-25 10:00:05,370 - CvAutomation - INFO - Updated CV saved to: C:\Users\catch\Desktop\Cv Automation\outputs\25-02-26\Everllence\Madhav_Manohar_Gopal_CV_Everllence_Denmark.docx
2026-02-25 10:00:05,371 - CvAutomation - INFO - Replaced: 20, Added: 6, Removed: 1 bullet points
2026-02-25 10:00:05,371 - CvAutomation - DEBUG - Cleaning up trailing empty paragraphs...
2026-02-25 10:00:09,916 - CvAutomation - INFO - PDF created: C:\Users\catch\Desktop\Cv Automation\outputs\25-02-26\Everllence\Madhav_Manohar_Gopal_CV_Everllence_Denmark.pdf
2026-02-25 10:00:10,065 - CvAutomation - INFO - Generated CV for Everllence in Denmark
2026-02-25 10:02:18,383 - CvAutomation - INFO - Updated CV saved to: C:\Users\catch\Desktop\Cv Automation\outputs\25-02-26\Everllence\Madhav_Manohar_Gopal_CV_Everllence_Denmark.docx
2026-02-25 10:02:18,384 - CvAutomation - INFO - Replaced: 19, Added: 2, Removed: 2 bullet points
2026-02-25 10:02:18,384 - CvAutomation - DEBUG - Cleaning up trailing empty paragraphs...
2026-02-25 10:02:22,906 - CvAutomation - INFO - PDF created: C:\Users\catch\Desktop\Cv Automation\outputs\25-02-26\Everllence\Madhav_Manohar_Gopal_CV_Everllence_Denmark.pdf
2026-02-25 10:02:23,041 - CvAutomation - INFO - Generated CV for Everllence in Denmark
2026-02-25 10:16:24,973 - CvAutomation - INFO - Updated CV saved to: C:\Users\catch\Desktop\Cv Automation\outputs\25-02-26\Enertek_Group\Madhav_Manohar_Gopal_CV_Enertek_Group_Sweden.docx
2026-02-25 10:16:24,974 - CvAutomation - INFO - Replaced: 18, Added: 0, Removed: 3 bullet points
2026-02-25 10:16:24,974 - CvAutomation - DEBUG - Cleaning up trailing empty paragraphs...
2026-02-25 10:16:31,054 - CvAutomation - INFO - PDF created: C:\Users\catch\Desktop\Cv Automation\outputs\25-02-26\Enertek_Group\Madhav_Manohar_Gopal_CV_Enertek_Group_Sweden.pdf
2026-02-25 10:16:31,230 - CvAutomation - INFO - Generated CV for Enertek Group in Sweden
2026-02-25 11:22:09,176 - CvAutomation - INFO - Updated CV saved to: C:\Users\catch\Desktop\Cv Automation\outputs\25-02-26\Hms_Industrial_Networks\Madhav_Manohar_Gopal_CV_Hms_Industrial_Networks_Sweden.docx
2026-02-25 11:22:09,176 - CvAutomation - INFO - Replaced: 19, Added: 1, Removed: 2 bullet points
2026-02-25 11:22:09,176 - CvAutomation - DEBUG - Cleaning up trailing empty paragraphs...
2026-02-25 11:22:13,568 - CvAutomation - INFO - PDF created: C:\Users\catch\Desktop\Cv Automation\outputs\25-02-26\Hms_Industrial_Networks\Madhav_Manohar_Gopal_CV_Hms_Industrial_Networks_Sweden.pdf
2026-02-25 11:22:13,644 - CvAutomation - INFO - Generated CV for Hms Industrial Networks in Sweden
2026-02-25 11:22:17,802 - CvAutomation - INFO - PDF created: C:\Users\catch\Desktop\Cv Automation\outputs\25-02-26\Hms_Industrial_Networks\Madhav_Manohar_Gopal_Cover_Letter_Hms_Industrial_Networks_Sweden.pdf
2026-02-25 11:22:17,834 - CvAutomation - INFO - Generated Cover Letter for Hms Industrial Networks
2026-02-25 13:17:59,457 - CvAutomation - INFO - Updated CV saved to: C:\Users\catch\Desktop\Cv Automation\outputs\25-02-26\Arlo\Madhav_Manohar_Gopal_CV_Arlo_Ireland.docx
2026-02-25 13:17:59,458 - CvAutomation - INFO - Replaced: 19, Added: 0, Removed: 2 bullet points
2026-02-25 13:17:59,459 - CvAutomation - DEBUG - Cleaning up trailing empty paragraphs...
2026-02-25 13:18:07,384 - CvAutomation - INFO - PDF created: C:\Users\catch\Desktop\Cv Automation\outputs\25-02-26\Arlo\Madhav_Manohar_Gopal_CV_Arlo_Ireland.pdf
2026-02-25 13:18:07,561 - CvAutomation - INFO - Generated CV for Arlo in Ireland
2026-02-25 13:38:38,861 - CvAutomation - INFO - PDF created: C:\Users\catch\Desktop\Cv Automation\outputs\25-02-26\Arlo\Madhav_Manohar_Gopal_Cover_Letter_Arlo_Ireland.pdf
2026-02-25 13:38:38,899 - CvAutomation - INFO - Generated Cover Letter for Arlo
2026-02-25 16:58:08,154 - CvAutomation - INFO - Updated CV saved to: C:\Users\catch\Desktop\Cv Automation\outputs\25-02-26\Equifax\Madhav_Manohar_Gopal_CV_Equifax_Ireland.docx
2026-02-25 16:58:08,155 - CvAutomation - INFO - Replaced: 20, Added: 2, Removed: 1 bullet points
2026-02-25 16:58:08,155 - CvAutomation - DEBUG - Cleaning up trailing empty paragraphs...
2026-02-25 16:58:17,175 - CvAutomation - INFO - PDF created: C:\Users\catch\Desktop\Cv Automation\outputs\25-02-26\Equifax\Madhav_Manohar_Gopal_CV_Equifax_Ireland.pdf
2026-02-25 16:58:17,324 - CvAutomation - INFO - Generated CV for Equifax in Ireland
2026-02-25 16:58:21,451 - CvAutomation - INFO - PDF created: C:\Users\catch\Desktop\Cv Automation\outputs\25-02-26\Equifax\Madhav_Manohar_Gopal_Cover_Letter_Equifax_Ireland.pdf
2026-02-25 16:58:21,503 - CvAutomation - INFO - Generated Cover Letter for Equifax
2026-02-25 17:37:04,861 - CvAutomation - INFO - Updated CV saved to: C:\Users\catch\Desktop\Cv Automation\outputs\25-02-26\Tenth_Revolution_Group\Madhav_Manohar_Gopal_CV_Tenth_Revolution_Group_Sweden.docx
2026-02-25 17:37:04,862 - CvAutomation - INFO - Replaced: 18, Added: 1, Removed: 3 bullet points
2026-02-25 17:37:04,863 - CvAutomation - DEBUG - Cleaning up trailing empty paragraphs...
2026-02-25 17:37:12,287 - CvAutomation - INFO - PDF created: C:\Users\catch\Desktop\Cv Automation\outputs\25-02-26\Tenth_Revolution_Group\Madhav_Manohar_Gopal_CV_Tenth_Revolution_Group_Sweden.pdf
2026-02-25 17:37:12,485 - CvAutomation - INFO - Generated CV for Tenth Revolution Group in Sweden
2026-02-25 17:51:51,350 - CvAutomation - INFO - Updated CV saved to: C:\Users\catch\Desktop\Cv Automation\outputs\25-02-26\Accenture_Nordics\Madhav_Manohar_Gopal_CV_Accenture_Nordics_Sweden.docx
2026-02-25 17:51:51,350 - CvAutomation - INFO - Replaced: 19, Added: 0, Removed: 2 bullet points
2026-02-25 17:51:51,351 - CvAutomation - DEBUG - Cleaning up trailing empty paragraphs...
2026-02-25 17:51:58,806 - CvAutomation - INFO - PDF created: C:\Users\catch\Desktop\Cv Automation\outputs\25-02-26\Accenture_Nordics\Madhav_Manohar_Gopal_CV_Accenture_Nordics_Sweden.pdf
2026-02-25 17:51:58,971 - CvAutomation - INFO - Generated CV for Accenture Nordics in Sweden
2026-02-25 17:57:33,527 - CvAutomation - INFO - PDF created: C:\Users\catch\Desktop\Cv Automation\outputs\25-02-26\Accenture_Nordics\Madhav_Manohar_Gopal_Cover_Letter_Accenture_Nordics_Sweden.pdf
2026-02-25 17:57:33,561 - CvAutomation - INFO - Generated Cover Letter for Accenture Nordics
2026-02-25 18:05:36,286 - CvAutomation - INFO - Updated CV saved to: C:\Users\catch\Desktop\Cv Automation\outputs\25-02-26\Publicis_Groupe\Madhav_Manohar_Gopal_CV_Publicis_Groupe_Sweden.docx
2026-02-25 18:05:36,287 - CvAutomation - INFO - Replaced: 20, Added: 0, Removed: 1 bullet points
2026-02-25 18:05:36,287 - CvAutomation - DEBUG - Cleaning up trailing empty paragraphs...
2026-02-25 18:05:42,507 - CvAutomation - INFO - PDF created: C:\Users\catch\Desktop\Cv Automation\outputs\25-02-26\Publicis_Groupe\Madhav_Manohar_Gopal_CV_Publicis_Groupe_Sweden.pdf
2026-02-25 18:05:42,595 - CvAutomation - INFO - Generated CV for Publicis Groupe in Sweden
2026-02-25 18:05:47,699 - CvAutomation - INFO - PDF created: C:\Users\catch\Desktop\Cv Automation\outputs\25-02-26\Publicis_Groupe\Madhav_Manohar_Gopal_Cover_Letter_Publicis_Groupe_Sweden.pdf
2026-02-25 18:05:47,766 - CvAutomation - INFO - Generated Cover Letter for Publicis Groupe
2026-02-25 18:14:33,827 - CvAutomation - INFO - Updated CV saved to: C:\Users\catch\Desktop\Cv Automation\outputs\25-02-26\Business_Post\Madhav_Manohar_Gopal_CV_Business_Post_Ireland.docx
2026-02-25 18:14:33,827 - CvAutomation - INFO - Replaced: 21, Added: 3, Removed: 0 bullet points
2026-02-25 18:14:33,827 - CvAutomation - DEBUG - Cleaning up trailing empty paragraphs...
2026-02-25 18:14:39,990 - CvAutomation - INFO - PDF created: C:\Users\catch\Desktop\Cv Automation\outputs\25-02-26\Business_Post\Madhav_Manohar_Gopal_CV_Business_Post_Ireland.pdf
2026-02-25 18:14:40,092 - CvAutomation - INFO - Generated CV for Business Post in Ireland
2026-02-25 20:02:08,883 - CvAutomation - INFO - Updated CV saved to: C:\Users\catch\Desktop\Cv Automation\outputs\25-02-26\Business_Post\Madhav_Manohar_Gopal_CV_Business_Post_Ireland.docx
2026-02-25 20:02:08,883 - CvAutomation - INFO - Replaced: 21, Added: 3, Removed: 0 bullet points
2026-02-25 20:02:08,884 - CvAutomation - DEBUG - Cleaning up trailing empty paragraphs...
2026-02-25 20:02:14,897 - CvAutomation - INFO - PDF created: C:\Users\catch\Desktop\Cv Automation\outputs\25-02-26\Business_Post\Madhav_Manohar_Gopal_CV_Business_Post_Ireland.pdf
2026-02-25 20:02:15,018 - CvAutomation - INFO - Generated CV for Business Post in Ireland
2026-02-25 20:16:59,629 - CvAutomation - INFO - Updated CV saved to: C:\Users\catch\Desktop\Cv Automation\outputs\25-02-26\Pandora\Madhav_Manohar_Gopal_CV_Pandora_Denmark.docx
2026-02-25 20:16:59,629 - CvAutomation - INFO - Replaced: 17, Added: 0, Removed: 4 bullet points
2026-02-25 20:16:59,629 - CvAutomation - DEBUG - Cleaning up trailing empty paragraphs...
2026-02-25 20:17:05,459 - CvAutomation - INFO - PDF created: C:\Users\catch\Desktop\Cv Automation\outputs\25-02-26\Pandora\Madhav_Manohar_Gopal_CV_Pandora_Denmark.pdf
2026-02-25 20:17:05,605 - CvAutomation - INFO - Generated CV for Pandora in Denmark
2026-02-25 20:17:11,318 - CvAutomation - INFO - PDF created: C:\Users\catch\Desktop\Cv Automation\outputs\25-02-26\Pandora\Madhav_Manohar_Gopal_Cover_Letter_Pandora_Denmark.pdf
2026-02-25 20:17:11,382 - CvAutomation - INFO - Generated Cover Letter for Pandora
2026-02-25 20:20:14,768 - CvAutomation - INFO - Updated CV saved to: C:\Users\catch\Desktop\Cv Automation\outputs\25-02-26\Pandora\Madhav_Manohar_Gopal_CV_Pandora_Denmark.docx
2026-02-25 20:20:14,769 - CvAutomation - INFO - Replaced: 17, Added: 1, Removed: 4 bullet points
2026-02-25 20:20:14,769 - CvAutomation - DEBUG - Cleaning up trailing empty paragraphs...
2026-02-25 20:20:21,356 - CvAutomation - INFO - PDF created: C:\Users\catch\Desktop\Cv Automation\outputs\25-02-26\Pandora\Madhav_Manohar_Gopal_CV_Pandora_Denmark.pdf
2026-02-25 20:20:21,455 - CvAutomation - INFO - Generated CV for Pandora in Denmark
2026-02-25 20:21:22,572 - CvAutomation - INFO - Updated CV saved to: C:\Users\catch\Desktop\Cv Automation\outputs\25-02-26\Pandora\Madhav_Manohar_Gopal_CV_Pandora_Denmark.docx
2026-02-25 20:21:22,572 - CvAutomation - INFO - Replaced: 17, Added: 1, Removed: 4 bullet points
2026-02-25 20:21:22,573 - CvAutomation - DEBUG - Cleaning up trailing empty paragraphs...
2026-02-25 20:21:26,936 - CvAutomation - INFO - PDF created: C:\Users\catch\Desktop\Cv Automation\outputs\25-02-26\Pandora\Madhav_Manohar_Gopal_CV_Pandora_Denmark.pdf
2026-02-25 20:21:27,072 - CvAutomation - INFO - Generated CV for Pandora in Denmark
2026-02-25 20:51:38,303 - CvAutomation - INFO - Updated CV saved to: C:\Users\catch\Desktop\Cv Automation\outputs\25-02-26\Famly\Madhav_Manohar_Gopal_CV_Famly_Denmark.docx
2026-02-25 20:51:38,303 - CvAutomation - INFO - Replaced: 21, Added: 1, Removed: 0 bullet points
2026-02-25 20:51:38,304 - CvAutomation - DEBUG - Cleaning up trailing empty paragraphs...
2026-02-25 20:51:42,823 - CvAutomation - INFO - PDF created: C:\Users\catch\Desktop\Cv Automation\outputs\25-02-26\Famly\Madhav_Manohar_Gopal_CV_Famly_Denmark.pdf
2026-02-25 20:51:42,919 - CvAutomation - INFO - Generated CV for Famly in Denmark
2026-02-25 20:51:47,453 - CvAutomation - INFO - PDF created: C:\Users\catch\Desktop\Cv Automation\outputs\25-02-26\Famly\Madhav_Manohar_Gopal_Cover_Letter_Famly_Denmark.pdf
2026-02-25 20:51:47,496 - CvAutomation - INFO - Generated Cover Letter for Famly
2026-02-25 20:54:03,693 - CvAutomation - INFO - PDF created: C:\Users\catch\Desktop\Cv Automation\outputs\25-02-26\Famly\Madhav_Manohar_Gopal_Cover_Letter_Famly_Denmark.pdf
2026-02-25 20:54:03,724 - CvAutomation - INFO - Generated Cover Letter for Famly
