2026-04-07 09:25:09,734 - CvAutomation - INFO - Updated CV saved to: C:\Users\catch\Desktop\Cv Automation\outputs\07-04-26\Avy\Madhav_Manohar_Gopal_CV_Avy_Sweden.docx
2026-04-07 09:25:09,734 - CvAutomation - INFO - Replaced: 20, Added: 1, Removed: 1 bullet points
2026-04-07 09:25:09,734 - CvAutomation - DEBUG - Cleaning up trailing empty paragraphs...
2026-04-07 09:25:19,996 - CvAutomation - INFO - PDF created: C:\Users\catch\Desktop\Cv Automation\outputs\07-04-26\Avy\Madhav_Manohar_Gopal_CV_Avy_Sweden.pdf
2026-04-07 09:25:20,096 - CvAutomation - INFO - Generated CV for Avy in Sweden
2026-04-07 09:39:38,410 - CvAutomation - INFO - Updated CV saved to: C:\Users\catch\Desktop\Cv Automation\outputs\07-04-26\Marsh\Madhav_Manohar_Gopal_CV_Marsh_Ireland.docx
2026-04-07 09:39:38,410 - CvAutomation - INFO - Replaced: 21, Added: 4, Removed: 0 bullet points
2026-04-07 09:39:38,410 - CvAutomation - DEBUG - Cleaning up trailing empty paragraphs...
2026-04-07 09:39:44,202 - CvAutomation - INFO - PDF created: C:\Users\catch\Desktop\Cv Automation\outputs\07-04-26\Marsh\Madhav_Manohar_Gopal_CV_Marsh_Ireland.pdf
2026-04-07 09:39:44,285 - CvAutomation - INFO - Generated CV for Marsh in Ireland
2026-04-07 09:39:48,977 - CvAutomation - INFO - PDF created: C:\Users\catch\Desktop\Cv Automation\outputs\07-04-26\Marsh\Madhav_Manohar_Gopal_Cover_Letter_Marsh_Ireland.pdf
2026-04-07 09:39:49,014 - CvAutomation - INFO - Generated Cover Letter for Marsh
2026-04-07 20:27:51,435 - CvAutomation - INFO - Updated CV saved to: C:\Users\catch\Desktop\Cv Automation\outputs\07-04-26\Lely\Madhav_Manohar_Gopal_CV_Lely_Netherlands.docx
2026-04-07 20:27:51,436 - CvAutomation - INFO - Replaced: 20, Added: 0, Removed: 1 bullet points
2026-04-07 20:27:51,436 - CvAutomation - DEBUG - Cleaning up trailing empty paragraphs...
2026-04-07 20:27:59,552 - CvAutomation - INFO - PDF created: C:\Users\catch\Desktop\Cv Automation\outputs\07-04-26\Lely\Madhav_Manohar_Gopal_CV_Lely_Netherlands.pdf
2026-04-07 20:27:59,658 - CvAutomation - INFO - Generated CV for Lely in Netherlands
2026-04-07 20:28:24,269 - CvAutomation - INFO - PDF created: C:\Users\catch\Desktop\Cv Automation\outputs\07-04-26\Lely\Madhav_Manohar_Gopal_Cover_Letter_Lely_Netherlands.pdf
2026-04-07 20:28:24,303 - CvAutomation - INFO - Generated Cover Letter for Lely
2026-04-07 20:37:35,785 - CvAutomation - INFO - Updated CV saved to: C:\Users\catch\Desktop\Cv Automation\outputs\07-04-26\Dnv\Madhav_Manohar_Gopal_CV_Dnv_Denmark.docx
2026-04-07 20:37:35,785 - CvAutomation - INFO - Replaced: 20, Added: 0, Removed: 1 bullet points
2026-04-07 20:37:35,785 - CvAutomation - DEBUG - Cleaning up trailing empty paragraphs...
2026-04-07 20:37:39,089 - CvAutomation - INFO - PDF created: C:\Users\catch\Desktop\Cv Automation\outputs\07-04-26\Dnv\Madhav_Manohar_Gopal_CV_Dnv_Denmark.pdf
2026-04-07 20:37:39,198 - CvAutomation - INFO - Generated CV for Dnv in Denmark
2026-04-07 20:38:45,745 - CvAutomation - INFO - Updated CV saved to: C:\Users\catch\Desktop\Cv Automation\outputs\07-04-26\Dnv\Madhav_Manohar_Gopal_CV_Dnv_Denmark.docx
2026-04-07 20:38:45,745 - CvAutomation - INFO - Replaced: 20, Added: 0, Removed: 1 bullet points
2026-04-07 20:38:45,745 - CvAutomation - DEBUG - Cleaning up trailing empty paragraphs...
2026-04-07 20:38:50,173 - CvAutomation - INFO - PDF created: C:\Users\catch\Desktop\Cv Automation\outputs\07-04-26\Dnv\Madhav_Manohar_Gopal_CV_Dnv_Denmark.pdf
2026-04-07 20:38:50,282 - CvAutomation - INFO - Generated CV for Dnv in Denmark
