2026-05-10 10:58:45,605 - CvAutomation - INFO - Updated CV saved to: C:\Users\catch\Desktop\Cv Automation\outputs\10-05-26\Citi\Madhav_Manohar_Gopal_CV_Citi_Ireland.docx
2026-05-10 10:58:45,606 - CvAutomation - INFO - Replaced: 26, Added: 13, Removed: 0 bullet points
2026-05-10 10:58:45,606 - CvAutomation - DEBUG - Cleaning up trailing empty paragraphs...
2026-05-10 10:58:53,265 - CvAutomation - INFO - PDF created: C:\Users\catch\Desktop\Cv Automation\outputs\10-05-26\Citi\Madhav_Manohar_Gopal_CV_Citi_Ireland.pdf
2026-05-10 10:58:53,391 - CvAutomation - INFO - Generated CV for Citi in Ireland
2026-05-10 11:01:00,922 - CvAutomation - INFO - Updated CV saved to: C:\Users\catch\Desktop\Cv Automation\outputs\10-05-26\Citi\Madhav_Manohar_Gopal_CV_Citi_Ireland.docx
2026-05-10 11:01:00,922 - CvAutomation - INFO - Replaced: 26, Added: 7, Removed: 0 bullet points
2026-05-10 11:01:00,922 - CvAutomation - DEBUG - Cleaning up trailing empty paragraphs...
2026-05-10 11:01:03,182 - CvAutomation - INFO - PDF created: C:\Users\catch\Desktop\Cv Automation\outputs\10-05-26\Citi\Madhav_Manohar_Gopal_CV_Citi_Ireland.pdf
2026-05-10 11:01:03,271 - CvAutomation - INFO - Generated CV for Citi in Ireland
2026-05-10 11:03:05,913 - CvAutomation - INFO - PDF created: C:\Users\catch\Desktop\Cv Automation\outputs\10-05-26\Citi\Madhav_Manohar_Gopal_Cover_Letter_Citi_Ireland.pdf
2026-05-10 11:03:05,951 - CvAutomation - INFO - Generated Cover Letter for Citi
2026-05-10 11:11:24,432 - CvAutomation - INFO - Updated CV saved to: C:\Users\catch\Desktop\Cv Automation\outputs\10-05-26\Citi\Madhav_Manohar_Gopal_CV_Citi_Ireland.docx
2026-05-10 11:11:24,432 - CvAutomation - INFO - Replaced: 26, Added: 6, Removed: 0 bullet points
2026-05-10 11:11:24,432 - CvAutomation - DEBUG - Cleaning up trailing empty paragraphs...
2026-05-10 11:11:30,129 - CvAutomation - INFO - PDF created: C:\Users\catch\Desktop\Cv Automation\outputs\10-05-26\Citi\Madhav_Manohar_Gopal_CV_Citi_Ireland.pdf
2026-05-10 11:11:30,233 - CvAutomation - INFO - Generated CV for Citi in Ireland
2026-05-10 11:11:36,280 - CvAutomation - INFO - Updated CV saved to: C:\Users\catch\Desktop\Cv Automation\outputs\10-05-26\Arup\Madhav_Manohar_Gopal_CV_Arup_Ireland.docx
2026-05-10 11:11:36,280 - CvAutomation - INFO - Replaced: 26, Added: 6, Removed: 0 bullet points
2026-05-10 11:11:36,281 - CvAutomation - DEBUG - Cleaning up trailing empty paragraphs...
2026-05-10 11:11:42,069 - CvAutomation - INFO - PDF created: C:\Users\catch\Desktop\Cv Automation\outputs\10-05-26\Arup\Madhav_Manohar_Gopal_CV_Arup_Ireland.pdf
2026-05-10 11:11:42,180 - CvAutomation - INFO - Generated CV for Arup in Ireland
2026-05-10 11:13:19,875 - CvAutomation - INFO - Updated CV saved to: C:\Users\catch\Desktop\Cv Automation\outputs\10-05-26\Arup\Madhav_Manohar_Gopal_CV_Arup_Ireland.docx
2026-05-10 11:13:19,875 - CvAutomation - INFO - Replaced: 26, Added: 2, Removed: 0 bullet points
2026-05-10 11:13:19,875 - CvAutomation - DEBUG - Cleaning up trailing empty paragraphs...
2026-05-10 11:13:24,309 - CvAutomation - INFO - PDF created: C:\Users\catch\Desktop\Cv Automation\outputs\10-05-26\Arup\Madhav_Manohar_Gopal_CV_Arup_Ireland.pdf
2026-05-10 11:13:24,389 - CvAutomation - INFO - Generated CV for Arup in Ireland
2026-05-10 11:16:30,945 - CvAutomation - INFO - PDF created: C:\Users\catch\Desktop\Cv Automation\outputs\10-05-26\Arup\Madhav_Manohar_Gopal_Cover_Letter_Arup_Ireland.pdf
2026-05-10 11:16:30,983 - CvAutomation - INFO - Generated Cover Letter for Arup
2026-05-10 11:24:14,984 - CvAutomation - INFO - Updated CV saved to: C:\Users\catch\Desktop\Cv Automation\outputs\10-05-26\Fineos\Madhav_Manohar_Gopal_CV_Fineos_Ireland.docx
2026-05-10 11:24:14,984 - CvAutomation - INFO - Replaced: 26, Added: 5, Removed: 0 bullet points
2026-05-10 11:24:14,984 - CvAutomation - DEBUG - Cleaning up trailing empty paragraphs...
2026-05-10 11:24:20,674 - CvAutomation - INFO - PDF created: C:\Users\catch\Desktop\Cv Automation\outputs\10-05-26\Fineos\Madhav_Manohar_Gopal_CV_Fineos_Ireland.pdf
2026-05-10 11:24:20,773 - CvAutomation - INFO - Generated CV for Fineos in Ireland
2026-05-10 11:25:37,279 - CvAutomation - INFO - PDF created: C:\Users\catch\Desktop\Cv Automation\outputs\10-05-26\Fineos\Madhav_Manohar_Gopal_Cover_Letter_Fineos_Ireland.pdf
2026-05-10 11:25:37,311 - CvAutomation - INFO - Generated Cover Letter for Fineos
