2026-03-09 10:56:20,138 - CvAutomation - INFO - Updated CV saved to: C:\Users\catch\Desktop\Cv Automation\outputs\09-03-26\Traffic_Lab\Madhav_Manohar_Gopal_CV_Traffic_Lab_Denmark.docx
2026-03-09 10:56:20,139 - CvAutomation - INFO - Replaced: 20, Added: 1, Removed: 1 bullet points
2026-03-09 10:56:20,139 - CvAutomation - DEBUG - Cleaning up trailing empty paragraphs...
2026-03-09 10:56:28,077 - CvAutomation - INFO - PDF created: C:\Users\catch\Desktop\Cv Automation\outputs\09-03-26\Traffic_Lab\Madhav_Manohar_Gopal_CV_Traffic_Lab_Denmark.pdf
2026-03-09 10:56:28,196 - CvAutomation - INFO - Generated CV for Traffic Lab in Denmark
2026-03-09 10:58:04,105 - CvAutomation - INFO - Updated CV saved to: C:\Users\catch\Desktop\Cv Automation\outputs\09-03-26\Traffic_Lab\Madhav_Manohar_Gopal_CV_Traffic_Lab_Denmark.docx
2026-03-09 10:58:04,105 - CvAutomation - INFO - Replaced: 20, Added: 1, Removed: 1 bullet points
2026-03-09 10:58:04,106 - CvAutomation - DEBUG - Cleaning up trailing empty paragraphs...
2026-03-09 10:58:12,891 - CvAutomation - INFO - PDF created: C:\Users\catch\Desktop\Cv Automation\outputs\09-03-26\Traffic_Lab\Madhav_Manohar_Gopal_CV_Traffic_Lab_Denmark.pdf
2026-03-09 10:58:13,044 - CvAutomation - INFO - Generated CV for Traffic Lab in Denmark
2026-03-09 10:58:19,897 - CvAutomation - INFO - PDF created: C:\Users\catch\Desktop\Cv Automation\outputs\09-03-26\Traffic_Lab\Madhav_Manohar_Gopal_Cover_Letter_Traffic_Lab_Denmark.pdf
2026-03-09 10:58:19,955 - CvAutomation - INFO - Generated Cover Letter for Traffic Lab
2026-03-09 11:02:22,686 - CvAutomation - INFO - Updated CV saved to: C:\Users\catch\Desktop\Cv Automation\outputs\09-03-26\Traffic_Lab\Madhav_Manohar_Gopal_CV_Traffic_Lab_Denmark.docx
2026-03-09 11:02:22,687 - CvAutomation - INFO - Replaced: 20, Added: 1, Removed: 1 bullet points
2026-03-09 11:02:22,687 - CvAutomation - DEBUG - Cleaning up trailing empty paragraphs...
2026-03-09 11:02:30,221 - CvAutomation - INFO - PDF created: C:\Users\catch\Desktop\Cv Automation\outputs\09-03-26\Traffic_Lab\Madhav_Manohar_Gopal_CV_Traffic_Lab_Denmark.pdf
2026-03-09 11:02:30,369 - CvAutomation - INFO - Generated CV for Traffic Lab in Denmark
2026-03-09 17:41:18,200 - CvAutomation - INFO - Updated CV saved to: C:\Users\catch\Desktop\Cv Automation\outputs\09-03-26\Abb_Robotics\Madhav_Manohar_Gopal_CV_Abb_Robotics_Sweden.docx
2026-03-09 17:41:18,201 - CvAutomation - INFO - Replaced: 21, Added: 0, Removed: 0 bullet points
2026-03-09 17:41:18,201 - CvAutomation - DEBUG - Cleaning up trailing empty paragraphs...
2026-03-09 17:41:25,225 - CvAutomation - INFO - PDF created: C:\Users\catch\Desktop\Cv Automation\outputs\09-03-26\Abb_Robotics\Madhav_Manohar_Gopal_CV_Abb_Robotics_Sweden.pdf
2026-03-09 17:41:25,324 - CvAutomation - INFO - Generated CV for Abb Robotics in Sweden
2026-03-09 17:43:22,203 - CvAutomation - INFO - Updated CV saved to: C:\Users\catch\Desktop\Cv Automation\outputs\09-03-26\Abb_Robotics\Madhav_Manohar_Gopal_CV_Abb_Robotics_Sweden.docx
2026-03-09 17:43:22,203 - CvAutomation - INFO - Replaced: 19, Added: 0, Removed: 2 bullet points
2026-03-09 17:43:22,203 - CvAutomation - DEBUG - Cleaning up trailing empty paragraphs...
2026-03-09 17:43:27,998 - CvAutomation - INFO - PDF created: C:\Users\catch\Desktop\Cv Automation\outputs\09-03-26\Abb_Robotics\Madhav_Manohar_Gopal_CV_Abb_Robotics_Sweden.pdf
2026-03-09 17:43:28,060 - CvAutomation - INFO - Generated CV for Abb Robotics in Sweden
2026-03-09 17:44:34,383 - CvAutomation - INFO - PDF created: C:\Users\catch\Desktop\Cv Automation\outputs\09-03-26\Abb_Robotics\Madhav_Manohar_Gopal_Cover_Letter_Abb_Robotics_Sweden.pdf
2026-03-09 17:44:34,408 - CvAutomation - INFO - Generated Cover Letter for Abb Robotics
2026-03-09 18:01:23,514 - CvAutomation - INFO - Updated CV saved to: C:\Users\catch\Desktop\Cv Automation\outputs\09-03-26\Musgrave\Madhav_Manohar_Gopal_CV_Musgrave_Ireland.docx
2026-03-09 18:01:23,514 - CvAutomation - INFO - Replaced: 20, Added: 0, Removed: 1 bullet points
2026-03-09 18:01:23,514 - CvAutomation - DEBUG - Cleaning up trailing empty paragraphs...
2026-03-09 18:01:29,428 - CvAutomation - INFO - PDF created: C:\Users\catch\Desktop\Cv Automation\outputs\09-03-26\Musgrave\Madhav_Manohar_Gopal_CV_Musgrave_Ireland.pdf
2026-03-09 18:01:29,533 - CvAutomation - INFO - Generated CV for Musgrave in Ireland
2026-03-09 18:01:32,904 - CvAutomation - INFO - PDF created: C:\Users\catch\Desktop\Cv Automation\outputs\09-03-26\Musgrave\Madhav_Manohar_Gopal_Cover_Letter_Musgrave_Ireland.pdf
2026-03-09 18:01:32,932 - CvAutomation - INFO - Generated Cover Letter for Musgrave
2026-03-09 18:05:44,657 - CvAutomation - INFO - PDF created: C:\Users\catch\Desktop\Cv Automation\outputs\09-03-26\Musgrave\Madhav_Manohar_Gopal_Cover_Letter_Musgrave_Ireland.pdf
2026-03-09 18:05:44,679 - CvAutomation - INFO - Generated Cover Letter for Musgrave
2026-03-09 18:16:53,777 - CvAutomation - INFO - Updated CV saved to: C:\Users\catch\Desktop\Cv Automation\outputs\09-03-26\Musgrave_Ds\Madhav_Manohar_Gopal_CV_Musgrave_Ds_Ireland.docx
2026-03-09 18:16:53,778 - CvAutomation - INFO - Replaced: 21, Added: 1, Removed: 0 bullet points
2026-03-09 18:16:53,778 - CvAutomation - DEBUG - Cleaning up trailing empty paragraphs...
2026-03-09 18:16:59,932 - CvAutomation - INFO - PDF created: C:\Users\catch\Desktop\Cv Automation\outputs\09-03-26\Musgrave_Ds\Madhav_Manohar_Gopal_CV_Musgrave_Ds_Ireland.pdf
2026-03-09 18:17:00,096 - CvAutomation - INFO - Generated CV for Musgrave_Ds in Ireland
2026-03-09 18:17:19,529 - CvAutomation - INFO - Updated CV saved to: C:\Users\catch\Desktop\Cv Automation\outputs\09-03-26\Musgrave_Ds\Madhav_Manohar_Gopal_CV_Musgrave_Ds_Ireland.docx
2026-03-09 18:17:19,529 - CvAutomation - INFO - Replaced: 21, Added: 1, Removed: 0 bullet points
2026-03-09 18:17:19,529 - CvAutomation - DEBUG - Cleaning up trailing empty paragraphs...
2026-03-09 18:17:22,311 - CvAutomation - INFO - PDF created: C:\Users\catch\Desktop\Cv Automation\outputs\09-03-26\Musgrave_Ds\Madhav_Manohar_Gopal_CV_Musgrave_Ds_Ireland.pdf
2026-03-09 18:17:22,414 - CvAutomation - INFO - Generated CV for Musgrave_Ds in Ireland
2026-03-09 18:36:44,005 - CvAutomation - INFO - Updated CV saved to: C:\Users\catch\Desktop\Cv Automation\outputs\09-03-26\Leovegas\Madhav_Manohar_Gopal_CV_Leovegas_Sweden.docx
2026-03-09 18:36:44,006 - CvAutomation - INFO - Replaced: 21, Added: 0, Removed: 0 bullet points
2026-03-09 18:36:44,006 - CvAutomation - DEBUG - Cleaning up trailing empty paragraphs...
2026-03-09 18:36:50,049 - CvAutomation - INFO - PDF created: C:\Users\catch\Desktop\Cv Automation\outputs\09-03-26\Leovegas\Madhav_Manohar_Gopal_CV_Leovegas_Sweden.pdf
2026-03-09 18:36:50,171 - CvAutomation - INFO - Generated CV for Leovegas in Sweden
2026-03-09 18:36:56,053 - CvAutomation - INFO - PDF created: C:\Users\catch\Desktop\Cv Automation\outputs\09-03-26\Leovegas\Madhav_Manohar_Gopal_Cover_Letter_Leovegas_Sweden.pdf
2026-03-09 18:36:56,089 - CvAutomation - INFO - Generated Cover Letter for Leovegas
2026-03-09 18:37:09,428 - CvAutomation - INFO - PDF created: C:\Users\catch\Desktop\Cv Automation\outputs\09-03-26\Leovegas_Group\Madhav_Manohar_Gopal_Cover_Letter_Leovegas_Group_Sweden.pdf
2026-03-09 18:37:09,470 - CvAutomation - INFO - Generated Cover Letter for Leovegas Group
2026-03-09 18:37:17,840 - CvAutomation - INFO - Updated CV saved to: C:\Users\catch\Desktop\Cv Automation\outputs\09-03-26\Leovegas_Group\Madhav_Manohar_Gopal_CV_Leovegas_Group_Sweden.docx
2026-03-09 18:37:17,840 - CvAutomation - INFO - Replaced: 21, Added: 0, Removed: 0 bullet points
2026-03-09 18:37:17,841 - CvAutomation - DEBUG - Cleaning up trailing empty paragraphs...
2026-03-09 18:37:24,187 - CvAutomation - INFO - PDF created: C:\Users\catch\Desktop\Cv Automation\outputs\09-03-26\Leovegas_Group\Madhav_Manohar_Gopal_CV_Leovegas_Group_Sweden.pdf
2026-03-09 18:37:24,371 - CvAutomation - INFO - Generated CV for Leovegas Group in Sweden
