2026-03-02 17:47:40,386 - CvAutomation - INFO - Updated CV saved to: C:\Users\catch\Desktop\Cv Automation\outputs\02-03-26\Jones_Engineering\Madhav_Manohar_Gopal_CV_Jones_Engineering_Ireland.docx
2026-03-02 17:47:40,387 - CvAutomation - INFO - Replaced: 19, Added: 0, Removed: 2 bullet points
2026-03-02 17:47:40,388 - CvAutomation - DEBUG - Cleaning up trailing empty paragraphs...
2026-03-02 17:47:47,317 - CvAutomation - INFO - PDF created: C:\Users\catch\Desktop\Cv Automation\outputs\02-03-26\Jones_Engineering\Madhav_Manohar_Gopal_CV_Jones_Engineering_Ireland.pdf
2026-03-02 17:47:47,451 - CvAutomation - INFO - Generated CV for Jones Engineering in Ireland
2026-03-02 17:47:52,507 - CvAutomation - INFO - PDF created: C:\Users\catch\Desktop\Cv Automation\outputs\02-03-26\Jones_Engineering\Madhav_Manohar_Gopal_Cover_Letter_Jones_Engineering_Ireland.pdf
2026-03-02 17:47:52,553 - CvAutomation - INFO - Generated Cover Letter for Jones Engineering
2026-03-02 18:08:46,917 - CvAutomation - INFO - Updated CV saved to: C:\Users\catch\Desktop\Cv Automation\outputs\02-03-26\Autocom_Diagnostic_Partner_Ab\Madhav_Manohar_Gopal_CV_Autocom_Diagnostic_Partner_Ab_Sweden.docx
2026-03-02 18:08:46,917 - CvAutomation - INFO - Replaced: 19, Added: 0, Removed: 2 bullet points
2026-03-02 18:08:46,917 - CvAutomation - DEBUG - Cleaning up trailing empty paragraphs...
2026-03-02 18:08:51,334 - CvAutomation - INFO - PDF created: C:\Users\catch\Desktop\Cv Automation\outputs\02-03-26\Autocom_Diagnostic_Partner_Ab\Madhav_Manohar_Gopal_CV_Autocom_Diagnostic_Partner_Ab_Sweden.pdf
2026-03-02 18:08:51,430 - CvAutomation - INFO - Generated CV for Autocom Diagnostic Partner Ab in Sweden
2026-03-02 18:08:56,934 - CvAutomation - INFO - PDF created: C:\Users\catch\Desktop\Cv Automation\outputs\02-03-26\Autocom_Diagnostic_Partner_Ab\Madhav_Manohar_Gopal_Cover_Letter_Autocom_Diagnostic_Partner_Ab_Sweden.pdf
2026-03-02 18:08:56,967 - CvAutomation - INFO - Generated Cover Letter for Autocom Diagnostic Partner Ab
2026-03-02 18:41:01,669 - CvAutomation - INFO - Updated CV saved to: C:\Users\catch\Desktop\Cv Automation\outputs\02-03-26\Realtime_Recruitment\Madhav_Manohar_Gopal_CV_Realtime_Recruitment_Ireland.docx
2026-03-02 18:41:01,669 - CvAutomation - INFO - Replaced: 17, Added: 0, Removed: 4 bullet points
2026-03-02 18:41:01,669 - CvAutomation - DEBUG - Cleaning up trailing empty paragraphs...
2026-03-02 18:41:08,016 - CvAutomation - INFO - PDF created: C:\Users\catch\Desktop\Cv Automation\outputs\02-03-26\Realtime_Recruitment\Madhav_Manohar_Gopal_CV_Realtime_Recruitment_Ireland.pdf
2026-03-02 18:41:08,107 - CvAutomation - INFO - Generated CV for Realtime Recruitment in Ireland
2026-03-02 18:53:53,219 - CvAutomation - INFO - Updated CV saved to: C:\Users\catch\Desktop\Cv Automation\outputs\02-03-26\Ioi\Madhav_Manohar_Gopal_CV_Ioi_Malmo.docx
2026-03-02 18:53:53,219 - CvAutomation - INFO - Replaced: 18, Added: 0, Removed: 3 bullet points
2026-03-02 18:53:53,219 - CvAutomation - DEBUG - Cleaning up trailing empty paragraphs...
2026-03-02 18:53:59,154 - CvAutomation - INFO - PDF created: C:\Users\catch\Desktop\Cv Automation\outputs\02-03-26\Ioi\Madhav_Manohar_Gopal_CV_Ioi_Malmo.pdf
2026-03-02 18:53:59,232 - CvAutomation - INFO - Generated CV for Ioi in Malmo
2026-03-02 18:54:02,676 - CvAutomation - INFO - PDF created: C:\Users\catch\Desktop\Cv Automation\outputs\02-03-26\Ioi\Madhav_Manohar_Gopal_Cover_Letter_Ioi_Sweden.pdf
2026-03-02 18:54:02,704 - CvAutomation - INFO - Generated Cover Letter for Ioi
2026-03-02 20:39:32,777 - CvAutomation - INFO - Updated CV saved to: C:\Users\catch\Desktop\Cv Automation\outputs\02-03-26\Singa\Madhav_Manohar_Gopal_CV_Singa_Finland.docx
2026-03-02 20:39:32,777 - CvAutomation - INFO - Replaced: 20, Added: 2, Removed: 1 bullet points
2026-03-02 20:39:32,778 - CvAutomation - DEBUG - Cleaning up trailing empty paragraphs...
2026-03-02 20:39:41,047 - CvAutomation - INFO - PDF created: C:\Users\catch\Desktop\Cv Automation\outputs\02-03-26\Singa\Madhav_Manohar_Gopal_CV_Singa_Finland.pdf
2026-03-02 20:39:41,196 - CvAutomation - INFO - Generated CV for Singa in Finland
2026-03-02 20:39:47,632 - CvAutomation - INFO - PDF created: C:\Users\catch\Desktop\Cv Automation\outputs\02-03-26\Singa\Madhav_Manohar_Gopal_Cover_Letter_Singa_Finland.pdf
2026-03-02 20:39:47,683 - CvAutomation - INFO - Generated Cover Letter for Singa
2026-03-02 21:22:52,836 - CvAutomation - INFO - Updated CV saved to: C:\Users\catch\Desktop\Cv Automation\outputs\02-03-26\Kognity\Madhav_Manohar_Gopal_CV_Kognity_Sweden.docx
2026-03-02 21:22:52,838 - CvAutomation - INFO - Replaced: 20, Added: 1, Removed: 1 bullet points
2026-03-02 21:22:52,838 - CvAutomation - DEBUG - Cleaning up trailing empty paragraphs...
2026-03-02 21:23:00,792 - CvAutomation - INFO - PDF created: C:\Users\catch\Desktop\Cv Automation\outputs\02-03-26\Kognity\Madhav_Manohar_Gopal_CV_Kognity_Sweden.pdf
2026-03-02 21:23:00,914 - CvAutomation - INFO - Generated CV for Kognity in Sweden
2026-03-02 21:23:07,220 - CvAutomation - INFO - PDF created: C:\Users\catch\Desktop\Cv Automation\outputs\02-03-26\Kognity\Madhav_Manohar_Gopal_Cover_Letter_Kognity_Sweden.pdf
2026-03-02 21:23:07,289 - CvAutomation - INFO - Generated Cover Letter for Kognity
2026-03-02 21:24:18,708 - CvAutomation - INFO - Updated CV saved to: C:\Users\catch\Desktop\Cv Automation\outputs\02-03-26\Kognity\Madhav_Manohar_Gopal_CV_Kognity_Sweden.docx
2026-03-02 21:24:18,709 - CvAutomation - INFO - Replaced: 19, Added: 0, Removed: 2 bullet points
2026-03-02 21:24:18,709 - CvAutomation - DEBUG - Cleaning up trailing empty paragraphs...
2026-03-02 21:24:22,831 - CvAutomation - INFO - PDF created: C:\Users\catch\Desktop\Cv Automation\outputs\02-03-26\Kognity\Madhav_Manohar_Gopal_CV_Kognity_Sweden.pdf
2026-03-02 21:24:22,956 - CvAutomation - INFO - Generated CV for Kognity in Sweden
2026-03-02 21:32:32,631 - CvAutomation - INFO - Updated CV saved to: C:\Users\catch\Desktop\Cv Automation\outputs\02-03-26\Jeppesen_Foreflight\Madhav_Manohar_Gopal_CV_Jeppesen_Foreflight_Sweden.docx
2026-03-02 21:32:32,631 - CvAutomation - INFO - Replaced: 18, Added: 0, Removed: 3 bullet points
2026-03-02 21:32:32,632 - CvAutomation - DEBUG - Cleaning up trailing empty paragraphs...
2026-03-02 21:32:40,487 - CvAutomation - INFO - PDF created: C:\Users\catch\Desktop\Cv Automation\outputs\02-03-26\Jeppesen_Foreflight\Madhav_Manohar_Gopal_CV_Jeppesen_Foreflight_Sweden.pdf
2026-03-02 21:32:40,636 - CvAutomation - INFO - Generated CV for Jeppesen Foreflight in Sweden
2026-03-02 21:32:47,928 - CvAutomation - INFO - PDF created: C:\Users\catch\Desktop\Cv Automation\outputs\02-03-26\Jeppesen_Foreflight\Madhav_Manohar_Gopal_Cover_Letter_Jeppesen_Foreflight_Sweden.pdf
2026-03-02 21:32:47,983 - CvAutomation - INFO - Generated Cover Letter for Jeppesen Foreflight
2026-03-02 21:32:59,554 - CvAutomation - INFO - Updated CV saved to: C:\Users\catch\Desktop\Cv Automation\outputs\02-03-26\Jeppesen_Foreflight\Madhav_Manohar_Gopal_CV_Jeppesen_Foreflight_Sweden.docx
2026-03-02 21:32:59,555 - CvAutomation - INFO - Replaced: 18, Added: 0, Removed: 3 bullet points
2026-03-02 21:32:59,555 - CvAutomation - DEBUG - Cleaning up trailing empty paragraphs...
2026-03-02 21:33:06,815 - CvAutomation - INFO - PDF created: C:\Users\catch\Desktop\Cv Automation\outputs\02-03-26\Jeppesen_Foreflight\Madhav_Manohar_Gopal_CV_Jeppesen_Foreflight_Sweden.pdf
2026-03-02 21:33:07,115 - CvAutomation - INFO - Generated CV for Jeppesen Foreflight in Sweden
2026-03-02 21:33:15,120 - CvAutomation - INFO - PDF created: C:\Users\catch\Desktop\Cv Automation\outputs\02-03-26\Jeppesen_Foreflight\Madhav_Manohar_Gopal_Cover_Letter_Jeppesen_Foreflight_Sweden.pdf
2026-03-02 21:33:15,149 - CvAutomation - INFO - Generated Cover Letter for Jeppesen Foreflight
2026-03-02 21:34:12,599 - CvAutomation - INFO - PDF created: C:\Users\catch\Desktop\Cv Automation\outputs\02-03-26\Jeppesen_Foreflight\Madhav_Manohar_Gopal_Cover_Letter_Jeppesen_Foreflight_Sweden.pdf
2026-03-02 21:34:12,634 - CvAutomation - INFO - Generated Cover Letter for Jeppesen Foreflight
2026-03-02 21:51:08,471 - CvAutomation - INFO - Updated CV saved to: C:\Users\catch\Desktop\Cv Automation\outputs\02-03-26\Swedbank\Madhav_Manohar_Gopal_CV_Swedbank_Sweden.docx
2026-03-02 21:51:08,471 - CvAutomation - INFO - Replaced: 19, Added: 0, Removed: 2 bullet points
2026-03-02 21:51:08,472 - CvAutomation - DEBUG - Cleaning up trailing empty paragraphs...
2026-03-02 21:51:17,243 - CvAutomation - INFO - PDF created: C:\Users\catch\Desktop\Cv Automation\outputs\02-03-26\Swedbank\Madhav_Manohar_Gopal_CV_Swedbank_Sweden.pdf
2026-03-02 21:51:17,392 - CvAutomation - INFO - Generated CV for Swedbank in Sweden
2026-03-02 21:51:23,602 - CvAutomation - INFO - PDF created: C:\Users\catch\Desktop\Cv Automation\outputs\02-03-26\Swedbank\Madhav_Manohar_Gopal_Cover_Letter_Swedbank_Sweden.pdf
2026-03-02 21:51:23,672 - CvAutomation - INFO - Generated Cover Letter for Swedbank
2026-03-02 22:00:55,374 - CvAutomation - INFO - Updated CV saved to: C:\Users\catch\Desktop\Cv Automation\outputs\02-03-26\Swedbank\Madhav_Manohar_Gopal_CV_Swedbank_Sweden.docx
2026-03-02 22:00:55,375 - CvAutomation - INFO - Replaced: 18, Added: 0, Removed: 3 bullet points
2026-03-02 22:00:55,375 - CvAutomation - DEBUG - Cleaning up trailing empty paragraphs...
2026-03-02 22:01:01,200 - CvAutomation - INFO - PDF created: C:\Users\catch\Desktop\Cv Automation\outputs\02-03-26\Swedbank\Madhav_Manohar_Gopal_CV_Swedbank_Sweden.pdf
2026-03-02 22:01:01,258 - CvAutomation - INFO - Generated CV for Swedbank in Sweden
2026-03-02 22:01:05,603 - CvAutomation - INFO - PDF created: C:\Users\catch\Desktop\Cv Automation\outputs\02-03-26\Swedbank\Madhav_Manohar_Gopal_Cover_Letter_Swedbank_Sweden.pdf
2026-03-02 22:01:05,621 - CvAutomation - INFO - Generated Cover Letter for Swedbank
2026-03-02 22:02:57,339 - CvAutomation - INFO - Updated CV saved to: C:\Users\catch\Desktop\Cv Automation\outputs\02-03-26\Paradox\Madhav_Manohar_Gopal_CV_Paradox_Sweden.docx
2026-03-02 22:02:57,339 - CvAutomation - INFO - Replaced: 18, Added: 0, Removed: 3 bullet points
2026-03-02 22:02:57,340 - CvAutomation - DEBUG - Cleaning up trailing empty paragraphs...
2026-03-02 22:03:03,185 - CvAutomation - INFO - PDF created: C:\Users\catch\Desktop\Cv Automation\outputs\02-03-26\Paradox\Madhav_Manohar_Gopal_CV_Paradox_Sweden.pdf
2026-03-02 22:03:03,255 - CvAutomation - INFO - Generated CV for Paradox in Sweden
2026-03-02 22:03:07,630 - CvAutomation - INFO - PDF created: C:\Users\catch\Desktop\Cv Automation\outputs\02-03-26\Paradox\Madhav_Manohar_Gopal_Cover_Letter_Paradox_Sweden.pdf
2026-03-02 22:03:07,668 - CvAutomation - INFO - Generated Cover Letter for Paradox
2026-03-02 22:04:24,405 - CvAutomation - INFO - PDF created: C:\Users\catch\Desktop\Cv Automation\outputs\02-03-26\Paradox\Madhav_Manohar_Gopal_Cover_Letter_Paradox_Sweden.pdf
2026-03-02 22:04:24,425 - CvAutomation - INFO - Generated Cover Letter for Paradox
2026-03-02 22:17:20,427 - CvAutomation - INFO - Updated CV saved to: C:\Users\catch\Desktop\Cv Automation\outputs\02-03-26\Opera\Madhav_Manohar_Gopal_CV_Opera_Norway.docx
2026-03-02 22:17:20,428 - CvAutomation - INFO - Replaced: 19, Added: 0, Removed: 2 bullet points
2026-03-02 22:17:20,428 - CvAutomation - DEBUG - Cleaning up trailing empty paragraphs...
2026-03-02 22:17:24,996 - CvAutomation - INFO - PDF created: C:\Users\catch\Desktop\Cv Automation\outputs\02-03-26\Opera\Madhav_Manohar_Gopal_CV_Opera_Norway.pdf
2026-03-02 22:17:25,063 - CvAutomation - INFO - Generated CV for Opera in Norway
2026-03-02 22:17:29,534 - CvAutomation - INFO - PDF created: C:\Users\catch\Desktop\Cv Automation\outputs\02-03-26\Opera\Madhav_Manohar_Gopal_Cover_Letter_Opera_Norway.pdf
2026-03-02 22:17:29,575 - CvAutomation - INFO - Generated Cover Letter for Opera
2026-03-02 22:25:29,193 - CvAutomation - INFO - Updated CV saved to: C:\Users\catch\Desktop\Cv Automation\outputs\02-03-26\Sweetspot\Madhav_Manohar_Gopal_CV_Sweetspot_Sweden.docx
2026-03-02 22:25:29,194 - CvAutomation - INFO - Replaced: 18, Added: 0, Removed: 3 bullet points
2026-03-02 22:25:29,194 - CvAutomation - DEBUG - Cleaning up trailing empty paragraphs...
2026-03-02 22:25:35,242 - CvAutomation - INFO - PDF created: C:\Users\catch\Desktop\Cv Automation\outputs\02-03-26\Sweetspot\Madhav_Manohar_Gopal_CV_Sweetspot_Sweden.pdf
2026-03-02 22:25:35,323 - CvAutomation - INFO - Generated CV for Sweetspot in Sweden
2026-03-02 22:25:41,090 - CvAutomation - INFO - PDF created: C:\Users\catch\Desktop\Cv Automation\outputs\02-03-26\Sweetspot\Madhav_Manohar_Gopal_Cover_Letter_Sweetspot_Sweden.pdf
2026-03-02 22:25:41,123 - CvAutomation - INFO - Generated Cover Letter for Sweetspot
