2026-04-28 15:54:44,880 - CvAutomation - INFO - Updated CV saved to: C:\Users\catch\Desktop\Cv Automation\outputs\28-04-26\Manpower\Madhav_Manohar_Gopal_CV_Manpower_Ireland.docx
2026-04-28 15:54:44,881 - CvAutomation - INFO - Replaced: 21, Added: 4, Removed: 0 bullet points
2026-04-28 15:54:44,881 - CvAutomation - DEBUG - Cleaning up trailing empty paragraphs...
2026-04-28 15:54:52,140 - CvAutomation - INFO - PDF created: C:\Users\catch\Desktop\Cv Automation\outputs\28-04-26\Manpower\Madhav_Manohar_Gopal_CV_Manpower_Ireland.pdf
2026-04-28 15:54:52,299 - CvAutomation - INFO - Generated CV for Manpower in Ireland
2026-04-28 16:37:01,636 - CvAutomation - INFO - Updated CV saved to: C:\Users\catch\Desktop\Cv Automation\outputs\28-04-26\Airapps\Madhav_Manohar_Gopal_CV_Airapps_Ireland.docx
2026-04-28 16:37:01,637 - CvAutomation - INFO - Replaced: 21, Added: 3, Removed: 0 bullet points
2026-04-28 16:37:01,637 - CvAutomation - DEBUG - Cleaning up trailing empty paragraphs...
2026-04-28 16:37:07,855 - CvAutomation - INFO - PDF created: C:\Users\catch\Desktop\Cv Automation\outputs\28-04-26\Airapps\Madhav_Manohar_Gopal_CV_Airapps_Ireland.pdf
2026-04-28 16:37:07,965 - CvAutomation - INFO - Generated CV for Airapps in Ireland
2026-04-28 16:40:56,996 - CvAutomation - INFO - Updated CV saved to: C:\Users\catch\Desktop\Cv Automation\outputs\28-04-26\Pavilion_Recruitment_Solutions\Madhav_Manohar_Gopal_CV_Pavilion_Recruitment_Solutions_Ireland.docx
2026-04-28 16:40:56,996 - CvAutomation - INFO - Replaced: 21, Added: 2, Removed: 0 bullet points
2026-04-28 16:40:56,996 - CvAutomation - DEBUG - Cleaning up trailing empty paragraphs...
2026-04-28 16:41:02,801 - CvAutomation - INFO - PDF created: C:\Users\catch\Desktop\Cv Automation\outputs\28-04-26\Pavilion_Recruitment_Solutions\Madhav_Manohar_Gopal_CV_Pavilion_Recruitment_Solutions_Ireland.pdf
2026-04-28 16:41:02,897 - CvAutomation - INFO - Generated CV for Pavilion Recruitment Solutions in Ireland
2026-04-28 16:55:41,691 - CvAutomation - INFO - Updated CV saved to: C:\Users\catch\Desktop\Cv Automation\outputs\28-04-26\Dcu\Madhav_Manohar_Gopal_CV_Dcu_Ireland.docx
2026-04-28 16:55:41,691 - CvAutomation - INFO - Replaced: 19, Added: 2, Removed: 2 bullet points
2026-04-28 16:55:41,691 - CvAutomation - DEBUG - Cleaning up trailing empty paragraphs...
2026-04-28 16:55:46,109 - CvAutomation - INFO - PDF created: C:\Users\catch\Desktop\Cv Automation\outputs\28-04-26\Dcu\Madhav_Manohar_Gopal_CV_Dcu_Ireland.pdf
2026-04-28 16:55:46,204 - CvAutomation - INFO - Generated CV for Dcu in Ireland
2026-04-28 17:02:28,678 - CvAutomation - INFO - PDF created: C:\Users\catch\Desktop\Cv Automation\outputs\28-04-26\Dcu\Madhav_Manohar_Gopal_Cover_Letter_Dcu_Ireland.pdf
2026-04-28 17:02:28,717 - CvAutomation - INFO - Generated Cover Letter for Dcu
