2026-05-03 19:10:42,217 - CvAutomation - INFO - Updated CV saved to: C:\Users\catch\Desktop\Cv Automation\outputs\03-05-26\Google\Madhav_Manohar_Gopal_CV_Google_Ireland.docx
2026-05-03 19:10:42,217 - CvAutomation - INFO - Replaced: 25, Added: 3, Removed: 1 bullet points
2026-05-03 19:10:42,218 - CvAutomation - DEBUG - Cleaning up trailing empty paragraphs...
2026-05-03 19:10:50,726 - CvAutomation - INFO - PDF created: C:\Users\catch\Desktop\Cv Automation\outputs\03-05-26\Google\Madhav_Manohar_Gopal_CV_Google_Ireland.pdf
2026-05-03 19:10:50,892 - CvAutomation - INFO - Generated CV for Google in Ireland
2026-05-03 19:44:43,461 - CvAutomation - INFO - Updated CV saved to: C:\Users\catch\Desktop\Cv Automation\outputs\03-05-26\Berkley_Group\Madhav_Manohar_Gopal_CV_Berkley_Group_Ireland.docx
2026-05-03 19:44:43,461 - CvAutomation - INFO - Replaced: 25, Added: 3, Removed: 1 bullet points
2026-05-03 19:44:43,462 - CvAutomation - DEBUG - Cleaning up trailing empty paragraphs...
2026-05-03 19:44:51,169 - CvAutomation - INFO - PDF created: C:\Users\catch\Desktop\Cv Automation\outputs\03-05-26\Berkley_Group\Madhav_Manohar_Gopal_CV_Berkley_Group_Ireland.pdf
2026-05-03 19:44:51,311 - CvAutomation - INFO - Generated CV for Berkley Group in Ireland
2026-05-03 20:10:48,033 - CvAutomation - INFO - Updated CV saved to: C:\Users\catch\Desktop\Cv Automation\outputs\03-05-26\Bairesdev\Madhav_Manohar_Gopal_CV_Bairesdev_Ireland.docx
2026-05-03 20:10:48,033 - CvAutomation - INFO - Replaced: 25, Added: 2, Removed: 1 bullet points
2026-05-03 20:10:48,033 - CvAutomation - DEBUG - Cleaning up trailing empty paragraphs...
2026-05-03 20:10:54,695 - CvAutomation - INFO - PDF created: C:\Users\catch\Desktop\Cv Automation\outputs\03-05-26\Bairesdev\Madhav_Manohar_Gopal_CV_Bairesdev_Ireland.pdf
2026-05-03 20:10:54,790 - CvAutomation - INFO - Generated CV for Bairesdev in Ireland
2026-05-03 20:56:16,121 - CvAutomation - INFO - Updated CV saved to: C:\Users\catch\Desktop\Cv Automation\outputs\03-05-26\Ergo_It_Recruitment_Services\Madhav_Manohar_Gopal_CV_Ergo_It_Recruitment_Services_Ireland.docx
2026-05-03 20:56:16,121 - CvAutomation - INFO - Replaced: 24, Added: 0, Removed: 2 bullet points
2026-05-03 20:56:16,122 - CvAutomation - DEBUG - Cleaning up trailing empty paragraphs...
2026-05-03 20:56:23,060 - CvAutomation - INFO - PDF created: C:\Users\catch\Desktop\Cv Automation\outputs\03-05-26\Ergo_It_Recruitment_Services\Madhav_Manohar_Gopal_CV_Ergo_It_Recruitment_Services_Ireland.pdf
2026-05-03 20:56:23,145 - CvAutomation - INFO - Generated CV for Ergo It Recruitment Services in Ireland
