2026-04-19 09:52:22,227 - CvAutomation - INFO - Updated CV saved to: C:\Users\catch\Desktop\Cv Automation\outputs\19-04-26\Transport_Infrastructure_Ireland\Madhav_Manohar_Gopal_CV_Transport_Infrastructure_Ireland_Ireland.docx
2026-04-19 09:52:22,227 - CvAutomation - INFO - Replaced: 20, Added: 2, Removed: 1 bullet points
2026-04-19 09:52:22,228 - CvAutomation - DEBUG - Cleaning up trailing empty paragraphs...
2026-04-19 09:52:32,514 - CvAutomation - INFO - PDF created: C:\Users\catch\Desktop\Cv Automation\outputs\19-04-26\Transport_Infrastructure_Ireland\Madhav_Manohar_Gopal_CV_Transport_Infrastructure_Ireland_Ireland.pdf
2026-04-19 09:52:32,694 - CvAutomation - INFO - Generated CV for Transport Infrastructure Ireland in Ireland
2026-04-19 10:01:06,819 - CvAutomation - INFO - PDF created: C:\Users\catch\Desktop\Cv Automation\outputs\19-04-26\Transport_Infrastructure_Ireland\Madhav_Manohar_Gopal_Cover_Letter_Transport_Infrastructure_Ireland_Ireland.pdf
2026-04-19 10:01:06,879 - CvAutomation - INFO - Generated Cover Letter for Transport Infrastructure Ireland
2026-04-19 11:00:21,672 - CvAutomation - INFO - Updated CV saved to: C:\Users\catch\Desktop\Cv Automation\outputs\19-04-26\Ayvens\Madhav_Manohar_Gopal_CV_Ayvens_Ireland.docx
2026-04-19 11:00:21,673 - CvAutomation - INFO - Replaced: 20, Added: 3, Removed: 1 bullet points
2026-04-19 11:00:21,673 - CvAutomation - DEBUG - Cleaning up trailing empty paragraphs...
2026-04-19 11:00:26,221 - CvAutomation - INFO - PDF created: C:\Users\catch\Desktop\Cv Automation\outputs\19-04-26\Ayvens\Madhav_Manohar_Gopal_CV_Ayvens_Ireland.pdf
2026-04-19 11:00:26,309 - CvAutomation - INFO - Generated CV for Ayvens in Ireland
2026-04-19 11:04:57,665 - CvAutomation - INFO - PDF created: C:\Users\catch\Desktop\Cv Automation\outputs\19-04-26\Ayvens\Madhav_Manohar_Gopal_Cover_Letter_Ayvens_Ireland.pdf
2026-04-19 11:04:57,695 - CvAutomation - INFO - Generated Cover Letter for Ayvens
2026-04-19 11:11:52,967 - CvAutomation - INFO - Updated CV saved to: C:\Users\catch\Desktop\Cv Automation\outputs\19-04-26\Lex_Consultancy_Recruitment\Madhav_Manohar_Gopal_CV_Lex_Consultancy_Recruitment_Ireland.docx
2026-04-19 11:11:52,967 - CvAutomation - INFO - Replaced: 20, Added: 0, Removed: 1 bullet points
2026-04-19 11:11:52,968 - CvAutomation - DEBUG - Cleaning up trailing empty paragraphs...
2026-04-19 11:11:59,020 - CvAutomation - INFO - PDF created: C:\Users\catch\Desktop\Cv Automation\outputs\19-04-26\Lex_Consultancy_Recruitment\Madhav_Manohar_Gopal_CV_Lex_Consultancy_Recruitment_Ireland.pdf
2026-04-19 11:11:59,101 - CvAutomation - INFO - Generated CV for Lex Consultancy Recruitment in Ireland
2026-04-19 11:20:45,894 - CvAutomation - INFO - Updated CV saved to: C:\Users\catch\Desktop\Cv Automation\outputs\19-04-26\Aecom\Madhav_Manohar_Gopal_CV_Aecom_Ireland.docx
2026-04-19 11:20:45,894 - CvAutomation - INFO - Replaced: 20, Added: 6, Removed: 1 bullet points
2026-04-19 11:20:45,894 - CvAutomation - DEBUG - Cleaning up trailing empty paragraphs...
2026-04-19 11:20:51,660 - CvAutomation - INFO - PDF created: C:\Users\catch\Desktop\Cv Automation\outputs\19-04-26\Aecom\Madhav_Manohar_Gopal_CV_Aecom_Ireland.pdf
2026-04-19 11:20:51,760 - CvAutomation - INFO - Generated CV for Aecom in Ireland
2026-04-19 11:21:02,718 - CvAutomation - INFO - Updated CV saved to: C:\Users\catch\Desktop\Cv Automation\outputs\19-04-26\Aecom\Madhav_Manohar_Gopal_CV_Aecom_Ireland.docx
2026-04-19 11:21:02,718 - CvAutomation - INFO - Replaced: 20, Added: 6, Removed: 1 bullet points
2026-04-19 11:21:02,718 - CvAutomation - DEBUG - Cleaning up trailing empty paragraphs...
2026-04-19 11:21:08,468 - CvAutomation - INFO - PDF created: C:\Users\catch\Desktop\Cv Automation\outputs\19-04-26\Aecom\Madhav_Manohar_Gopal_CV_Aecom_Ireland.pdf
2026-04-19 11:21:08,551 - CvAutomation - INFO - Generated CV for Aecom in Ireland
2026-04-19 11:21:11,920 - CvAutomation - INFO - PDF created: C:\Users\catch\Desktop\Cv Automation\outputs\19-04-26\Aecom\Madhav_Manohar_Gopal_Cover_Letter_Aecom_Ireland.pdf
2026-04-19 11:21:11,953 - CvAutomation - INFO - Generated Cover Letter for Aecom
2026-04-19 11:33:02,439 - CvAutomation - INFO - Updated CV saved to: C:\Users\catch\Desktop\Cv Automation\outputs\19-04-26\Ziff_Davis\Madhav_Manohar_Gopal_CV_Ziff_Davis_Ireland.docx
2026-04-19 11:33:02,440 - CvAutomation - INFO - Replaced: 21, Added: 4, Removed: 0 bullet points
2026-04-19 11:33:02,440 - CvAutomation - DEBUG - Cleaning up trailing empty paragraphs...
2026-04-19 11:33:08,338 - CvAutomation - INFO - PDF created: C:\Users\catch\Desktop\Cv Automation\outputs\19-04-26\Ziff_Davis\Madhav_Manohar_Gopal_CV_Ziff_Davis_Ireland.pdf
2026-04-19 11:33:08,417 - CvAutomation - INFO - Generated CV for Ziff Davis in Ireland
2026-04-19 11:33:10,395 - CvAutomation - INFO - PDF created: C:\Users\catch\Desktop\Cv Automation\outputs\19-04-26\Ziff_Davis\Madhav_Manohar_Gopal_Cover_Letter_Ziff_Davis_Ireland.pdf
2026-04-19 11:33:10,426 - CvAutomation - INFO - Generated Cover Letter for Ziff Davis
2026-04-19 12:01:37,345 - CvAutomation - INFO - Updated CV saved to: C:\Users\catch\Desktop\Cv Automation\outputs\19-04-26\Hse\Madhav_Manohar_Gopal_CV_Hse_Ireland.docx
2026-04-19 12:01:37,345 - CvAutomation - INFO - Replaced: 21, Added: 8, Removed: 0 bullet points
2026-04-19 12:01:37,345 - CvAutomation - DEBUG - Cleaning up trailing empty paragraphs...
2026-04-19 12:01:42,909 - CvAutomation - INFO - PDF created: C:\Users\catch\Desktop\Cv Automation\outputs\19-04-26\Hse\Madhav_Manohar_Gopal_CV_Hse_Ireland.pdf
2026-04-19 12:01:43,081 - CvAutomation - INFO - Generated CV for Hse in Ireland
