2026-03-23 09:48:50,860 - CvAutomation - INFO - Updated CV saved to: C:\Users\catch\Desktop\Cv Automation\outputs\23-03-26\Na\Madhav_Manohar_Gopal_CV_Na_Ireland.docx
2026-03-23 09:48:50,860 - CvAutomation - INFO - Replaced: 18, Added: 1, Removed: 3 bullet points
2026-03-23 09:48:50,861 - CvAutomation - DEBUG - Cleaning up trailing empty paragraphs...
2026-03-23 09:48:58,353 - CvAutomation - INFO - PDF created: C:\Users\catch\Desktop\Cv Automation\outputs\23-03-26\Na\Madhav_Manohar_Gopal_CV_Na_Ireland.pdf
2026-03-23 09:48:58,434 - CvAutomation - INFO - Generated CV for Na in Ireland
2026-03-23 09:59:52,847 - CvAutomation - INFO - Updated CV saved to: C:\Users\catch\Desktop\Cv Automation\outputs\23-03-26\Scandic_Hotels\Madhav_Manohar_Gopal_CV_Scandic_Hotels_Sweden.docx
2026-03-23 09:59:52,847 - CvAutomation - INFO - Replaced: 20, Added: 1, Removed: 1 bullet points
2026-03-23 09:59:52,847 - CvAutomation - DEBUG - Cleaning up trailing empty paragraphs...
2026-03-23 09:59:57,241 - CvAutomation - INFO - PDF created: C:\Users\catch\Desktop\Cv Automation\outputs\23-03-26\Scandic_Hotels\Madhav_Manohar_Gopal_CV_Scandic_Hotels_Sweden.pdf
2026-03-23 09:59:57,308 - CvAutomation - INFO - Generated CV for Scandic Hotels in Sweden
2026-03-23 10:00:02,883 - CvAutomation - INFO - PDF created: C:\Users\catch\Desktop\Cv Automation\outputs\23-03-26\Scandic_Hotels\Madhav_Manohar_Gopal_Cover_Letter_Scandic_Hotels_Sweden.pdf
2026-03-23 10:00:02,916 - CvAutomation - INFO - Generated Cover Letter for Scandic Hotels
2026-03-23 10:00:59,667 - CvAutomation - INFO - PDF created: C:\Users\catch\Desktop\Cv Automation\outputs\23-03-26\Scandic_Hotels\Madhav_Manohar_Gopal_Cover_Letter_Scandic_Hotels_Sweden.pdf
2026-03-23 10:00:59,693 - CvAutomation - INFO - Generated Cover Letter for Scandic Hotels
2026-03-23 10:09:39,086 - CvAutomation - INFO - Updated CV saved to: C:\Users\catch\Desktop\Cv Automation\outputs\23-03-26\Scandic_Hotels\Madhav_Manohar_Gopal_CV_Scandic_Hotels_Sweden.docx
2026-03-23 10:09:39,086 - CvAutomation - INFO - Replaced: 20, Added: 4, Removed: 1 bullet points
2026-03-23 10:09:39,087 - CvAutomation - DEBUG - Cleaning up trailing empty paragraphs...
2026-03-23 10:09:44,868 - CvAutomation - INFO - PDF created: C:\Users\catch\Desktop\Cv Automation\outputs\23-03-26\Scandic_Hotels\Madhav_Manohar_Gopal_CV_Scandic_Hotels_Sweden.pdf
2026-03-23 10:09:44,944 - CvAutomation - INFO - Generated CV for Scandic Hotels in Sweden
2026-03-23 10:09:48,274 - CvAutomation - INFO - PDF created: C:\Users\catch\Desktop\Cv Automation\outputs\23-03-26\Scandic_Hotels\Madhav_Manohar_Gopal_Cover_Letter_Scandic_Hotels_Denmark.pdf
2026-03-23 10:09:48,308 - CvAutomation - INFO - Generated Cover Letter for Scandic Hotels
2026-03-23 10:10:41,493 - CvAutomation - INFO - Updated CV saved to: C:\Users\catch\Desktop\Cv Automation\outputs\23-03-26\Maersk\Madhav_Manohar_Gopal_CV_Maersk_Denmark.docx
2026-03-23 10:10:41,494 - CvAutomation - INFO - Replaced: 20, Added: 4, Removed: 1 bullet points
2026-03-23 10:10:41,494 - CvAutomation - DEBUG - Cleaning up trailing empty paragraphs...
2026-03-23 10:10:47,268 - CvAutomation - INFO - PDF created: C:\Users\catch\Desktop\Cv Automation\outputs\23-03-26\Maersk\Madhav_Manohar_Gopal_CV_Maersk_Denmark.pdf
2026-03-23 10:10:47,367 - CvAutomation - INFO - Generated CV for Maersk in Denmark
2026-03-23 10:10:53,014 - CvAutomation - INFO - PDF created: C:\Users\catch\Desktop\Cv Automation\outputs\23-03-26\Maersk\Madhav_Manohar_Gopal_Cover_Letter_Maersk_Denmark.pdf
2026-03-23 10:10:53,049 - CvAutomation - INFO - Generated Cover Letter for Maersk
2026-03-23 10:26:44,603 - CvAutomation - INFO - Updated CV saved to: C:\Users\catch\Desktop\Cv Automation\outputs\23-03-26\Undp\Madhav_Manohar_Gopal_CV_Undp_Denmark.docx
2026-03-23 10:26:44,604 - CvAutomation - INFO - Replaced: 20, Added: 1, Removed: 1 bullet points
2026-03-23 10:26:44,604 - CvAutomation - DEBUG - Cleaning up trailing empty paragraphs...
2026-03-23 10:26:49,250 - CvAutomation - INFO - PDF created: C:\Users\catch\Desktop\Cv Automation\outputs\23-03-26\Undp\Madhav_Manohar_Gopal_CV_Undp_Denmark.pdf
2026-03-23 10:26:49,338 - CvAutomation - INFO - Generated CV for Undp in Denmark
2026-03-23 10:26:53,681 - CvAutomation - INFO - PDF created: C:\Users\catch\Desktop\Cv Automation\outputs\23-03-26\Undp\Madhav_Manohar_Gopal_Cover_Letter_Undp_Denmark.pdf
2026-03-23 10:26:53,720 - CvAutomation - INFO - Generated Cover Letter for Undp
2026-03-23 11:05:40,429 - CvAutomation - INFO - Updated CV saved to: C:\Users\catch\Desktop\Cv Automation\outputs\23-03-26\Amazon\Madhav_Manohar_Gopal_CV_Amazon_Spain.docx
2026-03-23 11:05:40,429 - CvAutomation - INFO - Replaced: 21, Added: 0, Removed: 0 bullet points
2026-03-23 11:05:40,430 - CvAutomation - DEBUG - Cleaning up trailing empty paragraphs...
2026-03-23 11:05:46,377 - CvAutomation - INFO - PDF created: C:\Users\catch\Desktop\Cv Automation\outputs\23-03-26\Amazon\Madhav_Manohar_Gopal_CV_Amazon_Spain.pdf
2026-03-23 11:05:46,486 - CvAutomation - INFO - Generated CV for Amazon in Spain
2026-03-23 13:44:19,555 - CvAutomation - INFO - Updated CV saved to: C:\Users\catch\Desktop\Cv Automation\outputs\23-03-26\Io_Associates\Madhav_Manohar_Gopal_CV_Io_Associates_Ireland.docx
2026-03-23 13:44:19,555 - CvAutomation - INFO - Replaced: 21, Added: 3, Removed: 0 bullet points
2026-03-23 13:44:19,555 - CvAutomation - DEBUG - Cleaning up trailing empty paragraphs...
2026-03-23 13:44:25,854 - CvAutomation - INFO - PDF created: C:\Users\catch\Desktop\Cv Automation\outputs\23-03-26\Io_Associates\Madhav_Manohar_Gopal_CV_Io_Associates_Ireland.pdf
2026-03-23 13:44:25,948 - CvAutomation - INFO - Generated CV for Io Associates in Ireland
2026-03-23 13:56:23,060 - CvAutomation - INFO - Updated CV saved to: C:\Users\catch\Desktop\Cv Automation\outputs\23-03-26\Amcs_Group\Madhav_Manohar_Gopal_CV_Amcs_Group_Ireland.docx
2026-03-23 13:56:23,060 - CvAutomation - INFO - Replaced: 21, Added: 2, Removed: 0 bullet points
2026-03-23 13:56:23,060 - CvAutomation - DEBUG - Cleaning up trailing empty paragraphs...
2026-03-23 13:56:29,325 - CvAutomation - INFO - PDF created: C:\Users\catch\Desktop\Cv Automation\outputs\23-03-26\Amcs_Group\Madhav_Manohar_Gopal_CV_Amcs_Group_Ireland.pdf
2026-03-23 13:56:29,407 - CvAutomation - INFO - Generated CV for Amcs Group in Ireland
2026-03-23 13:57:01,032 - CvAutomation - INFO - PDF created: C:\Users\catch\Desktop\Cv Automation\outputs\23-03-26\Amcs_Group\Madhav_Manohar_Gopal_Cover_Letter_Amcs_Group_Ireland.pdf
2026-03-23 13:57:01,062 - CvAutomation - INFO - Generated Cover Letter for Amcs Group
2026-03-23 14:15:54,295 - CvAutomation - INFO - Updated CV saved to: C:\Users\catch\Desktop\Cv Automation\outputs\23-03-26\Rcsi_Ra\Madhav_Manohar_Gopal_CV_Rcsi_Ra_Ireland.docx
2026-03-23 14:15:54,296 - CvAutomation - INFO - Replaced: 20, Added: 3, Removed: 1 bullet points
2026-03-23 14:15:54,296 - CvAutomation - DEBUG - Cleaning up trailing empty paragraphs...
2026-03-23 14:16:01,328 - CvAutomation - INFO - PDF created: C:\Users\catch\Desktop\Cv Automation\outputs\23-03-26\Rcsi_Ra\Madhav_Manohar_Gopal_CV_Rcsi_Ra_Ireland.pdf
2026-03-23 14:16:01,473 - CvAutomation - INFO - Generated CV for Rcsi_Ra in Ireland
2026-03-23 14:16:10,654 - CvAutomation - INFO - PDF created: C:\Users\catch\Desktop\Cv Automation\outputs\23-03-26\Rcsi_Ra\Madhav_Manohar_Gopal_Cover_Letter_Rcsi_Ra_Ireland.pdf
2026-03-23 14:16:10,727 - CvAutomation - INFO - Generated Cover Letter for Rcsi_Ra
2026-03-23 14:21:30,662 - CvAutomation - INFO - Updated CV saved to: C:\Users\catch\Desktop\Cv Automation\outputs\23-03-26\Rcsi_Ra\Madhav_Manohar_Gopal_CV_Rcsi_Ra_Ireland.docx
2026-03-23 14:21:30,663 - CvAutomation - INFO - Replaced: 21, Added: 2, Removed: 0 bullet points
2026-03-23 14:21:30,663 - CvAutomation - DEBUG - Cleaning up trailing empty paragraphs...
2026-03-23 14:21:38,445 - CvAutomation - INFO - PDF created: C:\Users\catch\Desktop\Cv Automation\outputs\23-03-26\Rcsi_Ra\Madhav_Manohar_Gopal_CV_Rcsi_Ra_Ireland.pdf
2026-03-23 14:21:38,552 - CvAutomation - INFO - Generated CV for Rcsi_Ra in Ireland
2026-03-23 14:46:40,808 - CvAutomation - INFO - Updated CV saved to: C:\Users\catch\Desktop\Cv Automation\outputs\23-03-26\Rcsi_Ra\Madhav_Manohar_Gopal_CV_Rcsi_Ra_Ireland.docx
2026-03-23 14:46:40,809 - CvAutomation - INFO - Replaced: 21, Added: 4, Removed: 0 bullet points
2026-03-23 14:46:40,809 - CvAutomation - DEBUG - Cleaning up trailing empty paragraphs...
2026-03-23 14:46:45,639 - CvAutomation - INFO - PDF created: C:\Users\catch\Desktop\Cv Automation\outputs\23-03-26\Rcsi_Ra\Madhav_Manohar_Gopal_CV_Rcsi_Ra_Ireland.pdf
2026-03-23 14:46:45,796 - CvAutomation - INFO - Generated CV for Rcsi_Ra in Ireland
2026-03-23 14:46:49,817 - CvAutomation - INFO - PDF created: C:\Users\catch\Desktop\Cv Automation\outputs\23-03-26\Rcsi_Ra\Madhav_Manohar_Gopal_Cover_Letter_Rcsi_Ra_Ireland.pdf
2026-03-23 14:46:49,849 - CvAutomation - INFO - Generated Cover Letter for Rcsi_Ra
