2026-03-10 10:27:11,015 - CvAutomation - INFO - Updated CV saved to: C:\Users\catch\Desktop\Cv Automation\outputs\10-03-26\Alfa_Laval\Madhav_Manohar_Gopal_CV_Alfa_Laval_Sweden.docx
2026-03-10 10:27:11,016 - CvAutomation - INFO - Replaced: 21, Added: 0, Removed: 0 bullet points
2026-03-10 10:27:11,016 - CvAutomation - DEBUG - Cleaning up trailing empty paragraphs...
2026-03-10 10:27:18,469 - CvAutomation - INFO - PDF created: C:\Users\catch\Desktop\Cv Automation\outputs\10-03-26\Alfa_Laval\Madhav_Manohar_Gopal_CV_Alfa_Laval_Sweden.pdf
2026-03-10 10:27:18,591 - CvAutomation - INFO - Generated CV for Alfa Laval in Sweden
2026-03-10 10:27:23,594 - CvAutomation - INFO - PDF created: C:\Users\catch\Desktop\Cv Automation\outputs\10-03-26\Alfa_Laval\Madhav_Manohar_Gopal_Cover_Letter_Alfa_Laval_Sweden.pdf
2026-03-10 10:27:23,635 - CvAutomation - INFO - Generated Cover Letter for Alfa Laval
2026-03-10 10:28:37,164 - CvAutomation - INFO - Updated CV saved to: C:\Users\catch\Desktop\Cv Automation\outputs\10-03-26\Alfa_Laval\Madhav_Manohar_Gopal_CV_Alfa_Laval_Sweden.docx
2026-03-10 10:28:37,165 - CvAutomation - INFO - Replaced: 19, Added: 0, Removed: 2 bullet points
2026-03-10 10:28:37,165 - CvAutomation - DEBUG - Cleaning up trailing empty paragraphs...
2026-03-10 10:28:39,577 - CvAutomation - INFO - PDF created: C:\Users\catch\Desktop\Cv Automation\outputs\10-03-26\Alfa_Laval\Madhav_Manohar_Gopal_CV_Alfa_Laval_Sweden.pdf
2026-03-10 10:28:39,648 - CvAutomation - INFO - Generated CV for Alfa Laval in Sweden
2026-03-10 10:29:35,512 - CvAutomation - INFO - Updated CV saved to: C:\Users\catch\Desktop\Cv Automation\outputs\10-03-26\Alfa_Laval\Madhav_Manohar_Gopal_CV_Alfa_Laval_Sweden.docx
2026-03-10 10:29:35,512 - CvAutomation - INFO - Replaced: 21, Added: 1, Removed: 0 bullet points
2026-03-10 10:29:35,513 - CvAutomation - DEBUG - Cleaning up trailing empty paragraphs...
2026-03-10 10:29:37,940 - CvAutomation - INFO - PDF created: C:\Users\catch\Desktop\Cv Automation\outputs\10-03-26\Alfa_Laval\Madhav_Manohar_Gopal_CV_Alfa_Laval_Sweden.pdf
2026-03-10 10:29:38,018 - CvAutomation - INFO - Generated CV for Alfa Laval in Sweden
2026-03-10 10:30:18,297 - CvAutomation - INFO - Updated CV saved to: C:\Users\catch\Desktop\Cv Automation\outputs\10-03-26\Alfa_Laval\Madhav_Manohar_Gopal_CV_Alfa_Laval_Sweden.docx
2026-03-10 10:30:18,297 - CvAutomation - INFO - Replaced: 21, Added: 0, Removed: 0 bullet points
2026-03-10 10:30:18,297 - CvAutomation - DEBUG - Cleaning up trailing empty paragraphs...
2026-03-10 10:30:20,641 - CvAutomation - INFO - PDF created: C:\Users\catch\Desktop\Cv Automation\outputs\10-03-26\Alfa_Laval\Madhav_Manohar_Gopal_CV_Alfa_Laval_Sweden.pdf
2026-03-10 10:30:20,719 - CvAutomation - INFO - Generated CV for Alfa Laval in Sweden
2026-03-10 10:42:39,760 - CvAutomation - INFO - Updated CV saved to: C:\Users\catch\Desktop\Cv Automation\outputs\10-03-26\Flutter\Madhav_Manohar_Gopal_CV_Flutter_Ireland.docx
2026-03-10 10:42:39,760 - CvAutomation - INFO - Replaced: 21, Added: 0, Removed: 0 bullet points
2026-03-10 10:42:39,760 - CvAutomation - DEBUG - Cleaning up trailing empty paragraphs...
2026-03-10 10:42:44,706 - CvAutomation - INFO - PDF created: C:\Users\catch\Desktop\Cv Automation\outputs\10-03-26\Flutter\Madhav_Manohar_Gopal_CV_Flutter_Ireland.pdf
2026-03-10 10:42:44,817 - CvAutomation - INFO - Generated CV for Flutter in Ireland
2026-03-10 10:42:49,415 - CvAutomation - INFO - PDF created: C:\Users\catch\Desktop\Cv Automation\outputs\10-03-26\Flutter\Madhav_Manohar_Gopal_Cover_Letter_Flutter_Ireland.pdf
2026-03-10 10:42:49,452 - CvAutomation - INFO - Generated Cover Letter for Flutter
2026-03-10 14:12:00,473 - CvAutomation - INFO - Updated CV saved to: C:\Users\catch\Desktop\Cv Automation\outputs\10-03-26\Mcs\Madhav_Manohar_Gopal_CV_Mcs_Ireland.docx
2026-03-10 14:12:00,474 - CvAutomation - INFO - Replaced: 21, Added: 3, Removed: 0 bullet points
2026-03-10 14:12:00,474 - CvAutomation - DEBUG - Cleaning up trailing empty paragraphs...
2026-03-10 14:12:07,692 - CvAutomation - INFO - PDF created: C:\Users\catch\Desktop\Cv Automation\outputs\10-03-26\Mcs\Madhav_Manohar_Gopal_CV_Mcs_Ireland.pdf
2026-03-10 14:12:07,771 - CvAutomation - INFO - Generated CV for Mcs in Ireland
2026-03-10 14:12:13,718 - CvAutomation - INFO - PDF created: C:\Users\catch\Desktop\Cv Automation\outputs\10-03-26\Mcs\Madhav_Manohar_Gopal_Cover_Letter_Mcs_Ireland.pdf
2026-03-10 14:12:13,748 - CvAutomation - INFO - Generated Cover Letter for Mcs
2026-03-10 14:19:41,516 - CvAutomation - INFO - Updated CV saved to: C:\Users\catch\Desktop\Cv Automation\outputs\10-03-26\Morgan_Mckinley\Madhav_Manohar_Gopal_CV_Morgan_Mckinley_Ireland.docx
2026-03-10 14:19:41,516 - CvAutomation - INFO - Replaced: 21, Added: 2, Removed: 0 bullet points
2026-03-10 14:19:41,516 - CvAutomation - DEBUG - Cleaning up trailing empty paragraphs...
2026-03-10 14:19:43,661 - CvAutomation - INFO - PDF created: C:\Users\catch\Desktop\Cv Automation\outputs\10-03-26\Morgan_Mckinley\Madhav_Manohar_Gopal_CV_Morgan_Mckinley_Ireland.pdf
2026-03-10 14:19:43,752 - CvAutomation - INFO - Generated CV for Morgan Mckinley in Ireland
2026-03-10 14:43:09,978 - CvAutomation - INFO - Updated CV saved to: C:\Users\catch\Desktop\Cv Automation\outputs\10-03-26\Traffic_Lab\Madhav_Manohar_Gopal_CV_Traffic_Lab_Denmark.docx
2026-03-10 14:43:09,978 - CvAutomation - INFO - Replaced: 21, Added: 0, Removed: 0 bullet points
2026-03-10 14:43:09,978 - CvAutomation - DEBUG - Cleaning up trailing empty paragraphs...
2026-03-10 14:43:15,858 - CvAutomation - INFO - PDF created: C:\Users\catch\Desktop\Cv Automation\outputs\10-03-26\Traffic_Lab\Madhav_Manohar_Gopal_CV_Traffic_Lab_Denmark.pdf
2026-03-10 14:43:15,958 - CvAutomation - INFO - Generated CV for Traffic Lab in Denmark
2026-03-10 14:43:19,257 - CvAutomation - INFO - PDF created: C:\Users\catch\Desktop\Cv Automation\outputs\10-03-26\Traffic_Lab\Madhav_Manohar_Gopal_Cover_Letter_Traffic_Lab_Denmark.pdf
2026-03-10 14:43:19,284 - CvAutomation - INFO - Generated Cover Letter for Traffic Lab
2026-03-10 14:45:11,161 - CvAutomation - INFO - Updated CV saved to: C:\Users\catch\Desktop\Cv Automation\outputs\10-03-26\Traffic_Lab\Madhav_Manohar_Gopal_CV_Traffic_Lab_Denmark.docx
2026-03-10 14:45:11,162 - CvAutomation - INFO - Replaced: 21, Added: 8, Removed: 0 bullet points
2026-03-10 14:45:11,162 - CvAutomation - DEBUG - Cleaning up trailing empty paragraphs...
2026-03-10 14:45:14,604 - CvAutomation - INFO - PDF created: C:\Users\catch\Desktop\Cv Automation\outputs\10-03-26\Traffic_Lab\Madhav_Manohar_Gopal_CV_Traffic_Lab_Denmark.pdf
2026-03-10 14:45:14,688 - CvAutomation - INFO - Generated CV for Traffic Lab in Denmark
2026-03-10 14:45:40,830 - CvAutomation - INFO - Updated CV saved to: C:\Users\catch\Desktop\Cv Automation\outputs\10-03-26\Traffic_Lab\Madhav_Manohar_Gopal_CV_Traffic_Lab_Denmark.docx
2026-03-10 14:45:40,830 - CvAutomation - INFO - Replaced: 18, Added: 0, Removed: 3 bullet points
2026-03-10 14:45:40,831 - CvAutomation - DEBUG - Cleaning up trailing empty paragraphs...
2026-03-10 14:45:46,457 - CvAutomation - INFO - PDF created: C:\Users\catch\Desktop\Cv Automation\outputs\10-03-26\Traffic_Lab\Madhav_Manohar_Gopal_CV_Traffic_Lab_Denmark.pdf
2026-03-10 14:45:46,534 - CvAutomation - INFO - Generated CV for Traffic Lab in Denmark
2026-03-10 14:54:52,466 - CvAutomation - INFO - Updated CV saved to: C:\Users\catch\Desktop\Cv Automation\outputs\10-03-26\Glovo\Madhav_Manohar_Gopal_CV_Glovo_Spain.docx
2026-03-10 14:54:52,466 - CvAutomation - INFO - Replaced: 21, Added: 2, Removed: 0 bullet points
2026-03-10 14:54:52,467 - CvAutomation - DEBUG - Cleaning up trailing empty paragraphs...
2026-03-10 14:55:00,044 - CvAutomation - INFO - PDF created: C:\Users\catch\Desktop\Cv Automation\outputs\10-03-26\Glovo\Madhav_Manohar_Gopal_CV_Glovo_Spain.pdf
2026-03-10 14:55:00,209 - CvAutomation - INFO - Generated CV for Glovo in Spain
2026-03-10 15:02:36,416 - CvAutomation - INFO - Updated CV saved to: C:\Users\catch\Desktop\Cv Automation\outputs\10-03-26\Next_Ventures\Madhav_Manohar_Gopal_CV_Next_Ventures_Finland.docx
2026-03-10 15:02:36,417 - CvAutomation - INFO - Replaced: 21, Added: 2, Removed: 0 bullet points
2026-03-10 15:02:36,418 - CvAutomation - DEBUG - Cleaning up trailing empty paragraphs...
2026-03-10 15:02:44,249 - CvAutomation - INFO - PDF created: C:\Users\catch\Desktop\Cv Automation\outputs\10-03-26\Next_Ventures\Madhav_Manohar_Gopal_CV_Next_Ventures_Finland.pdf
2026-03-10 15:02:44,409 - CvAutomation - INFO - Generated CV for Next Ventures in Finland
