2026-04-02 21:24:39,439 - CvAutomation - INFO - Updated CV saved to: C:\Users\catch\Desktop\Cv Automation\outputs\02-04-26\Sterling_Engineering_Ltd_-_Ireland_&_Europe\Madhav_Manohar_Gopal_CV_Sterling_Engineering_Ltd_-_Ireland_&_Europe_Ireland.docx
2026-04-02 21:24:39,439 - CvAutomation - INFO - Replaced: 19, Added: 1, Removed: 2 bullet points
2026-04-02 21:24:39,439 - CvAutomation - DEBUG - Cleaning up trailing empty paragraphs...
2026-04-02 21:24:47,035 - CvAutomation - INFO - PDF created: C:\Users\catch\Desktop\Cv Automation\outputs\02-04-26\Sterling_Engineering_Ltd_-_Ireland_&_Europe\Madhav_Manohar_Gopal_CV_Sterling_Engineering_Ltd_-_Ireland_&_Europe_Ireland.pdf
2026-04-02 21:24:47,126 - CvAutomation - INFO - Generated CV for Sterling Engineering Ltd - Ireland & Europe in Ireland
2026-04-02 21:34:58,742 - CvAutomation - INFO - Updated CV saved to: C:\Users\catch\Desktop\Cv Automation\outputs\02-04-26\Fruition_Group\Madhav_Manohar_Gopal_CV_Fruition_Group_Ireland.docx
2026-04-02 21:34:58,742 - CvAutomation - INFO - Replaced: 21, Added: 7, Removed: 0 bullet points
2026-04-02 21:34:58,742 - CvAutomation - DEBUG - Cleaning up trailing empty paragraphs...
2026-04-02 21:35:04,651 - CvAutomation - INFO - PDF created: C:\Users\catch\Desktop\Cv Automation\outputs\02-04-26\Fruition_Group\Madhav_Manohar_Gopal_CV_Fruition_Group_Ireland.pdf
2026-04-02 21:35:04,752 - CvAutomation - INFO - Generated CV for Fruition Group in Ireland
2026-04-02 21:50:11,994 - CvAutomation - INFO - Updated CV saved to: C:\Users\catch\Desktop\Cv Automation\outputs\02-04-26\Wedo\Madhav_Manohar_Gopal_CV_Wedo_Ireland.docx
2026-04-02 21:50:11,994 - CvAutomation - INFO - Replaced: 20, Added: 2, Removed: 1 bullet points
2026-04-02 21:50:11,994 - CvAutomation - DEBUG - Cleaning up trailing empty paragraphs...
2026-04-02 21:50:18,737 - CvAutomation - INFO - PDF created: C:\Users\catch\Desktop\Cv Automation\outputs\02-04-26\Wedo\Madhav_Manohar_Gopal_CV_Wedo_Ireland.pdf
2026-04-02 21:50:18,816 - CvAutomation - INFO - Generated CV for Wedo in Ireland
2026-04-02 22:00:52,055 - CvAutomation - INFO - Updated CV saved to: C:\Users\catch\Desktop\Cv Automation\outputs\02-04-26\Anyfin\Madhav_Manohar_Gopal_CV_Anyfin_Sweden.docx
2026-04-02 22:00:52,056 - CvAutomation - INFO - Replaced: 20, Added: 0, Removed: 1 bullet points
2026-04-02 22:00:52,056 - CvAutomation - DEBUG - Cleaning up trailing empty paragraphs...
2026-04-02 22:00:58,060 - CvAutomation - INFO - PDF created: C:\Users\catch\Desktop\Cv Automation\outputs\02-04-26\Anyfin\Madhav_Manohar_Gopal_CV_Anyfin_Sweden.pdf
2026-04-02 22:00:58,145 - CvAutomation - INFO - Generated CV for Anyfin in Sweden
2026-04-02 22:01:03,900 - CvAutomation - INFO - PDF created: C:\Users\catch\Desktop\Cv Automation\outputs\02-04-26\Anyfin\Madhav_Manohar_Gopal_Cover_Letter_Anyfin_Sweden.pdf
2026-04-02 22:01:03,928 - CvAutomation - INFO - Generated Cover Letter for Anyfin
