2026-02-26 09:26:22,035 - CvAutomation - INFO - PDF created: C:\Users\catch\Desktop\Cv Automation\outputs\26-02-26\Konecranes\Madhav_Manohar_Gopal_Cover_Letter_Konecranes_Sweden.pdf
2026-02-26 09:26:22,116 - CvAutomation - INFO - Generated Cover Letter for Konecranes
2026-02-26 09:47:18,139 - CvAutomation - INFO - Updated CV saved to: C:\Users\catch\Desktop\Cv Automation\outputs\26-02-26\Ardmac\Madhav_Manohar_Gopal_CV_Ardmac_Ireland.docx
2026-02-26 09:47:18,139 - CvAutomation - INFO - Replaced: 20, Added: 2, Removed: 1 bullet points
2026-02-26 09:47:18,140 - CvAutomation - DEBUG - Cleaning up trailing empty paragraphs...
2026-02-26 09:47:26,430 - CvAutomation - INFO - PDF created: C:\Users\catch\Desktop\Cv Automation\outputs\26-02-26\Ardmac\Madhav_Manohar_Gopal_CV_Ardmac_Ireland.pdf
2026-02-26 09:47:26,599 - CvAutomation - INFO - Generated CV for Ardmac in Ireland
2026-02-26 09:47:32,636 - CvAutomation - INFO - PDF created: C:\Users\catch\Desktop\Cv Automation\outputs\26-02-26\Ardmac\Madhav_Manohar_Gopal_Cover_Letter_Ardmac_Ireland.pdf
2026-02-26 09:47:32,692 - CvAutomation - INFO - Generated Cover Letter for Ardmac
2026-02-26 09:54:11,458 - CvAutomation - INFO - Updated CV saved to: C:\Users\catch\Desktop\Cv Automation\outputs\26-02-26\Hibernian_Recruitment\Madhav_Manohar_Gopal_CV_Hibernian_Recruitment_Ireland.docx
2026-02-26 09:54:11,458 - CvAutomation - INFO - Replaced: 19, Added: 0, Removed: 2 bullet points
2026-02-26 09:54:11,459 - CvAutomation - DEBUG - Cleaning up trailing empty paragraphs...
2026-02-26 09:54:17,765 - CvAutomation - INFO - PDF created: C:\Users\catch\Desktop\Cv Automation\outputs\26-02-26\Hibernian_Recruitment\Madhav_Manohar_Gopal_CV_Hibernian_Recruitment_Ireland.pdf
2026-02-26 09:54:17,885 - CvAutomation - INFO - Generated CV for Hibernian Recruitment in Ireland
2026-02-26 10:13:24,135 - CvAutomation - INFO - Updated CV saved to: C:\Users\catch\Desktop\Cv Automation\outputs\26-02-26\Pobal\Madhav_Manohar_Gopal_CV_Pobal_Ireland.docx
2026-02-26 10:13:24,135 - CvAutomation - INFO - Replaced: 20, Added: 0, Removed: 1 bullet points
2026-02-26 10:13:24,136 - CvAutomation - DEBUG - Cleaning up trailing empty paragraphs...
2026-02-26 10:13:30,206 - CvAutomation - INFO - PDF created: C:\Users\catch\Desktop\Cv Automation\outputs\26-02-26\Pobal\Madhav_Manohar_Gopal_CV_Pobal_Ireland.pdf
2026-02-26 10:13:30,290 - CvAutomation - INFO - Generated CV for Pobal in Ireland
2026-02-26 10:13:36,156 - CvAutomation - INFO - PDF created: C:\Users\catch\Desktop\Cv Automation\outputs\26-02-26\Pobal\Madhav_Manohar_Gopal_Cover_Letter_Pobal_Ireland.pdf
2026-02-26 10:13:36,200 - CvAutomation - INFO - Generated Cover Letter for Pobal
2026-02-26 10:16:50,340 - CvAutomation - INFO - Updated CV saved to: C:\Users\catch\Desktop\Cv Automation\outputs\26-02-26\Pobal\Madhav_Manohar_Gopal_CV_Pobal_Ireland.docx
2026-02-26 10:16:50,340 - CvAutomation - INFO - Replaced: 21, Added: 3, Removed: 0 bullet points
2026-02-26 10:16:50,340 - CvAutomation - DEBUG - Cleaning up trailing empty paragraphs...
2026-02-26 10:16:56,101 - CvAutomation - INFO - PDF created: C:\Users\catch\Desktop\Cv Automation\outputs\26-02-26\Pobal\Madhav_Manohar_Gopal_CV_Pobal_Ireland.pdf
2026-02-26 10:16:56,173 - CvAutomation - INFO - Generated CV for Pobal in Ireland
2026-02-26 10:21:29,580 - CvAutomation - INFO - Updated CV saved to: C:\Users\catch\Desktop\Cv Automation\outputs\26-02-26\Pobal\Madhav_Manohar_Gopal_CV_Pobal_Ireland.docx
2026-02-26 10:21:29,580 - CvAutomation - INFO - Replaced: 21, Added: 3, Removed: 0 bullet points
2026-02-26 10:21:29,580 - CvAutomation - DEBUG - Cleaning up trailing empty paragraphs...
2026-02-26 10:21:35,481 - CvAutomation - INFO - PDF created: C:\Users\catch\Desktop\Cv Automation\outputs\26-02-26\Pobal\Madhav_Manohar_Gopal_CV_Pobal_Ireland.pdf
2026-02-26 10:21:35,568 - CvAutomation - INFO - Generated CV for Pobal in Ireland
2026-02-26 10:21:39,969 - CvAutomation - INFO - PDF created: C:\Users\catch\Desktop\Cv Automation\outputs\26-02-26\Pobal\Madhav_Manohar_Gopal_Cover_Letter_Pobal_Ireland.pdf
2026-02-26 10:21:39,994 - CvAutomation - INFO - Generated Cover Letter for Pobal
2026-02-26 10:46:45,785 - CvAutomation - INFO - Updated CV saved to: C:\Users\catch\Desktop\Cv Automation\outputs\26-02-26\Strata\Madhav_Manohar_Gopal_CV_Strata_Ireland.docx
2026-02-26 10:46:45,785 - CvAutomation - INFO - Replaced: 20, Added: 5, Removed: 1 bullet points
2026-02-26 10:46:45,786 - CvAutomation - DEBUG - Cleaning up trailing empty paragraphs...
2026-02-26 10:46:52,221 - CvAutomation - INFO - PDF created: C:\Users\catch\Desktop\Cv Automation\outputs\26-02-26\Strata\Madhav_Manohar_Gopal_CV_Strata_Ireland.pdf
2026-02-26 10:46:52,379 - CvAutomation - INFO - Generated CV for Strata in Ireland
2026-02-26 10:52:45,435 - CvAutomation - INFO - Updated CV saved to: C:\Users\catch\Desktop\Cv Automation\outputs\26-02-26\Qred\Madhav_Manohar_Gopal_CV_Qred_Sweden.docx
2026-02-26 10:52:45,435 - CvAutomation - INFO - Replaced: 18, Added: 2, Removed: 3 bullet points
2026-02-26 10:52:45,435 - CvAutomation - DEBUG - Cleaning up trailing empty paragraphs...
2026-02-26 10:52:52,176 - CvAutomation - INFO - PDF created: C:\Users\catch\Desktop\Cv Automation\outputs\26-02-26\Qred\Madhav_Manohar_Gopal_CV_Qred_Sweden.pdf
2026-02-26 10:52:52,291 - CvAutomation - INFO - Generated CV for Qred in Sweden
2026-02-26 10:53:37,128 - CvAutomation - INFO - PDF created: C:\Users\catch\Desktop\Cv Automation\outputs\26-02-26\Qred\Madhav_Manohar_Gopal_Cover_Letter_Qred_Sweden.pdf
2026-02-26 10:53:37,205 - CvAutomation - INFO - Generated Cover Letter for Qred
2026-02-26 16:45:44,193 - CvAutomation - INFO - Updated CV saved to: C:\Users\catch\Desktop\Cv Automation\outputs\26-02-26\The_Recruitment_Company\Madhav_Manohar_Gopal_CV_The_Recruitment_Company_Ireland.docx
2026-02-26 16:45:44,194 - CvAutomation - INFO - Replaced: 21, Added: 2, Removed: 0 bullet points
2026-02-26 16:45:44,194 - CvAutomation - DEBUG - Cleaning up trailing empty paragraphs...
2026-02-26 16:45:59,379 - CvAutomation - INFO - PDF created: C:\Users\catch\Desktop\Cv Automation\outputs\26-02-26\The_Recruitment_Company\Madhav_Manohar_Gopal_CV_The_Recruitment_Company_Ireland.pdf
2026-02-26 16:45:59,481 - CvAutomation - INFO - Generated CV for The Recruitment Company in Ireland
2026-02-26 16:46:03,000 - CvAutomation - INFO - PDF created: C:\Users\catch\Desktop\Cv Automation\outputs\26-02-26\The_Recruitment_Company\Madhav_Manohar_Gopal_Cover_Letter_The_Recruitment_Company_Ireland.pdf
2026-02-26 16:46:03,040 - CvAutomation - INFO - Generated Cover Letter for The Recruitment Company
2026-02-26 16:53:25,321 - CvAutomation - INFO - Updated CV saved to: C:\Users\catch\Desktop\Cv Automation\outputs\26-02-26\Santander\Madhav_Manohar_Gopal_CV_Santander_Norway.docx
2026-02-26 16:53:25,321 - CvAutomation - INFO - Replaced: 21, Added: 4, Removed: 0 bullet points
2026-02-26 16:53:25,322 - CvAutomation - DEBUG - Cleaning up trailing empty paragraphs...
2026-02-26 16:53:30,034 - CvAutomation - INFO - PDF created: C:\Users\catch\Desktop\Cv Automation\outputs\26-02-26\Santander\Madhav_Manohar_Gopal_CV_Santander_Norway.pdf
2026-02-26 16:53:30,130 - CvAutomation - INFO - Generated CV for Santander in Norway
2026-02-26 16:55:46,962 - CvAutomation - INFO - Updated CV saved to: C:\Users\catch\Desktop\Cv Automation\outputs\26-02-26\Santander\Madhav_Manohar_Gopal_CV_Santander_Norway.docx
2026-02-26 16:55:46,962 - CvAutomation - INFO - Replaced: 19, Added: 0, Removed: 2 bullet points
2026-02-26 16:55:46,963 - CvAutomation - DEBUG - Cleaning up trailing empty paragraphs...
2026-02-26 16:55:50,666 - CvAutomation - INFO - PDF created: C:\Users\catch\Desktop\Cv Automation\outputs\26-02-26\Santander\Madhav_Manohar_Gopal_CV_Santander_Norway.pdf
2026-02-26 16:55:50,760 - CvAutomation - INFO - Generated CV for Santander in Norway
2026-02-26 16:56:35,952 - CvAutomation - INFO - PDF created: C:\Users\catch\Desktop\Cv Automation\outputs\26-02-26\Santander\Madhav_Manohar_Gopal_Cover_Letter_Santander_Norway.pdf
2026-02-26 16:56:35,987 - CvAutomation - INFO - Generated Cover Letter for Santander
