2026-03-05 11:53:42,560 - CvAutomation - INFO - Updated CV saved to: C:\Users\catch\Desktop\Cv Automation\outputs\05-03-26\Glovo\Madhav_Manohar_Gopal_CV_Glovo_Spain.docx
2026-03-05 11:53:42,561 - CvAutomation - INFO - Replaced: 20, Added: 0, Removed: 1 bullet points
2026-03-05 11:53:42,561 - CvAutomation - DEBUG - Cleaning up trailing empty paragraphs...
2026-03-05 11:53:46,127 - CvAutomation - INFO - PDF created: C:\Users\catch\Desktop\Cv Automation\outputs\05-03-26\Glovo\Madhav_Manohar_Gopal_CV_Glovo_Spain.pdf
2026-03-05 11:53:46,240 - CvAutomation - INFO - Generated CV for Glovo in Spain
2026-03-05 11:53:50,846 - CvAutomation - INFO - PDF created: C:\Users\catch\Desktop\Cv Automation\outputs\05-03-26\Glovo\Madhav_Manohar_Gopal_Cover_Letter_Glovo_Spain.pdf
2026-03-05 11:53:50,868 - CvAutomation - INFO - Generated Cover Letter for Glovo
2026-03-05 11:55:25,540 - CvAutomation - INFO - Updated CV saved to: C:\Users\catch\Desktop\Cv Automation\outputs\05-03-26\Glovo\Madhav_Manohar_Gopal_CV_Glovo_Spain.docx
2026-03-05 11:55:25,540 - CvAutomation - INFO - Replaced: 18, Added: 0, Removed: 3 bullet points
2026-03-05 11:55:25,540 - CvAutomation - DEBUG - Cleaning up trailing empty paragraphs...
2026-03-05 11:55:27,638 - CvAutomation - INFO - PDF created: C:\Users\catch\Desktop\Cv Automation\outputs\05-03-26\Glovo\Madhav_Manohar_Gopal_CV_Glovo_Spain.pdf
2026-03-05 11:55:27,704 - CvAutomation - INFO - Generated CV for Glovo in Spain
2026-03-05 12:04:11,537 - CvAutomation - INFO - Updated CV saved to: C:\Users\catch\Desktop\Cv Automation\outputs\05-03-26\Eurofragance_Slu\Madhav_Manohar_Gopal_CV_Eurofragance_Slu_Spain.docx
2026-03-05 12:04:11,537 - CvAutomation - INFO - Replaced: 20, Added: 0, Removed: 1 bullet points
2026-03-05 12:04:11,538 - CvAutomation - DEBUG - Cleaning up trailing empty paragraphs...
2026-03-05 12:04:15,824 - CvAutomation - INFO - PDF created: C:\Users\catch\Desktop\Cv Automation\outputs\05-03-26\Eurofragance_Slu\Madhav_Manohar_Gopal_CV_Eurofragance_Slu_Spain.pdf
2026-03-05 12:04:15,917 - CvAutomation - INFO - Generated CV for Eurofragance Slu in Spain
2026-03-05 12:04:21,562 - CvAutomation - INFO - PDF created: C:\Users\catch\Desktop\Cv Automation\outputs\05-03-26\Eurofragance_Slu\Madhav_Manohar_Gopal_Cover_Letter_Eurofragance_Slu_Spain.pdf
2026-03-05 12:04:21,592 - CvAutomation - INFO - Generated Cover Letter for Eurofragance Slu
2026-03-05 12:06:34,002 - CvAutomation - INFO - Updated CV saved to: C:\Users\catch\Desktop\Cv Automation\outputs\05-03-26\Eurofragance_Slu\Madhav_Manohar_Gopal_CV_Eurofragance_Slu_Spain.docx
2026-03-05 12:06:34,002 - CvAutomation - INFO - Replaced: 20, Added: 0, Removed: 1 bullet points
2026-03-05 12:06:34,003 - CvAutomation - DEBUG - Cleaning up trailing empty paragraphs...
2026-03-05 12:06:39,828 - CvAutomation - INFO - PDF created: C:\Users\catch\Desktop\Cv Automation\outputs\05-03-26\Eurofragance_Slu\Madhav_Manohar_Gopal_CV_Eurofragance_Slu_Spain.pdf
2026-03-05 12:06:39,897 - CvAutomation - INFO - Generated CV for Eurofragance Slu in Spain
2026-03-05 14:57:24,055 - CvAutomation - INFO - Updated CV saved to: C:\Users\catch\Desktop\Cv Automation\outputs\05-03-26\Wolt\Madhav_Manohar_Gopal_CV_Wolt_Sweden.docx
2026-03-05 14:57:24,055 - CvAutomation - INFO - Replaced: 20, Added: 0, Removed: 1 bullet points
2026-03-05 14:57:24,056 - CvAutomation - DEBUG - Cleaning up trailing empty paragraphs...
2026-03-05 14:57:30,217 - CvAutomation - INFO - PDF created: C:\Users\catch\Desktop\Cv Automation\outputs\05-03-26\Wolt\Madhav_Manohar_Gopal_CV_Wolt_Sweden.pdf
2026-03-05 14:57:30,311 - CvAutomation - INFO - Generated CV for Wolt in Sweden
2026-03-05 14:57:34,755 - CvAutomation - INFO - PDF created: C:\Users\catch\Desktop\Cv Automation\outputs\05-03-26\Wolt\Madhav_Manohar_Gopal_Cover_Letter_Wolt_Sweden.pdf
2026-03-05 14:57:34,785 - CvAutomation - INFO - Generated Cover Letter for Wolt
2026-03-05 15:18:24,902 - CvAutomation - INFO - Updated CV saved to: C:\Users\catch\Desktop\Cv Automation\outputs\05-03-26\Methodius_It_Recruitment\Madhav_Manohar_Gopal_CV_Methodius_It_Recruitment_Ireland.docx
2026-03-05 15:18:24,902 - CvAutomation - INFO - Replaced: 21, Added: 0, Removed: 0 bullet points
2026-03-05 15:18:24,903 - CvAutomation - DEBUG - Cleaning up trailing empty paragraphs...
2026-03-05 15:18:30,978 - CvAutomation - INFO - PDF created: C:\Users\catch\Desktop\Cv Automation\outputs\05-03-26\Methodius_It_Recruitment\Madhav_Manohar_Gopal_CV_Methodius_It_Recruitment_Ireland.pdf
2026-03-05 15:18:31,066 - CvAutomation - INFO - Generated CV for Methodius It Recruitment in Ireland
2026-03-05 15:36:38,336 - CvAutomation - INFO - Updated CV saved to: C:\Users\catch\Desktop\Cv Automation\outputs\05-03-26\Standab\Madhav_Manohar_Gopal_CV_Standab_Sweden.docx
2026-03-05 15:36:38,337 - CvAutomation - INFO - Replaced: 21, Added: 2, Removed: 0 bullet points
2026-03-05 15:36:38,337 - CvAutomation - DEBUG - Cleaning up trailing empty paragraphs...
2026-03-05 15:36:45,504 - CvAutomation - INFO - PDF created: C:\Users\catch\Desktop\Cv Automation\outputs\05-03-26\Standab\Madhav_Manohar_Gopal_CV_Standab_Sweden.pdf
2026-03-05 15:36:45,669 - CvAutomation - INFO - Generated CV for Standab in Sweden
2026-03-05 15:40:25,425 - CvAutomation - INFO - Updated CV saved to: C:\Users\catch\Desktop\Cv Automation\outputs\05-03-26\Standab\Madhav_Manohar_Gopal_CV_Standab_Sweden.docx
2026-03-05 15:40:25,426 - CvAutomation - INFO - Replaced: 20, Added: 1, Removed: 1 bullet points
2026-03-05 15:40:25,426 - CvAutomation - DEBUG - Cleaning up trailing empty paragraphs...
2026-03-05 15:40:34,137 - CvAutomation - INFO - PDF created: C:\Users\catch\Desktop\Cv Automation\outputs\05-03-26\Standab\Madhav_Manohar_Gopal_CV_Standab_Sweden.pdf
2026-03-05 15:40:34,251 - CvAutomation - INFO - Generated CV for Standab in Sweden
2026-03-05 15:53:50,830 - CvAutomation - INFO - Updated CV saved to: C:\Users\catch\Desktop\Cv Automation\outputs\05-03-26\Standab\Madhav_Manohar_Gopal_CV_Standab_Sweden.docx
2026-03-05 15:53:50,830 - CvAutomation - INFO - Replaced: 20, Added: 1, Removed: 1 bullet points
2026-03-05 15:53:50,831 - CvAutomation - DEBUG - Cleaning up trailing empty paragraphs...
2026-03-05 15:53:57,630 - CvAutomation - INFO - PDF created: C:\Users\catch\Desktop\Cv Automation\outputs\05-03-26\Standab\Madhav_Manohar_Gopal_CV_Standab_Sweden.pdf
2026-03-05 15:53:57,730 - CvAutomation - INFO - Generated CV for Standab in Sweden
2026-03-05 15:54:03,746 - CvAutomation - INFO - PDF created: C:\Users\catch\Desktop\Cv Automation\outputs\05-03-26\Standab\Madhav_Manohar_Gopal_Cover_Letter_Standab_Sweden.pdf
2026-03-05 15:54:03,809 - CvAutomation - INFO - Generated Cover Letter for Standab
2026-03-05 15:56:18,908 - CvAutomation - INFO - Updated CV saved to: C:\Users\catch\Desktop\Cv Automation\outputs\05-03-26\Standab\Madhav_Manohar_Gopal_CV_Standab_Sweden.docx
2026-03-05 15:56:18,909 - CvAutomation - INFO - Replaced: 19, Added: 1, Removed: 2 bullet points
2026-03-05 15:56:18,909 - CvAutomation - DEBUG - Cleaning up trailing empty paragraphs...
2026-03-05 15:56:28,114 - CvAutomation - INFO - PDF created: C:\Users\catch\Desktop\Cv Automation\outputs\05-03-26\Standab\Madhav_Manohar_Gopal_CV_Standab_Sweden.pdf
2026-03-05 15:56:28,236 - CvAutomation - INFO - Generated CV for Standab in Sweden
2026-03-05 15:58:20,157 - CvAutomation - INFO - Updated CV saved to: C:\Users\catch\Desktop\Cv Automation\outputs\05-03-26\Standab\Madhav_Manohar_Gopal_CV_Standab_Sweden.docx
2026-03-05 15:58:20,158 - CvAutomation - INFO - Replaced: 20, Added: 1, Removed: 1 bullet points
2026-03-05 15:58:20,158 - CvAutomation - DEBUG - Cleaning up trailing empty paragraphs...
2026-03-05 15:58:27,867 - CvAutomation - INFO - PDF created: C:\Users\catch\Desktop\Cv Automation\outputs\05-03-26\Standab\Madhav_Manohar_Gopal_CV_Standab_Sweden.pdf
2026-03-05 15:58:27,960 - CvAutomation - INFO - Generated CV for Standab in Sweden
