2026-05-17 11:31:15,732 - CvAutomation - INFO - Updated CV saved to: C:\Users\catch\Desktop\Cv Automation\outputs\17-05-26\Arup\Madhav_Manohar_Gopal_CV_Arup_Ireland.docx
2026-05-17 11:31:15,733 - CvAutomation - INFO - Replaced: 22, Added: 0, Removed: 4 bullet points
2026-05-17 11:31:15,733 - CvAutomation - DEBUG - Cleaning up trailing empty paragraphs...
2026-05-17 11:31:24,329 - CvAutomation - INFO - PDF created: C:\Users\catch\Desktop\Cv Automation\outputs\17-05-26\Arup\Madhav_Manohar_Gopal_CV_Arup_Ireland.pdf
2026-05-17 11:31:24,453 - CvAutomation - INFO - Generated CV for Arup in Ireland
2026-05-17 11:44:21,670 - CvAutomation - INFO - PDF created: C:\Users\catch\Desktop\Cv Automation\outputs\17-05-26\Arup\Madhav_Manohar_Gopal_Cover_Letter_Arup_Ireland.pdf
2026-05-17 11:44:21,704 - CvAutomation - INFO - Generated Cover Letter for Arup
2026-05-17 11:45:23,283 - CvAutomation - INFO - PDF created: C:\Users\catch\Desktop\Cv Automation\outputs\17-05-26\Arup\Madhav_Manohar_Gopal_Cover_Letter_Arup_Ireland.pdf
2026-05-17 11:45:23,309 - CvAutomation - INFO - Generated Cover Letter for Arup
2026-05-17 11:59:57,091 - CvAutomation - INFO - Updated CV saved to: C:\Users\catch\Desktop\Cv Automation\outputs\17-05-26\Arup\Madhav_Manohar_Gopal_CV_Arup_Ireland.docx
2026-05-17 11:59:57,091 - CvAutomation - INFO - Replaced: 20, Added: 0, Removed: 6 bullet points
2026-05-17 11:59:57,091 - CvAutomation - DEBUG - Cleaning up trailing empty paragraphs...
2026-05-17 11:59:59,507 - CvAutomation - INFO - PDF created: C:\Users\catch\Desktop\Cv Automation\outputs\17-05-26\Arup\Madhav_Manohar_Gopal_CV_Arup_Ireland.pdf
2026-05-17 11:59:59,608 - CvAutomation - INFO - Generated CV for Arup in Ireland
2026-05-17 12:00:48,761 - CvAutomation - INFO - Updated CV saved to: C:\Users\catch\Desktop\Cv Automation\outputs\17-05-26\Unijobs\Madhav_Manohar_Gopal_CV_Unijobs_Ireland.docx
2026-05-17 12:00:48,761 - CvAutomation - INFO - Replaced: 20, Added: 0, Removed: 6 bullet points
2026-05-17 12:00:48,761 - CvAutomation - DEBUG - Cleaning up trailing empty paragraphs...
2026-05-17 12:00:53,318 - CvAutomation - INFO - PDF created: C:\Users\catch\Desktop\Cv Automation\outputs\17-05-26\Unijobs\Madhav_Manohar_Gopal_CV_Unijobs_Ireland.pdf
2026-05-17 12:00:53,415 - CvAutomation - INFO - Generated CV for Unijobs in Ireland
2026-05-17 12:16:57,826 - CvAutomation - INFO - Updated CV saved to: C:\Users\catch\Desktop\Cv Automation\outputs\17-05-26\Icon_Plc\Madhav_Manohar_Gopal_CV_Icon_Plc_Ireland.docx
2026-05-17 12:16:57,826 - CvAutomation - INFO - Replaced: 22, Added: 0, Removed: 4 bullet points
2026-05-17 12:16:57,826 - CvAutomation - DEBUG - Cleaning up trailing empty paragraphs...
2026-05-17 12:17:03,289 - CvAutomation - INFO - PDF created: C:\Users\catch\Desktop\Cv Automation\outputs\17-05-26\Icon_Plc\Madhav_Manohar_Gopal_CV_Icon_Plc_Ireland.pdf
2026-05-17 12:17:03,365 - CvAutomation - INFO - Generated CV for Icon Plc in Ireland
2026-05-17 12:17:42,041 - CvAutomation - INFO - PDF created: C:\Users\catch\Desktop\Cv Automation\outputs\17-05-26\Icon_Plc\Madhav_Manohar_Gopal_Cover_Letter_Icon_Plc_Ireland.pdf
2026-05-17 12:17:42,071 - CvAutomation - INFO - Generated Cover Letter for Icon Plc
2026-05-17 12:33:06,800 - CvAutomation - INFO - Updated CV saved to: C:\Users\catch\Desktop\Cv Automation\outputs\17-05-26\Pgim_Ireland\Madhav_Manohar_Gopal_CV_Pgim_Ireland_Ireland.docx
2026-05-17 12:33:06,801 - CvAutomation - INFO - Replaced: 24, Added: 0, Removed: 2 bullet points
2026-05-17 12:33:06,801 - CvAutomation - DEBUG - Cleaning up trailing empty paragraphs...
2026-05-17 12:33:11,559 - CvAutomation - INFO - PDF created: C:\Users\catch\Desktop\Cv Automation\outputs\17-05-26\Pgim_Ireland\Madhav_Manohar_Gopal_CV_Pgim_Ireland_Ireland.pdf
2026-05-17 12:33:11,665 - CvAutomation - INFO - Generated CV for Pgim Ireland in Ireland
2026-05-17 12:37:32,994 - CvAutomation - INFO - PDF created: C:\Users\catch\Desktop\Cv Automation\outputs\17-05-26\Pgim_Ireland\Madhav_Manohar_Gopal_Cover_Letter_Pgim_Ireland_Ireland.pdf
2026-05-17 12:37:33,037 - CvAutomation - INFO - Generated Cover Letter for Pgim Ireland
2026-05-17 12:38:22,196 - CvAutomation - INFO - PDF created: C:\Users\catch\Desktop\Cv Automation\outputs\17-05-26\Pgim_Ireland\Madhav_Manohar_Gopal_Cover_Letter_Pgim_Ireland_Ireland.pdf
2026-05-17 12:38:22,216 - CvAutomation - INFO - Generated Cover Letter for Pgim Ireland
