2026-04-08 15:56:37,037 - CvAutomation - INFO - Updated CV saved to: C:\Users\catch\Desktop\Cv Automation\outputs\08-04-26\Coalesce_Management_Consulting\Madhav_Manohar_Gopal_CV_Coalesce_Management_Consulting_Denmark.docx
2026-04-08 15:56:37,038 - CvAutomation - INFO - Replaced: 19, Added: 0, Removed: 2 bullet points
2026-04-08 15:56:37,038 - CvAutomation - DEBUG - Cleaning up trailing empty paragraphs...
2026-04-08 15:56:42,412 - CvAutomation - INFO - PDF created: C:\Users\catch\Desktop\Cv Automation\outputs\08-04-26\Coalesce_Management_Consulting\Madhav_Manohar_Gopal_CV_Coalesce_Management_Consulting_Denmark.pdf
2026-04-08 15:56:42,540 - CvAutomation - INFO - Generated CV for Coalesce Management Consulting in Denmark
2026-04-08 16:02:38,224 - CvAutomation - INFO - Updated CV saved to: C:\Users\catch\Desktop\Cv Automation\outputs\08-04-26\Fruition_Group\Madhav_Manohar_Gopal_CV_Fruition_Group_Ireland.docx
2026-04-08 16:02:38,224 - CvAutomation - INFO - Replaced: 20, Added: 0, Removed: 1 bullet points
2026-04-08 16:02:38,225 - CvAutomation - DEBUG - Cleaning up trailing empty paragraphs...
2026-04-08 16:02:43,821 - CvAutomation - INFO - PDF created: C:\Users\catch\Desktop\Cv Automation\outputs\08-04-26\Fruition_Group\Madhav_Manohar_Gopal_CV_Fruition_Group_Ireland.pdf
2026-04-08 16:02:43,945 - CvAutomation - INFO - Generated CV for Fruition Group in Ireland
2026-04-08 16:04:02,537 - CvAutomation - INFO - Updated CV saved to: C:\Users\catch\Desktop\Cv Automation\outputs\08-04-26\Fruition_Group\Madhav_Manohar_Gopal_CV_Fruition_Group_Ireland.docx
2026-04-08 16:04:02,537 - CvAutomation - INFO - Replaced: 20, Added: 0, Removed: 1 bullet points
2026-04-08 16:04:02,537 - CvAutomation - DEBUG - Cleaning up trailing empty paragraphs...
2026-04-08 16:04:05,778 - CvAutomation - INFO - PDF created: C:\Users\catch\Desktop\Cv Automation\outputs\08-04-26\Fruition_Group\Madhav_Manohar_Gopal_CV_Fruition_Group_Ireland.pdf
2026-04-08 16:04:05,881 - CvAutomation - INFO - Generated CV for Fruition Group in Ireland
2026-04-08 16:11:58,682 - CvAutomation - INFO - Updated CV saved to: C:\Users\catch\Desktop\Cv Automation\outputs\08-04-26\Holafly\Madhav_Manohar_Gopal_CV_Holafly_Ireland.docx
2026-04-08 16:11:58,683 - CvAutomation - INFO - Replaced: 20, Added: 1, Removed: 1 bullet points
2026-04-08 16:11:58,683 - CvAutomation - DEBUG - Cleaning up trailing empty paragraphs...
2026-04-08 16:12:04,288 - CvAutomation - INFO - PDF created: C:\Users\catch\Desktop\Cv Automation\outputs\08-04-26\Holafly\Madhav_Manohar_Gopal_CV_Holafly_Ireland.pdf
2026-04-08 16:12:04,412 - CvAutomation - INFO - Generated CV for Holafly in Ireland
2026-04-08 16:12:27,886 - CvAutomation - INFO - PDF created: C:\Users\catch\Desktop\Cv Automation\outputs\08-04-26\Holafly\Madhav_Manohar_Gopal_Cover_Letter_Holafly_Ireland.pdf
2026-04-08 16:12:27,923 - CvAutomation - INFO - Generated Cover Letter for Holafly
2026-04-08 16:14:02,583 - CvAutomation - INFO - Updated CV saved to: C:\Users\catch\Desktop\Cv Automation\outputs\08-04-26\Holafly\Madhav_Manohar_Gopal_CV_Holafly_Ireland.docx
2026-04-08 16:14:02,584 - CvAutomation - INFO - Replaced: 20, Added: 10, Removed: 1 bullet points
2026-04-08 16:14:02,584 - CvAutomation - DEBUG - Cleaning up trailing empty paragraphs...
2026-04-08 16:14:06,994 - CvAutomation - INFO - PDF created: C:\Users\catch\Desktop\Cv Automation\outputs\08-04-26\Holafly\Madhav_Manohar_Gopal_CV_Holafly_Ireland.pdf
2026-04-08 16:14:07,115 - CvAutomation - INFO - Generated CV for Holafly in Ireland
2026-04-08 16:14:37,126 - CvAutomation - INFO - Updated CV saved to: C:\Users\catch\Desktop\Cv Automation\outputs\08-04-26\Holafly\Madhav_Manohar_Gopal_CV_Holafly_Ireland.docx
2026-04-08 16:14:37,127 - CvAutomation - INFO - Replaced: 20, Added: 3, Removed: 1 bullet points
2026-04-08 16:14:37,127 - CvAutomation - DEBUG - Cleaning up trailing empty paragraphs...
2026-04-08 16:14:41,528 - CvAutomation - INFO - PDF created: C:\Users\catch\Desktop\Cv Automation\outputs\08-04-26\Holafly\Madhav_Manohar_Gopal_CV_Holafly_Ireland.pdf
2026-04-08 16:14:41,625 - CvAutomation - INFO - Generated CV for Holafly in Ireland
2026-04-08 16:23:56,839 - CvAutomation - INFO - Updated CV saved to: C:\Users\catch\Desktop\Cv Automation\outputs\08-04-26\Nucleo\Madhav_Manohar_Gopal_CV_Nucleo_Ireland.docx
2026-04-08 16:23:56,839 - CvAutomation - INFO - Replaced: 21, Added: 2, Removed: 0 bullet points
2026-04-08 16:23:56,840 - CvAutomation - DEBUG - Cleaning up trailing empty paragraphs...
2026-04-08 16:24:03,205 - CvAutomation - INFO - PDF created: C:\Users\catch\Desktop\Cv Automation\outputs\08-04-26\Nucleo\Madhav_Manohar_Gopal_CV_Nucleo_Ireland.pdf
2026-04-08 16:24:03,291 - CvAutomation - INFO - Generated CV for Nucleo in Ireland
2026-04-08 16:24:22,465 - CvAutomation - INFO - PDF created: C:\Users\catch\Desktop\Cv Automation\outputs\08-04-26\Nucleo\Madhav_Manohar_Gopal_Cover_Letter_Nucleo_Ireland.pdf
2026-04-08 16:24:22,514 - CvAutomation - INFO - Generated Cover Letter for Nucleo
