2026-03-11 10:06:21,915 - CvAutomation - INFO - Updated CV saved to: C:\Users\catch\Desktop\Cv Automation\outputs\11-03-26\Musgrave\Madhav_Manohar_Gopal_CV_Musgrave_Ireland.docx
2026-03-11 10:06:21,916 - CvAutomation - INFO - Replaced: 20, Added: 0, Removed: 1 bullet points
2026-03-11 10:06:21,916 - CvAutomation - DEBUG - Cleaning up trailing empty paragraphs...
2026-03-11 10:06:30,386 - CvAutomation - INFO - PDF created: C:\Users\catch\Desktop\Cv Automation\outputs\11-03-26\Musgrave\Madhav_Manohar_Gopal_CV_Musgrave_Ireland.pdf
2026-03-11 10:06:30,497 - CvAutomation - INFO - Generated CV for Musgrave in Ireland
2026-03-11 10:44:57,711 - CvAutomation - INFO - Updated CV saved to: C:\Users\catch\Desktop\Cv Automation\outputs\11-03-26\Swansea_University\Madhav_Manohar_Gopal_CV_Swansea_University_Uk.docx
2026-03-11 10:44:57,712 - CvAutomation - INFO - Replaced: 20, Added: 2, Removed: 1 bullet points
2026-03-11 10:44:57,712 - CvAutomation - DEBUG - Cleaning up trailing empty paragraphs...
2026-03-11 10:45:03,537 - CvAutomation - INFO - PDF created: C:\Users\catch\Desktop\Cv Automation\outputs\11-03-26\Swansea_University\Madhav_Manohar_Gopal_CV_Swansea_University_Uk.pdf
2026-03-11 10:45:03,659 - CvAutomation - INFO - Generated CV for Swansea University in Uk
2026-03-11 10:56:49,627 - CvAutomation - INFO - PDF created: C:\Users\catch\Desktop\Cv Automation\outputs\11-03-26\Swansea_University\Madhav_Manohar_Gopal_Cover_Letter_Swansea_University_United_Kingdom.pdf
2026-03-11 10:56:49,664 - CvAutomation - INFO - Generated Cover Letter for Swansea University
2026-03-11 15:32:40,170 - CvAutomation - INFO - Updated CV saved to: C:\Users\catch\Desktop\Cv Automation\outputs\11-03-26\Icon_Plc\Madhav_Manohar_Gopal_CV_Icon_Plc_Ireland.docx
2026-03-11 15:32:40,170 - CvAutomation - INFO - Replaced: 21, Added: 1, Removed: 0 bullet points
2026-03-11 15:32:40,170 - CvAutomation - DEBUG - Cleaning up trailing empty paragraphs...
2026-03-11 15:32:48,038 - CvAutomation - INFO - PDF created: C:\Users\catch\Desktop\Cv Automation\outputs\11-03-26\Icon_Plc\Madhav_Manohar_Gopal_CV_Icon_Plc_Ireland.pdf
2026-03-11 15:32:48,133 - CvAutomation - INFO - Generated CV for Icon Plc in Ireland
2026-03-11 15:32:52,629 - CvAutomation - INFO - PDF created: C:\Users\catch\Desktop\Cv Automation\outputs\11-03-26\Icon_Plc\Madhav_Manohar_Gopal_Cover_Letter_Icon_Plc_Ireland.pdf
2026-03-11 15:32:52,654 - CvAutomation - INFO - Generated Cover Letter for Icon Plc
2026-03-11 15:50:47,194 - CvAutomation - INFO - Updated CV saved to: C:\Users\catch\Desktop\Cv Automation\outputs\11-03-26\Semco_Maritime\Madhav_Manohar_Gopal_CV_Semco_Maritime_Denmark.docx
2026-03-11 15:50:47,194 - CvAutomation - INFO - Replaced: 21, Added: 0, Removed: 0 bullet points
2026-03-11 15:50:47,194 - CvAutomation - DEBUG - Cleaning up trailing empty paragraphs...
2026-03-11 15:50:52,454 - CvAutomation - INFO - PDF created: C:\Users\catch\Desktop\Cv Automation\outputs\11-03-26\Semco_Maritime\Madhav_Manohar_Gopal_CV_Semco_Maritime_Denmark.pdf
2026-03-11 15:50:52,601 - CvAutomation - INFO - Generated CV for Semco Maritime in Denmark
2026-03-11 15:50:59,700 - CvAutomation - INFO - PDF created: C:\Users\catch\Desktop\Cv Automation\outputs\11-03-26\Semco_Maritime\Madhav_Manohar_Gopal_Cover_Letter_Semco_Maritime_Denmark.pdf
2026-03-11 15:50:59,762 - CvAutomation - INFO - Generated Cover Letter for Semco Maritime
2026-03-11 16:00:13,071 - CvAutomation - INFO - Updated CV saved to: C:\Users\catch\Desktop\Cv Automation\outputs\11-03-26\Flutter\Madhav_Manohar_Gopal_CV_Flutter_Ireland.docx
2026-03-11 16:00:13,072 - CvAutomation - INFO - Replaced: 21, Added: 2, Removed: 0 bullet points
2026-03-11 16:00:13,072 - CvAutomation - DEBUG - Cleaning up trailing empty paragraphs...
2026-03-11 16:00:20,903 - CvAutomation - INFO - PDF created: C:\Users\catch\Desktop\Cv Automation\outputs\11-03-26\Flutter\Madhav_Manohar_Gopal_CV_Flutter_Ireland.pdf
2026-03-11 16:00:21,075 - CvAutomation - INFO - Generated CV for Flutter in Ireland
2026-03-11 16:00:24,433 - CvAutomation - INFO - PDF created: C:\Users\catch\Desktop\Cv Automation\outputs\11-03-26\Flutter\Madhav_Manohar_Gopal_Cover_Letter_Flutter_Ireland.pdf
2026-03-11 16:00:24,477 - CvAutomation - INFO - Generated Cover Letter for Flutter
2026-03-11 16:03:38,699 - CvAutomation - INFO - Updated CV saved to: C:\Users\catch\Desktop\Cv Automation\outputs\11-03-26\Flutter\Madhav_Manohar_Gopal_CV_Flutter_Ireland.docx
2026-03-11 16:03:38,700 - CvAutomation - INFO - Replaced: 21, Added: 2, Removed: 0 bullet points
2026-03-11 16:03:38,700 - CvAutomation - DEBUG - Cleaning up trailing empty paragraphs...
2026-03-11 16:03:43,611 - CvAutomation - INFO - PDF created: C:\Users\catch\Desktop\Cv Automation\outputs\11-03-26\Flutter\Madhav_Manohar_Gopal_CV_Flutter_Ireland.pdf
2026-03-11 16:03:43,723 - CvAutomation - INFO - Generated CV for Flutter in Ireland
