2026-04-15 10:09:45,440 - CvAutomation - INFO - Updated CV saved to: C:\Users\catch\Desktop\Cv Automation\outputs\15-04-26\Atrium_(Emea)\Madhav_Manohar_Gopal_CV_Atrium_(Emea)_Ireland.docx
2026-04-15 10:09:45,441 - CvAutomation - INFO - Replaced: 21, Added: 4, Removed: 0 bullet points
2026-04-15 10:09:45,441 - CvAutomation - DEBUG - Cleaning up trailing empty paragraphs...
2026-04-15 10:10:05,835 - CvAutomation - INFO - PDF created: C:\Users\catch\Desktop\Cv Automation\outputs\15-04-26\Atrium_(Emea)\Madhav_Manohar_Gopal_CV_Atrium_(Emea)_Ireland.pdf
2026-04-15 10:10:05,932 - CvAutomation - INFO - Generated CV for Atrium (Emea) in Ireland
2026-04-15 11:28:57,403 - CvAutomation - INFO - Updated CV saved to: C:\Users\catch\Desktop\Cv Automation\outputs\15-04-26\National_College_Of_Ireland\Madhav_Manohar_Gopal_CV_National_College_Of_Ireland_Ireland.docx
2026-04-15 11:28:57,405 - CvAutomation - INFO - Replaced: 21, Added: 3, Removed: 0 bullet points
2026-04-15 11:28:57,406 - CvAutomation - DEBUG - Cleaning up trailing empty paragraphs...
2026-04-15 11:29:05,909 - CvAutomation - INFO - PDF created: C:\Users\catch\Desktop\Cv Automation\outputs\15-04-26\National_College_Of_Ireland\Madhav_Manohar_Gopal_CV_National_College_Of_Ireland_Ireland.pdf
2026-04-15 11:29:06,048 - CvAutomation - INFO - Generated CV for National College Of Ireland in Ireland
2026-04-15 11:31:43,949 - CvAutomation - INFO - Updated CV saved to: C:\Users\catch\Desktop\Cv Automation\outputs\15-04-26\National_College_Of_Ireland\Madhav_Manohar_Gopal_CV_National_College_Of_Ireland_Ireland.docx
2026-04-15 11:31:43,950 - CvAutomation - INFO - Replaced: 21, Added: 3, Removed: 0 bullet points
2026-04-15 11:31:43,950 - CvAutomation - DEBUG - Cleaning up trailing empty paragraphs...
2026-04-15 11:31:51,786 - CvAutomation - INFO - PDF created: C:\Users\catch\Desktop\Cv Automation\outputs\15-04-26\National_College_Of_Ireland\Madhav_Manohar_Gopal_CV_National_College_Of_Ireland_Ireland.pdf
2026-04-15 11:31:51,883 - CvAutomation - INFO - Generated CV for National College Of Ireland in Ireland
2026-04-15 11:31:57,825 - CvAutomation - INFO - PDF created: C:\Users\catch\Desktop\Cv Automation\outputs\15-04-26\National_College_Of_Ireland\Madhav_Manohar_Gopal_Cover_Letter_National_College_Of_Ireland_Ireland.pdf
2026-04-15 11:31:57,880 - CvAutomation - INFO - Generated Cover Letter for National College Of Ireland
2026-04-15 11:46:13,160 - CvAutomation - INFO - PDF created: C:\Users\catch\Desktop\Cv Automation\outputs\15-04-26\National_College_Of_Ireland\Madhav_Manohar_Gopal_Cover_Letter_National_College_Of_Ireland_Ireland.pdf
2026-04-15 11:46:13,221 - CvAutomation - INFO - Generated Cover Letter for National College Of Ireland
2026-04-15 11:55:49,943 - CvAutomation - INFO - PDF created: C:\Users\catch\Desktop\Cv Automation\outputs\15-04-26\National_College_Of_Ireland\Madhav_Manohar_Gopal_Cover_Letter_National_College_Of_Ireland_Ireland.pdf
2026-04-15 11:55:49,996 - CvAutomation - INFO - Generated Cover Letter for National College Of Ireland
2026-04-15 12:20:02,654 - CvAutomation - INFO - Updated CV saved to: C:\Users\catch\Desktop\Cv Automation\outputs\15-04-26\Eagle_Alpha\Madhav_Manohar_Gopal_CV_Eagle_Alpha_Ireland.docx
2026-04-15 12:20:02,654 - CvAutomation - INFO - Replaced: 20, Added: 0, Removed: 1 bullet points
2026-04-15 12:20:02,655 - CvAutomation - DEBUG - Cleaning up trailing empty paragraphs...
2026-04-15 12:20:09,905 - CvAutomation - INFO - PDF created: C:\Users\catch\Desktop\Cv Automation\outputs\15-04-26\Eagle_Alpha\Madhav_Manohar_Gopal_CV_Eagle_Alpha_Ireland.pdf
2026-04-15 12:20:10,067 - CvAutomation - INFO - Generated CV for Eagle Alpha in Ireland
2026-04-15 12:35:23,561 - CvAutomation - INFO - Updated CV saved to: C:\Users\catch\Desktop\Cv Automation\outputs\15-04-26\Kinetiqiq\Madhav_Manohar_Gopal_CV_Kinetiqiq_Ireland.docx
2026-04-15 12:35:23,562 - CvAutomation - INFO - Replaced: 20, Added: 2, Removed: 1 bullet points
2026-04-15 12:35:23,562 - CvAutomation - DEBUG - Cleaning up trailing empty paragraphs...
2026-04-15 12:35:30,340 - CvAutomation - INFO - PDF created: C:\Users\catch\Desktop\Cv Automation\outputs\15-04-26\Kinetiqiq\Madhav_Manohar_Gopal_CV_Kinetiqiq_Ireland.pdf
2026-04-15 12:35:30,439 - CvAutomation - INFO - Generated CV for Kinetiqiq in Ireland
2026-04-15 13:15:03,159 - CvAutomation - INFO - PDF created: C:\Users\catch\Desktop\Cv Automation\outputs\15-04-26\Kinetiqiq\Madhav_Manohar_Gopal_Cover_Letter_Kinetiqiq_Ireland.pdf
2026-04-15 13:15:03,202 - CvAutomation - INFO - Generated Cover Letter for Kinetiqiq
