2026-03-08 10:44:07,473 - CvAutomation - INFO - Updated CV saved to: C:\Users\catch\Desktop\Cv Automation\outputs\08-03-26\Musgrave\Madhav_Manohar_Gopal_CV_Musgrave_Ireland.docx
2026-03-08 10:44:07,473 - CvAutomation - INFO - Replaced: 21, Added: 2, Removed: 0 bullet points
2026-03-08 10:44:07,473 - CvAutomation - DEBUG - Cleaning up trailing empty paragraphs...
2026-03-08 10:44:12,630 - CvAutomation - INFO - PDF created: C:\Users\catch\Desktop\Cv Automation\outputs\08-03-26\Musgrave\Madhav_Manohar_Gopal_CV_Musgrave_Ireland.pdf
2026-03-08 10:44:12,764 - CvAutomation - INFO - Generated CV for Musgrave in Ireland
2026-03-08 10:44:15,216 - CvAutomation - INFO - PDF created: C:\Users\catch\Desktop\Cv Automation\outputs\08-03-26\Musgrave\Madhav_Manohar_Gopal_Cover_Letter_Musgrave_Ireland.pdf
2026-03-08 10:44:15,252 - CvAutomation - INFO - Generated Cover Letter for Musgrave
2026-03-08 10:46:00,851 - CvAutomation - INFO - Updated CV saved to: C:\Users\catch\Desktop\Cv Automation\outputs\08-03-26\Musgrave\Madhav_Manohar_Gopal_CV_Musgrave_Ireland.docx
2026-03-08 10:46:00,851 - CvAutomation - INFO - Replaced: 20, Added: 6, Removed: 1 bullet points
2026-03-08 10:46:00,851 - CvAutomation - DEBUG - Cleaning up trailing empty paragraphs...
2026-03-08 10:46:03,476 - CvAutomation - INFO - PDF created: C:\Users\catch\Desktop\Cv Automation\outputs\08-03-26\Musgrave\Madhav_Manohar_Gopal_CV_Musgrave_Ireland.pdf
2026-03-08 10:46:03,569 - CvAutomation - INFO - Generated CV for Musgrave in Ireland
2026-03-08 10:46:36,857 - CvAutomation - INFO - Updated CV saved to: C:\Users\catch\Desktop\Cv Automation\outputs\08-03-26\Musgrave\Madhav_Manohar_Gopal_CV_Musgrave_Ireland.docx
2026-03-08 10:46:36,857 - CvAutomation - INFO - Replaced: 18, Added: 0, Removed: 3 bullet points
2026-03-08 10:46:36,857 - CvAutomation - DEBUG - Cleaning up trailing empty paragraphs...
2026-03-08 10:46:41,496 - CvAutomation - INFO - PDF created: C:\Users\catch\Desktop\Cv Automation\outputs\08-03-26\Musgrave\Madhav_Manohar_Gopal_CV_Musgrave_Ireland.pdf
2026-03-08 10:46:41,571 - CvAutomation - INFO - Generated CV for Musgrave in Ireland
2026-03-08 20:32:01,771 - CvAutomation - INFO - Updated CV saved to: C:\Users\catch\Desktop\Cv Automation\outputs\08-03-26\Alva\Madhav_Manohar_Gopal_CV_Alva_Sweden.docx
2026-03-08 20:32:01,773 - CvAutomation - INFO - Replaced: 21, Added: 1, Removed: 0 bullet points
2026-03-08 20:32:01,773 - CvAutomation - DEBUG - Cleaning up trailing empty paragraphs...
2026-03-08 20:32:11,129 - CvAutomation - INFO - PDF created: C:\Users\catch\Desktop\Cv Automation\outputs\08-03-26\Alva\Madhav_Manohar_Gopal_CV_Alva_Sweden.pdf
2026-03-08 20:32:11,240 - CvAutomation - INFO - Generated CV for Alva in Sweden
2026-03-08 20:32:15,141 - CvAutomation - INFO - PDF created: C:\Users\catch\Desktop\Cv Automation\outputs\08-03-26\Alva\Madhav_Manohar_Gopal_Cover_Letter_Alva_Sweden.pdf
2026-03-08 20:32:15,184 - CvAutomation - INFO - Generated Cover Letter for Alva
2026-03-08 20:34:35,185 - CvAutomation - INFO - Updated CV saved to: C:\Users\catch\Desktop\Cv Automation\outputs\08-03-26\Alva\Madhav_Manohar_Gopal_CV_Alva_Sweden.docx
2026-03-08 20:34:35,186 - CvAutomation - INFO - Replaced: 19, Added: 1, Removed: 2 bullet points
2026-03-08 20:34:35,186 - CvAutomation - DEBUG - Cleaning up trailing empty paragraphs...
2026-03-08 20:34:39,431 - CvAutomation - INFO - PDF created: C:\Users\catch\Desktop\Cv Automation\outputs\08-03-26\Alva\Madhav_Manohar_Gopal_CV_Alva_Sweden.pdf
2026-03-08 20:34:39,549 - CvAutomation - INFO - Generated CV for Alva in Sweden
2026-03-08 20:41:54,241 - CvAutomation - INFO - PDF created: C:\Users\catch\Desktop\Cv Automation\outputs\08-03-26\Alva\Madhav_Manohar_Gopal_Cover_Letter_Alva_Sweden.pdf
2026-03-08 20:41:54,275 - CvAutomation - INFO - Generated Cover Letter for Alva
