2026-05-07 19:58:33,366 - CvAutomation - INFO - Updated CV saved to: C:\Users\catch\Desktop\Cv Automation\outputs\07-05-26\Arachas_Corporate_Brokers_Ltd\Madhav_Manohar_Gopal_CV_Arachas_Corporate_Brokers_Ltd_Ireland.docx
2026-05-07 19:58:33,366 - CvAutomation - INFO - Replaced: 22, Added: 0, Removed: 4 bullet points
2026-05-07 19:58:33,366 - CvAutomation - DEBUG - Cleaning up trailing empty paragraphs...
2026-05-07 19:58:38,572 - CvAutomation - INFO - PDF created: C:\Users\catch\Desktop\Cv Automation\outputs\07-05-26\Arachas_Corporate_Brokers_Ltd\Madhav_Manohar_Gopal_CV_Arachas_Corporate_Brokers_Ltd_Ireland.pdf
2026-05-07 19:58:38,676 - CvAutomation - INFO - Generated CV for Arachas Corporate Brokers Ltd in Ireland
2026-05-07 20:05:21,152 - CvAutomation - INFO - Updated CV saved to: C:\Users\catch\Desktop\Cv Automation\outputs\07-05-26\Tcs\Madhav_Manohar_Gopal_CV_Tcs_Ireland.docx
2026-05-07 20:05:21,153 - CvAutomation - INFO - Replaced: 26, Added: 2, Removed: 0 bullet points
2026-05-07 20:05:21,153 - CvAutomation - DEBUG - Cleaning up trailing empty paragraphs...
2026-05-07 20:05:28,821 - CvAutomation - INFO - PDF created: C:\Users\catch\Desktop\Cv Automation\outputs\07-05-26\Tcs\Madhav_Manohar_Gopal_CV_Tcs_Ireland.pdf
2026-05-07 20:05:29,015 - CvAutomation - INFO - Generated CV for Tcs in Ireland
2026-05-07 20:23:36,500 - CvAutomation - INFO - Updated CV saved to: C:\Users\catch\Desktop\Cv Automation\outputs\07-05-26\Stalis\Madhav_Manohar_Gopal_CV_Stalis_Ireland.docx
2026-05-07 20:23:36,501 - CvAutomation - INFO - Replaced: 25, Added: 3, Removed: 1 bullet points
2026-05-07 20:23:36,502 - CvAutomation - DEBUG - Cleaning up trailing empty paragraphs...
2026-05-07 20:23:43,444 - CvAutomation - INFO - PDF created: C:\Users\catch\Desktop\Cv Automation\outputs\07-05-26\Stalis\Madhav_Manohar_Gopal_CV_Stalis_Ireland.pdf
2026-05-07 20:23:43,618 - CvAutomation - INFO - Generated CV for Stalis in Ireland
2026-05-07 20:25:28,580 - CvAutomation - INFO - PDF created: C:\Users\catch\Desktop\Cv Automation\outputs\07-05-26\Stalis\Madhav_Manohar_Gopal_Cover_Letter_Stalis_Ireland.pdf
2026-05-07 20:25:28,653 - CvAutomation - INFO - Generated Cover Letter for Stalis
2026-05-07 20:32:47,450 - CvAutomation - INFO - Updated CV saved to: C:\Users\catch\Desktop\Cv Automation\outputs\07-05-26\Stalis\Madhav_Manohar_Gopal_CV_Stalis_Ireland.docx
2026-05-07 20:32:47,451 - CvAutomation - INFO - Replaced: 25, Added: 0, Removed: 1 bullet points
2026-05-07 20:32:47,451 - CvAutomation - DEBUG - Cleaning up trailing empty paragraphs...
2026-05-07 20:32:55,072 - CvAutomation - INFO - PDF created: C:\Users\catch\Desktop\Cv Automation\outputs\07-05-26\Stalis\Madhav_Manohar_Gopal_CV_Stalis_Ireland.pdf
2026-05-07 20:32:55,185 - CvAutomation - INFO - Generated CV for Stalis in Ireland
2026-05-07 20:45:14,473 - CvAutomation - INFO - Updated CV saved to: C:\Users\catch\Desktop\Cv Automation\outputs\07-05-26\Amcs_Group\Madhav_Manohar_Gopal_CV_Amcs_Group_Ireland.docx
2026-05-07 20:45:14,474 - CvAutomation - INFO - Replaced: 25, Added: 5, Removed: 1 bullet points
2026-05-07 20:45:14,474 - CvAutomation - DEBUG - Cleaning up trailing empty paragraphs...
2026-05-07 20:45:20,144 - CvAutomation - INFO - PDF created: C:\Users\catch\Desktop\Cv Automation\outputs\07-05-26\Amcs_Group\Madhav_Manohar_Gopal_CV_Amcs_Group_Ireland.pdf
2026-05-07 20:45:20,249 - CvAutomation - INFO - Generated CV for Amcs Group in Ireland
